[2025-02-22T02:28:20.397+0000] {processor.py:186} INFO - Started process (PID=4262) to work on /opt/airflow/dags/training_pipeline.py
[2025-02-22T02:28:20.398+0000] {processor.py:914} INFO - Processing file /opt/airflow/dags/training_pipeline.py for tasks to queue
[2025-02-22T02:28:20.403+0000] {logging_mixin.py:190} INFO - [2025-02-22T02:28:20.401+0000] {dagbag.py:588} INFO - Filling up the DagBag from /opt/airflow/dags/training_pipeline.py
[2025-02-22T02:28:20.407+0000] {processor.py:927} WARNING - No viable dags retrieved from /opt/airflow/dags/training_pipeline.py
[2025-02-22T02:28:20.438+0000] {processor.py:208} INFO - Processing /opt/airflow/dags/training_pipeline.py took 0.053 seconds
[2025-02-22T02:28:51.197+0000] {processor.py:186} INFO - Started process (PID=4288) to work on /opt/airflow/dags/training_pipeline.py
[2025-02-22T02:28:51.198+0000] {processor.py:914} INFO - Processing file /opt/airflow/dags/training_pipeline.py for tasks to queue
[2025-02-22T02:28:51.203+0000] {logging_mixin.py:190} INFO - [2025-02-22T02:28:51.202+0000] {dagbag.py:588} INFO - Filling up the DagBag from /opt/airflow/dags/training_pipeline.py
[2025-02-22T02:28:51.206+0000] {processor.py:927} WARNING - No viable dags retrieved from /opt/airflow/dags/training_pipeline.py
[2025-02-22T02:28:51.220+0000] {processor.py:208} INFO - Processing /opt/airflow/dags/training_pipeline.py took 0.032 seconds
[2025-02-22T02:29:21.716+0000] {processor.py:186} INFO - Started process (PID=4314) to work on /opt/airflow/dags/training_pipeline.py
[2025-02-22T02:29:21.718+0000] {processor.py:914} INFO - Processing file /opt/airflow/dags/training_pipeline.py for tasks to queue
[2025-02-22T02:29:21.719+0000] {logging_mixin.py:190} INFO - [2025-02-22T02:29:21.719+0000] {dagbag.py:588} INFO - Filling up the DagBag from /opt/airflow/dags/training_pipeline.py
[2025-02-22T02:29:21.721+0000] {processor.py:927} WARNING - No viable dags retrieved from /opt/airflow/dags/training_pipeline.py
[2025-02-22T02:29:21.736+0000] {processor.py:208} INFO - Processing /opt/airflow/dags/training_pipeline.py took 0.027 seconds
[2025-02-22T02:29:51.908+0000] {processor.py:186} INFO - Started process (PID=4340) to work on /opt/airflow/dags/training_pipeline.py
[2025-02-22T02:29:51.945+0000] {processor.py:914} INFO - Processing file /opt/airflow/dags/training_pipeline.py for tasks to queue
[2025-02-22T02:29:51.948+0000] {logging_mixin.py:190} INFO - [2025-02-22T02:29:51.948+0000] {dagbag.py:588} INFO - Filling up the DagBag from /opt/airflow/dags/training_pipeline.py
[2025-02-22T02:29:51.950+0000] {processor.py:927} WARNING - No viable dags retrieved from /opt/airflow/dags/training_pipeline.py
[2025-02-22T02:29:51.962+0000] {processor.py:208} INFO - Processing /opt/airflow/dags/training_pipeline.py took 0.060 seconds
[2025-02-22T02:30:22.428+0000] {processor.py:186} INFO - Started process (PID=4366) to work on /opt/airflow/dags/training_pipeline.py
[2025-02-22T02:30:22.429+0000] {processor.py:914} INFO - Processing file /opt/airflow/dags/training_pipeline.py for tasks to queue
[2025-02-22T02:30:22.431+0000] {logging_mixin.py:190} INFO - [2025-02-22T02:30:22.431+0000] {dagbag.py:588} INFO - Filling up the DagBag from /opt/airflow/dags/training_pipeline.py
[2025-02-22T02:30:22.433+0000] {processor.py:927} WARNING - No viable dags retrieved from /opt/airflow/dags/training_pipeline.py
[2025-02-22T02:30:22.447+0000] {processor.py:208} INFO - Processing /opt/airflow/dags/training_pipeline.py took 0.026 seconds
[2025-02-22T02:30:52.985+0000] {processor.py:186} INFO - Started process (PID=4392) to work on /opt/airflow/dags/training_pipeline.py
[2025-02-22T02:30:52.987+0000] {processor.py:914} INFO - Processing file /opt/airflow/dags/training_pipeline.py for tasks to queue
[2025-02-22T02:30:52.989+0000] {logging_mixin.py:190} INFO - [2025-02-22T02:30:52.988+0000] {dagbag.py:588} INFO - Filling up the DagBag from /opt/airflow/dags/training_pipeline.py
[2025-02-22T02:30:52.991+0000] {processor.py:927} WARNING - No viable dags retrieved from /opt/airflow/dags/training_pipeline.py
[2025-02-22T02:30:53.005+0000] {processor.py:208} INFO - Processing /opt/airflow/dags/training_pipeline.py took 0.025 seconds
[2025-02-22T02:31:23.563+0000] {processor.py:186} INFO - Started process (PID=4418) to work on /opt/airflow/dags/training_pipeline.py
[2025-02-22T02:31:23.564+0000] {processor.py:914} INFO - Processing file /opt/airflow/dags/training_pipeline.py for tasks to queue
[2025-02-22T02:31:23.566+0000] {logging_mixin.py:190} INFO - [2025-02-22T02:31:23.566+0000] {dagbag.py:588} INFO - Filling up the DagBag from /opt/airflow/dags/training_pipeline.py
[2025-02-22T02:31:23.568+0000] {processor.py:927} WARNING - No viable dags retrieved from /opt/airflow/dags/training_pipeline.py
[2025-02-22T02:31:23.581+0000] {processor.py:208} INFO - Processing /opt/airflow/dags/training_pipeline.py took 0.023 seconds
[2025-02-22T02:31:54.074+0000] {processor.py:186} INFO - Started process (PID=4445) to work on /opt/airflow/dags/training_pipeline.py
[2025-02-22T02:31:54.075+0000] {processor.py:914} INFO - Processing file /opt/airflow/dags/training_pipeline.py for tasks to queue
[2025-02-22T02:31:54.077+0000] {logging_mixin.py:190} INFO - [2025-02-22T02:31:54.077+0000] {dagbag.py:588} INFO - Filling up the DagBag from /opt/airflow/dags/training_pipeline.py
[2025-02-22T02:31:54.079+0000] {processor.py:927} WARNING - No viable dags retrieved from /opt/airflow/dags/training_pipeline.py
[2025-02-22T02:31:54.090+0000] {processor.py:208} INFO - Processing /opt/airflow/dags/training_pipeline.py took 0.023 seconds
[2025-02-22T02:32:24.418+0000] {processor.py:186} INFO - Started process (PID=4471) to work on /opt/airflow/dags/training_pipeline.py
[2025-02-22T02:32:24.419+0000] {processor.py:914} INFO - Processing file /opt/airflow/dags/training_pipeline.py for tasks to queue
[2025-02-22T02:32:24.421+0000] {logging_mixin.py:190} INFO - [2025-02-22T02:32:24.420+0000] {dagbag.py:588} INFO - Filling up the DagBag from /opt/airflow/dags/training_pipeline.py
[2025-02-22T02:32:24.422+0000] {processor.py:927} WARNING - No viable dags retrieved from /opt/airflow/dags/training_pipeline.py
[2025-02-22T02:32:24.435+0000] {processor.py:208} INFO - Processing /opt/airflow/dags/training_pipeline.py took 0.024 seconds
[2025-02-22T02:32:55.003+0000] {processor.py:186} INFO - Started process (PID=4497) to work on /opt/airflow/dags/training_pipeline.py
[2025-02-22T02:32:55.047+0000] {processor.py:914} INFO - Processing file /opt/airflow/dags/training_pipeline.py for tasks to queue
[2025-02-22T02:32:55.050+0000] {logging_mixin.py:190} INFO - [2025-02-22T02:32:55.050+0000] {dagbag.py:588} INFO - Filling up the DagBag from /opt/airflow/dags/training_pipeline.py
[2025-02-22T02:32:55.052+0000] {processor.py:927} WARNING - No viable dags retrieved from /opt/airflow/dags/training_pipeline.py
[2025-02-22T02:32:55.067+0000] {processor.py:208} INFO - Processing /opt/airflow/dags/training_pipeline.py took 0.070 seconds
[2025-02-22T02:33:25.666+0000] {processor.py:186} INFO - Started process (PID=4523) to work on /opt/airflow/dags/training_pipeline.py
[2025-02-22T02:33:25.667+0000] {processor.py:914} INFO - Processing file /opt/airflow/dags/training_pipeline.py for tasks to queue
[2025-02-22T02:33:25.669+0000] {logging_mixin.py:190} INFO - [2025-02-22T02:33:25.669+0000] {dagbag.py:588} INFO - Filling up the DagBag from /opt/airflow/dags/training_pipeline.py
[2025-02-22T02:33:25.671+0000] {processor.py:927} WARNING - No viable dags retrieved from /opt/airflow/dags/training_pipeline.py
[2025-02-22T02:33:25.683+0000] {processor.py:208} INFO - Processing /opt/airflow/dags/training_pipeline.py took 0.023 seconds
[2025-02-22T02:33:56.153+0000] {processor.py:186} INFO - Started process (PID=4549) to work on /opt/airflow/dags/training_pipeline.py
[2025-02-22T02:33:56.154+0000] {processor.py:914} INFO - Processing file /opt/airflow/dags/training_pipeline.py for tasks to queue
[2025-02-22T02:33:56.156+0000] {logging_mixin.py:190} INFO - [2025-02-22T02:33:56.156+0000] {dagbag.py:588} INFO - Filling up the DagBag from /opt/airflow/dags/training_pipeline.py
[2025-02-22T02:33:56.158+0000] {processor.py:927} WARNING - No viable dags retrieved from /opt/airflow/dags/training_pipeline.py
[2025-02-22T02:33:56.170+0000] {processor.py:208} INFO - Processing /opt/airflow/dags/training_pipeline.py took 0.023 seconds
[2025-02-22T02:34:26.500+0000] {processor.py:186} INFO - Started process (PID=4575) to work on /opt/airflow/dags/training_pipeline.py
[2025-02-22T02:34:26.501+0000] {processor.py:914} INFO - Processing file /opt/airflow/dags/training_pipeline.py for tasks to queue
[2025-02-22T02:34:26.504+0000] {logging_mixin.py:190} INFO - [2025-02-22T02:34:26.503+0000] {dagbag.py:588} INFO - Filling up the DagBag from /opt/airflow/dags/training_pipeline.py
[2025-02-22T02:34:26.506+0000] {processor.py:927} WARNING - No viable dags retrieved from /opt/airflow/dags/training_pipeline.py
[2025-02-22T02:34:26.522+0000] {processor.py:208} INFO - Processing /opt/airflow/dags/training_pipeline.py took 0.029 seconds
[2025-02-22T02:34:56.803+0000] {processor.py:186} INFO - Started process (PID=4583) to work on /opt/airflow/dags/training_pipeline.py
[2025-02-22T02:34:56.804+0000] {processor.py:914} INFO - Processing file /opt/airflow/dags/training_pipeline.py for tasks to queue
[2025-02-22T02:34:56.806+0000] {logging_mixin.py:190} INFO - [2025-02-22T02:34:56.806+0000] {dagbag.py:588} INFO - Filling up the DagBag from /opt/airflow/dags/training_pipeline.py
[2025-02-22T02:34:56.808+0000] {processor.py:927} WARNING - No viable dags retrieved from /opt/airflow/dags/training_pipeline.py
[2025-02-22T02:34:56.821+0000] {processor.py:208} INFO - Processing /opt/airflow/dags/training_pipeline.py took 0.024 seconds
[2025-02-22T02:35:27.474+0000] {processor.py:186} INFO - Started process (PID=4609) to work on /opt/airflow/dags/training_pipeline.py
[2025-02-22T02:35:27.475+0000] {processor.py:914} INFO - Processing file /opt/airflow/dags/training_pipeline.py for tasks to queue
[2025-02-22T02:35:27.477+0000] {logging_mixin.py:190} INFO - [2025-02-22T02:35:27.477+0000] {dagbag.py:588} INFO - Filling up the DagBag from /opt/airflow/dags/training_pipeline.py
[2025-02-22T02:35:27.479+0000] {processor.py:927} WARNING - No viable dags retrieved from /opt/airflow/dags/training_pipeline.py
[2025-02-22T02:35:27.492+0000] {processor.py:208} INFO - Processing /opt/airflow/dags/training_pipeline.py took 0.024 seconds
[2025-02-22T02:35:58.048+0000] {processor.py:186} INFO - Started process (PID=4635) to work on /opt/airflow/dags/training_pipeline.py
[2025-02-22T02:35:58.050+0000] {processor.py:914} INFO - Processing file /opt/airflow/dags/training_pipeline.py for tasks to queue
[2025-02-22T02:35:58.051+0000] {logging_mixin.py:190} INFO - [2025-02-22T02:35:58.051+0000] {dagbag.py:588} INFO - Filling up the DagBag from /opt/airflow/dags/training_pipeline.py
[2025-02-22T02:35:58.053+0000] {processor.py:927} WARNING - No viable dags retrieved from /opt/airflow/dags/training_pipeline.py
[2025-02-22T02:35:58.064+0000] {processor.py:208} INFO - Processing /opt/airflow/dags/training_pipeline.py took 0.022 seconds
[2025-02-22T02:36:28.607+0000] {processor.py:186} INFO - Started process (PID=4661) to work on /opt/airflow/dags/training_pipeline.py
[2025-02-22T02:36:28.657+0000] {processor.py:914} INFO - Processing file /opt/airflow/dags/training_pipeline.py for tasks to queue
[2025-02-22T02:36:28.668+0000] {logging_mixin.py:190} INFO - [2025-02-22T02:36:28.667+0000] {dagbag.py:588} INFO - Filling up the DagBag from /opt/airflow/dags/training_pipeline.py
[2025-02-22T02:36:28.678+0000] {processor.py:927} WARNING - No viable dags retrieved from /opt/airflow/dags/training_pipeline.py
[2025-02-22T02:36:28.709+0000] {processor.py:208} INFO - Processing /opt/airflow/dags/training_pipeline.py took 0.110 seconds
[2025-02-22T02:36:59.118+0000] {processor.py:186} INFO - Started process (PID=4687) to work on /opt/airflow/dags/training_pipeline.py
[2025-02-22T02:36:59.119+0000] {processor.py:914} INFO - Processing file /opt/airflow/dags/training_pipeline.py for tasks to queue
[2025-02-22T02:36:59.121+0000] {logging_mixin.py:190} INFO - [2025-02-22T02:36:59.121+0000] {dagbag.py:588} INFO - Filling up the DagBag from /opt/airflow/dags/training_pipeline.py
[2025-02-22T02:36:59.123+0000] {processor.py:927} WARNING - No viable dags retrieved from /opt/airflow/dags/training_pipeline.py
[2025-02-22T02:36:59.135+0000] {processor.py:208} INFO - Processing /opt/airflow/dags/training_pipeline.py took 0.023 seconds
[2025-02-22T02:37:29.725+0000] {processor.py:186} INFO - Started process (PID=4713) to work on /opt/airflow/dags/training_pipeline.py
[2025-02-22T02:37:29.764+0000] {processor.py:914} INFO - Processing file /opt/airflow/dags/training_pipeline.py for tasks to queue
[2025-02-22T02:37:29.769+0000] {logging_mixin.py:190} INFO - [2025-02-22T02:37:29.769+0000] {dagbag.py:588} INFO - Filling up the DagBag from /opt/airflow/dags/training_pipeline.py
[2025-02-22T02:37:29.771+0000] {processor.py:927} WARNING - No viable dags retrieved from /opt/airflow/dags/training_pipeline.py
[2025-02-22T02:37:29.783+0000] {processor.py:208} INFO - Processing /opt/airflow/dags/training_pipeline.py took 0.064 seconds
[2025-02-22T02:38:00.253+0000] {processor.py:186} INFO - Started process (PID=4739) to work on /opt/airflow/dags/training_pipeline.py
[2025-02-22T02:38:00.255+0000] {processor.py:914} INFO - Processing file /opt/airflow/dags/training_pipeline.py for tasks to queue
[2025-02-22T02:38:00.257+0000] {logging_mixin.py:190} INFO - [2025-02-22T02:38:00.257+0000] {dagbag.py:588} INFO - Filling up the DagBag from /opt/airflow/dags/training_pipeline.py
[2025-02-22T02:38:00.259+0000] {processor.py:927} WARNING - No viable dags retrieved from /opt/airflow/dags/training_pipeline.py
[2025-02-22T02:38:00.272+0000] {processor.py:208} INFO - Processing /opt/airflow/dags/training_pipeline.py took 0.024 seconds
[2025-02-22T02:38:30.815+0000] {processor.py:186} INFO - Started process (PID=4765) to work on /opt/airflow/dags/training_pipeline.py
[2025-02-22T02:38:30.816+0000] {processor.py:914} INFO - Processing file /opt/airflow/dags/training_pipeline.py for tasks to queue
[2025-02-22T02:38:30.818+0000] {logging_mixin.py:190} INFO - [2025-02-22T02:38:30.818+0000] {dagbag.py:588} INFO - Filling up the DagBag from /opt/airflow/dags/training_pipeline.py
[2025-02-22T02:38:30.820+0000] {processor.py:927} WARNING - No viable dags retrieved from /opt/airflow/dags/training_pipeline.py
[2025-02-22T02:38:30.832+0000] {processor.py:208} INFO - Processing /opt/airflow/dags/training_pipeline.py took 0.024 seconds
[2025-02-22T02:39:01.269+0000] {processor.py:186} INFO - Started process (PID=4791) to work on /opt/airflow/dags/training_pipeline.py
[2025-02-22T02:39:01.270+0000] {processor.py:914} INFO - Processing file /opt/airflow/dags/training_pipeline.py for tasks to queue
[2025-02-22T02:39:01.272+0000] {logging_mixin.py:190} INFO - [2025-02-22T02:39:01.272+0000] {dagbag.py:588} INFO - Filling up the DagBag from /opt/airflow/dags/training_pipeline.py
[2025-02-22T02:39:01.274+0000] {processor.py:927} WARNING - No viable dags retrieved from /opt/airflow/dags/training_pipeline.py
[2025-02-22T02:39:01.287+0000] {processor.py:208} INFO - Processing /opt/airflow/dags/training_pipeline.py took 0.025 seconds
[2025-02-22T02:39:31.469+0000] {processor.py:186} INFO - Started process (PID=4817) to work on /opt/airflow/dags/training_pipeline.py
[2025-02-22T02:39:31.471+0000] {processor.py:914} INFO - Processing file /opt/airflow/dags/training_pipeline.py for tasks to queue
[2025-02-22T02:39:31.473+0000] {logging_mixin.py:190} INFO - [2025-02-22T02:39:31.473+0000] {dagbag.py:588} INFO - Filling up the DagBag from /opt/airflow/dags/training_pipeline.py
[2025-02-22T02:39:31.476+0000] {processor.py:927} WARNING - No viable dags retrieved from /opt/airflow/dags/training_pipeline.py
[2025-02-22T02:39:31.490+0000] {processor.py:208} INFO - Processing /opt/airflow/dags/training_pipeline.py took 0.029 seconds
[2025-02-22T02:40:01.992+0000] {processor.py:186} INFO - Started process (PID=4843) to work on /opt/airflow/dags/training_pipeline.py
[2025-02-22T02:40:01.993+0000] {processor.py:914} INFO - Processing file /opt/airflow/dags/training_pipeline.py for tasks to queue
[2025-02-22T02:40:01.996+0000] {logging_mixin.py:190} INFO - [2025-02-22T02:40:01.995+0000] {dagbag.py:588} INFO - Filling up the DagBag from /opt/airflow/dags/training_pipeline.py
[2025-02-22T02:40:01.998+0000] {processor.py:927} WARNING - No viable dags retrieved from /opt/airflow/dags/training_pipeline.py
[2025-02-22T02:40:02.011+0000] {processor.py:208} INFO - Processing /opt/airflow/dags/training_pipeline.py took 0.026 seconds
[2025-02-22T02:40:32.499+0000] {processor.py:186} INFO - Started process (PID=4869) to work on /opt/airflow/dags/training_pipeline.py
[2025-02-22T02:40:32.500+0000] {processor.py:914} INFO - Processing file /opt/airflow/dags/training_pipeline.py for tasks to queue
[2025-02-22T02:40:32.503+0000] {logging_mixin.py:190} INFO - [2025-02-22T02:40:32.502+0000] {dagbag.py:588} INFO - Filling up the DagBag from /opt/airflow/dags/training_pipeline.py
[2025-02-22T02:40:32.504+0000] {processor.py:927} WARNING - No viable dags retrieved from /opt/airflow/dags/training_pipeline.py
[2025-02-22T02:40:32.517+0000] {processor.py:208} INFO - Processing /opt/airflow/dags/training_pipeline.py took 0.024 seconds
[2025-02-22T02:41:02.939+0000] {processor.py:186} INFO - Started process (PID=4895) to work on /opt/airflow/dags/training_pipeline.py
[2025-02-22T02:41:02.940+0000] {processor.py:914} INFO - Processing file /opt/airflow/dags/training_pipeline.py for tasks to queue
[2025-02-22T02:41:02.943+0000] {logging_mixin.py:190} INFO - [2025-02-22T02:41:02.943+0000] {dagbag.py:588} INFO - Filling up the DagBag from /opt/airflow/dags/training_pipeline.py
[2025-02-22T02:41:02.946+0000] {processor.py:927} WARNING - No viable dags retrieved from /opt/airflow/dags/training_pipeline.py
[2025-02-22T02:41:02.961+0000] {processor.py:208} INFO - Processing /opt/airflow/dags/training_pipeline.py took 0.030 seconds
[2025-02-22T02:41:33.376+0000] {processor.py:186} INFO - Started process (PID=4921) to work on /opt/airflow/dags/training_pipeline.py
[2025-02-22T02:41:33.377+0000] {processor.py:914} INFO - Processing file /opt/airflow/dags/training_pipeline.py for tasks to queue
[2025-02-22T02:41:33.379+0000] {logging_mixin.py:190} INFO - [2025-02-22T02:41:33.379+0000] {dagbag.py:588} INFO - Filling up the DagBag from /opt/airflow/dags/training_pipeline.py
[2025-02-22T02:41:33.381+0000] {processor.py:927} WARNING - No viable dags retrieved from /opt/airflow/dags/training_pipeline.py
[2025-02-22T02:41:33.395+0000] {processor.py:208} INFO - Processing /opt/airflow/dags/training_pipeline.py took 0.025 seconds
[2025-02-22T02:42:03.583+0000] {processor.py:186} INFO - Started process (PID=4932) to work on /opt/airflow/dags/training_pipeline.py
[2025-02-22T02:42:03.585+0000] {processor.py:914} INFO - Processing file /opt/airflow/dags/training_pipeline.py for tasks to queue
[2025-02-22T02:42:03.588+0000] {logging_mixin.py:190} INFO - [2025-02-22T02:42:03.588+0000] {dagbag.py:588} INFO - Filling up the DagBag from /opt/airflow/dags/training_pipeline.py
[2025-02-22T02:42:03.591+0000] {processor.py:927} WARNING - No viable dags retrieved from /opt/airflow/dags/training_pipeline.py
[2025-02-22T02:42:03.607+0000] {processor.py:208} INFO - Processing /opt/airflow/dags/training_pipeline.py took 0.033 seconds
[2025-02-22T02:42:34.257+0000] {processor.py:186} INFO - Started process (PID=4955) to work on /opt/airflow/dags/training_pipeline.py
[2025-02-22T02:42:34.258+0000] {processor.py:914} INFO - Processing file /opt/airflow/dags/training_pipeline.py for tasks to queue
[2025-02-22T02:42:34.261+0000] {logging_mixin.py:190} INFO - [2025-02-22T02:42:34.260+0000] {dagbag.py:588} INFO - Filling up the DagBag from /opt/airflow/dags/training_pipeline.py
[2025-02-22T02:42:34.263+0000] {processor.py:927} WARNING - No viable dags retrieved from /opt/airflow/dags/training_pipeline.py
[2025-02-22T02:42:34.277+0000] {processor.py:208} INFO - Processing /opt/airflow/dags/training_pipeline.py took 0.026 seconds
[2025-02-22T02:43:05.084+0000] {processor.py:186} INFO - Started process (PID=4981) to work on /opt/airflow/dags/training_pipeline.py
[2025-02-22T02:43:05.085+0000] {processor.py:914} INFO - Processing file /opt/airflow/dags/training_pipeline.py for tasks to queue
[2025-02-22T02:43:05.087+0000] {logging_mixin.py:190} INFO - [2025-02-22T02:43:05.086+0000] {dagbag.py:588} INFO - Filling up the DagBag from /opt/airflow/dags/training_pipeline.py
[2025-02-22T02:43:05.089+0000] {processor.py:927} WARNING - No viable dags retrieved from /opt/airflow/dags/training_pipeline.py
[2025-02-22T02:43:05.100+0000] {processor.py:208} INFO - Processing /opt/airflow/dags/training_pipeline.py took 0.021 seconds
[2025-02-22T02:43:35.737+0000] {processor.py:186} INFO - Started process (PID=5007) to work on /opt/airflow/dags/training_pipeline.py
[2025-02-22T02:43:35.739+0000] {processor.py:914} INFO - Processing file /opt/airflow/dags/training_pipeline.py for tasks to queue
[2025-02-22T02:43:35.741+0000] {logging_mixin.py:190} INFO - [2025-02-22T02:43:35.741+0000] {dagbag.py:588} INFO - Filling up the DagBag from /opt/airflow/dags/training_pipeline.py
[2025-02-22T02:43:35.749+0000] {processor.py:927} WARNING - No viable dags retrieved from /opt/airflow/dags/training_pipeline.py
[2025-02-22T02:43:35.764+0000] {processor.py:208} INFO - Processing /opt/airflow/dags/training_pipeline.py took 0.055 seconds
[2025-02-22T02:44:06.370+0000] {processor.py:186} INFO - Started process (PID=5033) to work on /opt/airflow/dags/training_pipeline.py
[2025-02-22T02:44:06.371+0000] {processor.py:914} INFO - Processing file /opt/airflow/dags/training_pipeline.py for tasks to queue
[2025-02-22T02:44:06.373+0000] {logging_mixin.py:190} INFO - [2025-02-22T02:44:06.373+0000] {dagbag.py:588} INFO - Filling up the DagBag from /opt/airflow/dags/training_pipeline.py
[2025-02-22T02:44:06.375+0000] {processor.py:927} WARNING - No viable dags retrieved from /opt/airflow/dags/training_pipeline.py
[2025-02-22T02:44:06.390+0000] {processor.py:208} INFO - Processing /opt/airflow/dags/training_pipeline.py took 0.027 seconds
[2025-02-22T02:44:36.915+0000] {processor.py:186} INFO - Started process (PID=5059) to work on /opt/airflow/dags/training_pipeline.py
[2025-02-22T02:44:36.917+0000] {processor.py:914} INFO - Processing file /opt/airflow/dags/training_pipeline.py for tasks to queue
[2025-02-22T02:44:36.918+0000] {logging_mixin.py:190} INFO - [2025-02-22T02:44:36.918+0000] {dagbag.py:588} INFO - Filling up the DagBag from /opt/airflow/dags/training_pipeline.py
[2025-02-22T02:44:36.920+0000] {processor.py:927} WARNING - No viable dags retrieved from /opt/airflow/dags/training_pipeline.py
[2025-02-22T02:44:36.931+0000] {processor.py:208} INFO - Processing /opt/airflow/dags/training_pipeline.py took 0.022 seconds
[2025-02-22T02:45:07.435+0000] {processor.py:186} INFO - Started process (PID=5085) to work on /opt/airflow/dags/training_pipeline.py
[2025-02-22T02:45:07.436+0000] {processor.py:914} INFO - Processing file /opt/airflow/dags/training_pipeline.py for tasks to queue
[2025-02-22T02:45:07.439+0000] {logging_mixin.py:190} INFO - [2025-02-22T02:45:07.438+0000] {dagbag.py:588} INFO - Filling up the DagBag from /opt/airflow/dags/training_pipeline.py
[2025-02-22T02:45:07.441+0000] {processor.py:927} WARNING - No viable dags retrieved from /opt/airflow/dags/training_pipeline.py
[2025-02-22T02:45:07.456+0000] {processor.py:208} INFO - Processing /opt/airflow/dags/training_pipeline.py took 0.029 seconds
[2025-02-22T02:45:37.980+0000] {processor.py:186} INFO - Started process (PID=5111) to work on /opt/airflow/dags/training_pipeline.py
[2025-02-22T02:45:38.017+0000] {processor.py:914} INFO - Processing file /opt/airflow/dags/training_pipeline.py for tasks to queue
[2025-02-22T02:45:38.020+0000] {logging_mixin.py:190} INFO - [2025-02-22T02:45:38.019+0000] {dagbag.py:588} INFO - Filling up the DagBag from /opt/airflow/dags/training_pipeline.py
[2025-02-22T02:45:38.022+0000] {processor.py:927} WARNING - No viable dags retrieved from /opt/airflow/dags/training_pipeline.py
[2025-02-22T02:45:38.033+0000] {processor.py:208} INFO - Processing /opt/airflow/dags/training_pipeline.py took 0.058 seconds
[2025-02-22T05:46:10.991+0000] {processor.py:186} INFO - Started process (PID=5137) to work on /opt/airflow/dags/training_pipeline.py
[2025-02-22T05:46:10.992+0000] {processor.py:914} INFO - Processing file /opt/airflow/dags/training_pipeline.py for tasks to queue
[2025-02-22T05:46:10.994+0000] {logging_mixin.py:190} INFO - [2025-02-22T05:46:10.994+0000] {dagbag.py:588} INFO - Filling up the DagBag from /opt/airflow/dags/training_pipeline.py
[2025-02-22T05:46:10.996+0000] {processor.py:927} WARNING - No viable dags retrieved from /opt/airflow/dags/training_pipeline.py
[2025-02-22T05:46:11.011+0000] {processor.py:208} INFO - Processing /opt/airflow/dags/training_pipeline.py took 0.026 seconds
