[2025-02-17T11:52:16.271+0000] {processor.py:186} INFO - Started process (PID=3616) to work on /opt/airflow/dags/data_pipeline.py
[2025-02-17T11:52:16.272+0000] {processor.py:914} INFO - Processing file /opt/airflow/dags/data_pipeline.py for tasks to queue
[2025-02-17T11:52:16.278+0000] {logging_mixin.py:190} INFO - [2025-02-17T11:52:16.276+0000] {dagbag.py:588} INFO - Filling up the DagBag from /opt/airflow/dags/data_pipeline.py
[2025-02-17T11:52:27.716+0000] {logging_mixin.py:190} INFO - [2025-02-17T11:52:27.715+0000] {warnings.py:109} WARNING - /home/airflow/.local/lib/python3.9/site-packages/snowflake/sqlalchemy/base.py:1068: SAWarning: The GenericFunction 'flatten' is already registered and is going to be overridden.
  functions.register_function("flatten", flatten)
[2025-02-17T11:52:30.855+0000] {processor.py:925} INFO - DAG(s) 'data_pipeline' retrieved from /opt/airflow/dags/data_pipeline.py
[2025-02-17T11:52:30.857+0000] {logging_mixin.py:190} INFO - [2025-02-17T11:52:30.856+0000] {dagbag.py:588} INFO - Filling up the DagBag from /opt/airflow/dags/data_pipeline.py
[2025-02-17T11:52:30.896+0000] {logging_mixin.py:190} INFO - [2025-02-17T11:52:30.896+0000] {processor.py:457} INFO - Running SLA Checks for data_pipeline
[2025-02-17T11:52:31.067+0000] {logging_mixin.py:190} INFO - [2025-02-17T11:52:31.067+0000] {dag.py:3239} INFO - Sync 1 DAGs
[2025-02-17T11:52:31.129+0000] {processor.py:208} INFO - Processing /opt/airflow/dags/data_pipeline.py took 14.888 seconds
[2025-02-17T11:53:01.507+0000] {processor.py:186} INFO - Started process (PID=3643) to work on /opt/airflow/dags/data_pipeline.py
[2025-02-17T11:53:01.509+0000] {processor.py:914} INFO - Processing file /opt/airflow/dags/data_pipeline.py for tasks to queue
[2025-02-17T11:53:01.513+0000] {logging_mixin.py:190} INFO - [2025-02-17T11:53:01.513+0000] {dagbag.py:588} INFO - Filling up the DagBag from /opt/airflow/dags/data_pipeline.py
[2025-02-17T11:53:04.373+0000] {logging_mixin.py:190} INFO - [2025-02-17T11:53:04.373+0000] {warnings.py:109} WARNING - /home/airflow/.local/lib/python3.9/site-packages/snowflake/sqlalchemy/base.py:1068: SAWarning: The GenericFunction 'flatten' is already registered and is going to be overridden.
  functions.register_function("flatten", flatten)
[2025-02-17T11:53:05.532+0000] {processor.py:925} INFO - DAG(s) 'data_pipeline' retrieved from /opt/airflow/dags/data_pipeline.py
[2025-02-17T11:53:05.532+0000] {logging_mixin.py:190} INFO - [2025-02-17T11:53:05.532+0000] {dagbag.py:588} INFO - Filling up the DagBag from /opt/airflow/dags/data_pipeline.py
[2025-02-17T11:53:05.549+0000] {logging_mixin.py:190} INFO - [2025-02-17T11:53:05.549+0000] {processor.py:457} INFO - Running SLA Checks for data_pipeline
[2025-02-17T11:53:05.614+0000] {logging_mixin.py:190} INFO - [2025-02-17T11:53:05.614+0000] {dag.py:3239} INFO - Sync 1 DAGs
[2025-02-17T11:53:05.651+0000] {processor.py:208} INFO - Processing /opt/airflow/dags/data_pipeline.py took 4.153 seconds
[2025-02-17T11:53:35.951+0000] {processor.py:186} INFO - Started process (PID=3675) to work on /opt/airflow/dags/data_pipeline.py
[2025-02-17T11:53:35.953+0000] {processor.py:914} INFO - Processing file /opt/airflow/dags/data_pipeline.py for tasks to queue
[2025-02-17T11:53:35.956+0000] {logging_mixin.py:190} INFO - [2025-02-17T11:53:35.955+0000] {dagbag.py:588} INFO - Filling up the DagBag from /opt/airflow/dags/data_pipeline.py
[2025-02-17T11:53:37.697+0000] {logging_mixin.py:190} INFO - [2025-02-17T11:53:37.696+0000] {warnings.py:109} WARNING - /home/airflow/.local/lib/python3.9/site-packages/snowflake/sqlalchemy/base.py:1068: SAWarning: The GenericFunction 'flatten' is already registered and is going to be overridden.
  functions.register_function("flatten", flatten)
[2025-02-17T11:53:38.784+0000] {processor.py:925} INFO - DAG(s) 'data_pipeline' retrieved from /opt/airflow/dags/data_pipeline.py
[2025-02-17T11:53:38.784+0000] {logging_mixin.py:190} INFO - [2025-02-17T11:53:38.784+0000] {dagbag.py:588} INFO - Filling up the DagBag from /opt/airflow/dags/data_pipeline.py
[2025-02-17T11:53:38.800+0000] {logging_mixin.py:190} INFO - [2025-02-17T11:53:38.800+0000] {processor.py:457} INFO - Running SLA Checks for data_pipeline
[2025-02-17T11:53:38.849+0000] {logging_mixin.py:190} INFO - [2025-02-17T11:53:38.849+0000] {dag.py:3239} INFO - Sync 1 DAGs
[2025-02-17T11:53:38.879+0000] {processor.py:208} INFO - Processing /opt/airflow/dags/data_pipeline.py took 2.935 seconds
[2025-02-17T11:54:09.798+0000] {processor.py:186} INFO - Started process (PID=3701) to work on /opt/airflow/dags/data_pipeline.py
[2025-02-17T11:54:09.836+0000] {processor.py:914} INFO - Processing file /opt/airflow/dags/data_pipeline.py for tasks to queue
[2025-02-17T11:54:09.839+0000] {logging_mixin.py:190} INFO - [2025-02-17T11:54:09.838+0000] {dagbag.py:588} INFO - Filling up the DagBag from /opt/airflow/dags/data_pipeline.py
[2025-02-17T11:54:11.711+0000] {logging_mixin.py:190} INFO - [2025-02-17T11:54:11.710+0000] {warnings.py:109} WARNING - /home/airflow/.local/lib/python3.9/site-packages/snowflake/sqlalchemy/base.py:1068: SAWarning: The GenericFunction 'flatten' is already registered and is going to be overridden.
  functions.register_function("flatten", flatten)
[2025-02-17T11:54:12.933+0000] {processor.py:925} INFO - DAG(s) 'data_pipeline' retrieved from /opt/airflow/dags/data_pipeline.py
[2025-02-17T11:54:12.935+0000] {logging_mixin.py:190} INFO - [2025-02-17T11:54:12.934+0000] {dagbag.py:588} INFO - Filling up the DagBag from /opt/airflow/dags/data_pipeline.py
[2025-02-17T11:54:12.960+0000] {logging_mixin.py:190} INFO - [2025-02-17T11:54:12.960+0000] {processor.py:457} INFO - Running SLA Checks for data_pipeline
[2025-02-17T11:54:13.029+0000] {logging_mixin.py:190} INFO - [2025-02-17T11:54:13.028+0000] {dag.py:3239} INFO - Sync 1 DAGs
[2025-02-17T11:54:13.222+0000] {processor.py:208} INFO - Processing /opt/airflow/dags/data_pipeline.py took 3.431 seconds
[2025-02-17T11:54:43.557+0000] {processor.py:186} INFO - Started process (PID=3727) to work on /opt/airflow/dags/data_pipeline.py
[2025-02-17T11:54:43.559+0000] {processor.py:914} INFO - Processing file /opt/airflow/dags/data_pipeline.py for tasks to queue
[2025-02-17T11:54:43.562+0000] {logging_mixin.py:190} INFO - [2025-02-17T11:54:43.561+0000] {dagbag.py:588} INFO - Filling up the DagBag from /opt/airflow/dags/data_pipeline.py
[2025-02-17T11:54:45.819+0000] {logging_mixin.py:190} INFO - [2025-02-17T11:54:45.818+0000] {warnings.py:109} WARNING - /home/airflow/.local/lib/python3.9/site-packages/snowflake/sqlalchemy/base.py:1068: SAWarning: The GenericFunction 'flatten' is already registered and is going to be overridden.
  functions.register_function("flatten", flatten)
[2025-02-17T11:54:47.588+0000] {processor.py:925} INFO - DAG(s) 'data_pipeline' retrieved from /opt/airflow/dags/data_pipeline.py
[2025-02-17T11:54:47.588+0000] {logging_mixin.py:190} INFO - [2025-02-17T11:54:47.588+0000] {dagbag.py:588} INFO - Filling up the DagBag from /opt/airflow/dags/data_pipeline.py
[2025-02-17T11:54:47.603+0000] {logging_mixin.py:190} INFO - [2025-02-17T11:54:47.603+0000] {processor.py:457} INFO - Running SLA Checks for data_pipeline
[2025-02-17T11:54:47.657+0000] {logging_mixin.py:190} INFO - [2025-02-17T11:54:47.657+0000] {dag.py:3239} INFO - Sync 1 DAGs
[2025-02-17T11:54:47.687+0000] {processor.py:208} INFO - Processing /opt/airflow/dags/data_pipeline.py took 3.689 seconds
[2025-02-17T11:55:18.700+0000] {processor.py:186} INFO - Started process (PID=3753) to work on /opt/airflow/dags/data_pipeline.py
[2025-02-17T11:55:18.702+0000] {processor.py:914} INFO - Processing file /opt/airflow/dags/data_pipeline.py for tasks to queue
[2025-02-17T11:55:18.704+0000] {logging_mixin.py:190} INFO - [2025-02-17T11:55:18.704+0000] {dagbag.py:588} INFO - Filling up the DagBag from /opt/airflow/dags/data_pipeline.py
[2025-02-17T11:55:20.809+0000] {logging_mixin.py:190} INFO - [2025-02-17T11:55:20.808+0000] {warnings.py:109} WARNING - /home/airflow/.local/lib/python3.9/site-packages/snowflake/sqlalchemy/base.py:1068: SAWarning: The GenericFunction 'flatten' is already registered and is going to be overridden.
  functions.register_function("flatten", flatten)
[2025-02-17T11:55:21.710+0000] {processor.py:925} INFO - DAG(s) 'data_pipeline' retrieved from /opt/airflow/dags/data_pipeline.py
[2025-02-17T11:55:21.711+0000] {logging_mixin.py:190} INFO - [2025-02-17T11:55:21.710+0000] {dagbag.py:588} INFO - Filling up the DagBag from /opt/airflow/dags/data_pipeline.py
[2025-02-17T11:55:21.727+0000] {logging_mixin.py:190} INFO - [2025-02-17T11:55:21.726+0000] {processor.py:457} INFO - Running SLA Checks for data_pipeline
[2025-02-17T11:55:21.915+0000] {logging_mixin.py:190} INFO - [2025-02-17T11:55:21.915+0000] {dag.py:3239} INFO - Sync 1 DAGs
[2025-02-17T11:55:21.943+0000] {processor.py:208} INFO - Processing /opt/airflow/dags/data_pipeline.py took 2.764 seconds
[2025-02-17T11:55:53.020+0000] {processor.py:186} INFO - Started process (PID=3780) to work on /opt/airflow/dags/data_pipeline.py
[2025-02-17T11:55:53.022+0000] {processor.py:914} INFO - Processing file /opt/airflow/dags/data_pipeline.py for tasks to queue
[2025-02-17T11:55:53.024+0000] {logging_mixin.py:190} INFO - [2025-02-17T11:55:53.024+0000] {dagbag.py:588} INFO - Filling up the DagBag from /opt/airflow/dags/data_pipeline.py
[2025-02-17T11:55:55.064+0000] {logging_mixin.py:190} INFO - [2025-02-17T11:55:55.064+0000] {warnings.py:109} WARNING - /home/airflow/.local/lib/python3.9/site-packages/snowflake/sqlalchemy/base.py:1068: SAWarning: The GenericFunction 'flatten' is already registered and is going to be overridden.
  functions.register_function("flatten", flatten)
[2025-02-17T11:55:56.387+0000] {processor.py:925} INFO - DAG(s) 'data_pipeline' retrieved from /opt/airflow/dags/data_pipeline.py
[2025-02-17T11:55:56.388+0000] {logging_mixin.py:190} INFO - [2025-02-17T11:55:56.388+0000] {dagbag.py:588} INFO - Filling up the DagBag from /opt/airflow/dags/data_pipeline.py
[2025-02-17T11:55:56.404+0000] {logging_mixin.py:190} INFO - [2025-02-17T11:55:56.404+0000] {processor.py:457} INFO - Running SLA Checks for data_pipeline
[2025-02-17T11:55:56.631+0000] {logging_mixin.py:190} INFO - [2025-02-17T11:55:56.631+0000] {dag.py:3239} INFO - Sync 1 DAGs
[2025-02-17T11:55:56.670+0000] {processor.py:208} INFO - Processing /opt/airflow/dags/data_pipeline.py took 3.659 seconds
[2025-02-17T11:56:27.115+0000] {processor.py:186} INFO - Started process (PID=3807) to work on /opt/airflow/dags/data_pipeline.py
[2025-02-17T11:56:27.116+0000] {processor.py:914} INFO - Processing file /opt/airflow/dags/data_pipeline.py for tasks to queue
[2025-02-17T11:56:27.118+0000] {logging_mixin.py:190} INFO - [2025-02-17T11:56:27.118+0000] {dagbag.py:588} INFO - Filling up the DagBag from /opt/airflow/dags/data_pipeline.py
[2025-02-17T11:56:29.004+0000] {logging_mixin.py:190} INFO - [2025-02-17T11:56:29.003+0000] {warnings.py:109} WARNING - /home/airflow/.local/lib/python3.9/site-packages/snowflake/sqlalchemy/base.py:1068: SAWarning: The GenericFunction 'flatten' is already registered and is going to be overridden.
  functions.register_function("flatten", flatten)
[2025-02-17T11:56:30.058+0000] {processor.py:925} INFO - DAG(s) 'data_pipeline' retrieved from /opt/airflow/dags/data_pipeline.py
[2025-02-17T11:56:30.058+0000] {logging_mixin.py:190} INFO - [2025-02-17T11:56:30.058+0000] {dagbag.py:588} INFO - Filling up the DagBag from /opt/airflow/dags/data_pipeline.py
[2025-02-17T11:56:30.072+0000] {logging_mixin.py:190} INFO - [2025-02-17T11:56:30.072+0000] {processor.py:457} INFO - Running SLA Checks for data_pipeline
[2025-02-17T11:56:30.123+0000] {logging_mixin.py:190} INFO - [2025-02-17T11:56:30.123+0000] {dag.py:3239} INFO - Sync 1 DAGs
[2025-02-17T11:56:30.334+0000] {processor.py:208} INFO - Processing /opt/airflow/dags/data_pipeline.py took 3.226 seconds
[2025-02-17T11:57:00.673+0000] {processor.py:186} INFO - Started process (PID=3833) to work on /opt/airflow/dags/data_pipeline.py
[2025-02-17T11:57:00.674+0000] {processor.py:914} INFO - Processing file /opt/airflow/dags/data_pipeline.py for tasks to queue
[2025-02-17T11:57:00.676+0000] {logging_mixin.py:190} INFO - [2025-02-17T11:57:00.676+0000] {dagbag.py:588} INFO - Filling up the DagBag from /opt/airflow/dags/data_pipeline.py
[2025-02-17T11:57:02.495+0000] {logging_mixin.py:190} INFO - [2025-02-17T11:57:02.495+0000] {warnings.py:109} WARNING - /home/airflow/.local/lib/python3.9/site-packages/snowflake/sqlalchemy/base.py:1068: SAWarning: The GenericFunction 'flatten' is already registered and is going to be overridden.
  functions.register_function("flatten", flatten)
[2025-02-17T11:57:03.673+0000] {processor.py:925} INFO - DAG(s) 'data_pipeline' retrieved from /opt/airflow/dags/data_pipeline.py
[2025-02-17T11:57:03.674+0000] {logging_mixin.py:190} INFO - [2025-02-17T11:57:03.673+0000] {dagbag.py:588} INFO - Filling up the DagBag from /opt/airflow/dags/data_pipeline.py
[2025-02-17T11:57:03.691+0000] {logging_mixin.py:190} INFO - [2025-02-17T11:57:03.690+0000] {processor.py:457} INFO - Running SLA Checks for data_pipeline
[2025-02-17T11:57:03.744+0000] {logging_mixin.py:190} INFO - [2025-02-17T11:57:03.744+0000] {dag.py:3239} INFO - Sync 1 DAGs
[2025-02-17T11:57:03.987+0000] {processor.py:208} INFO - Processing /opt/airflow/dags/data_pipeline.py took 3.321 seconds
[2025-02-17T11:57:34.072+0000] {processor.py:186} INFO - Started process (PID=3859) to work on /opt/airflow/dags/data_pipeline.py
[2025-02-17T11:57:34.073+0000] {processor.py:914} INFO - Processing file /opt/airflow/dags/data_pipeline.py for tasks to queue
[2025-02-17T11:57:34.075+0000] {logging_mixin.py:190} INFO - [2025-02-17T11:57:34.075+0000] {dagbag.py:588} INFO - Filling up the DagBag from /opt/airflow/dags/data_pipeline.py
[2025-02-17T11:57:35.885+0000] {logging_mixin.py:190} INFO - [2025-02-17T11:57:35.884+0000] {warnings.py:109} WARNING - /home/airflow/.local/lib/python3.9/site-packages/snowflake/sqlalchemy/base.py:1068: SAWarning: The GenericFunction 'flatten' is already registered and is going to be overridden.
  functions.register_function("flatten", flatten)
[2025-02-17T11:57:36.974+0000] {processor.py:925} INFO - DAG(s) 'data_pipeline' retrieved from /opt/airflow/dags/data_pipeline.py
[2025-02-17T11:57:36.975+0000] {logging_mixin.py:190} INFO - [2025-02-17T11:57:36.975+0000] {dagbag.py:588} INFO - Filling up the DagBag from /opt/airflow/dags/data_pipeline.py
[2025-02-17T11:57:37.163+0000] {logging_mixin.py:190} INFO - [2025-02-17T11:57:37.163+0000] {processor.py:457} INFO - Running SLA Checks for data_pipeline
[2025-02-17T11:57:37.215+0000] {logging_mixin.py:190} INFO - [2025-02-17T11:57:37.215+0000] {dag.py:3239} INFO - Sync 1 DAGs
[2025-02-17T11:57:37.248+0000] {processor.py:208} INFO - Processing /opt/airflow/dags/data_pipeline.py took 3.183 seconds
[2025-02-17T11:58:08.224+0000] {processor.py:186} INFO - Started process (PID=3891) to work on /opt/airflow/dags/data_pipeline.py
[2025-02-17T11:58:08.226+0000] {processor.py:914} INFO - Processing file /opt/airflow/dags/data_pipeline.py for tasks to queue
[2025-02-17T11:58:08.228+0000] {logging_mixin.py:190} INFO - [2025-02-17T11:58:08.228+0000] {dagbag.py:588} INFO - Filling up the DagBag from /opt/airflow/dags/data_pipeline.py
[2025-02-17T11:58:09.982+0000] {logging_mixin.py:190} INFO - [2025-02-17T11:58:09.982+0000] {warnings.py:109} WARNING - /home/airflow/.local/lib/python3.9/site-packages/snowflake/sqlalchemy/base.py:1068: SAWarning: The GenericFunction 'flatten' is already registered and is going to be overridden.
  functions.register_function("flatten", flatten)
[2025-02-17T11:58:10.955+0000] {processor.py:925} INFO - DAG(s) 'data_pipeline' retrieved from /opt/airflow/dags/data_pipeline.py
[2025-02-17T11:58:10.956+0000] {logging_mixin.py:190} INFO - [2025-02-17T11:58:10.956+0000] {dagbag.py:588} INFO - Filling up the DagBag from /opt/airflow/dags/data_pipeline.py
[2025-02-17T11:58:10.971+0000] {logging_mixin.py:190} INFO - [2025-02-17T11:58:10.971+0000] {processor.py:457} INFO - Running SLA Checks for data_pipeline
[2025-02-17T11:58:11.219+0000] {logging_mixin.py:190} INFO - [2025-02-17T11:58:11.218+0000] {dag.py:3239} INFO - Sync 1 DAGs
[2025-02-17T11:58:11.265+0000] {processor.py:208} INFO - Processing /opt/airflow/dags/data_pipeline.py took 3.047 seconds
[2025-02-17T11:58:41.411+0000] {processor.py:186} INFO - Started process (PID=3917) to work on /opt/airflow/dags/data_pipeline.py
[2025-02-17T11:58:41.413+0000] {processor.py:914} INFO - Processing file /opt/airflow/dags/data_pipeline.py for tasks to queue
[2025-02-17T11:58:41.415+0000] {logging_mixin.py:190} INFO - [2025-02-17T11:58:41.415+0000] {dagbag.py:588} INFO - Filling up the DagBag from /opt/airflow/dags/data_pipeline.py
[2025-02-17T11:58:43.257+0000] {logging_mixin.py:190} INFO - [2025-02-17T11:58:43.256+0000] {warnings.py:109} WARNING - /home/airflow/.local/lib/python3.9/site-packages/snowflake/sqlalchemy/base.py:1068: SAWarning: The GenericFunction 'flatten' is already registered and is going to be overridden.
  functions.register_function("flatten", flatten)
[2025-02-17T11:58:44.287+0000] {processor.py:925} INFO - DAG(s) 'data_pipeline' retrieved from /opt/airflow/dags/data_pipeline.py
[2025-02-17T11:58:44.287+0000] {logging_mixin.py:190} INFO - [2025-02-17T11:58:44.287+0000] {dagbag.py:588} INFO - Filling up the DagBag from /opt/airflow/dags/data_pipeline.py
[2025-02-17T11:58:44.302+0000] {logging_mixin.py:190} INFO - [2025-02-17T11:58:44.301+0000] {processor.py:457} INFO - Running SLA Checks for data_pipeline
[2025-02-17T11:58:44.541+0000] {logging_mixin.py:190} INFO - [2025-02-17T11:58:44.541+0000] {dag.py:3239} INFO - Sync 1 DAGs
[2025-02-17T11:58:44.573+0000] {processor.py:208} INFO - Processing /opt/airflow/dags/data_pipeline.py took 3.169 seconds
[2025-02-17T11:59:15.056+0000] {processor.py:186} INFO - Started process (PID=3943) to work on /opt/airflow/dags/data_pipeline.py
[2025-02-17T11:59:15.057+0000] {processor.py:914} INFO - Processing file /opt/airflow/dags/data_pipeline.py for tasks to queue
[2025-02-17T11:59:15.060+0000] {logging_mixin.py:190} INFO - [2025-02-17T11:59:15.059+0000] {dagbag.py:588} INFO - Filling up the DagBag from /opt/airflow/dags/data_pipeline.py
[2025-02-17T11:59:16.752+0000] {logging_mixin.py:190} INFO - [2025-02-17T11:59:16.752+0000] {warnings.py:109} WARNING - /home/airflow/.local/lib/python3.9/site-packages/snowflake/sqlalchemy/base.py:1068: SAWarning: The GenericFunction 'flatten' is already registered and is going to be overridden.
  functions.register_function("flatten", flatten)
[2025-02-17T11:59:17.697+0000] {processor.py:925} INFO - DAG(s) 'data_pipeline' retrieved from /opt/airflow/dags/data_pipeline.py
[2025-02-17T11:59:17.698+0000] {logging_mixin.py:190} INFO - [2025-02-17T11:59:17.698+0000] {dagbag.py:588} INFO - Filling up the DagBag from /opt/airflow/dags/data_pipeline.py
[2025-02-17T11:59:17.712+0000] {logging_mixin.py:190} INFO - [2025-02-17T11:59:17.712+0000] {processor.py:457} INFO - Running SLA Checks for data_pipeline
[2025-02-17T11:59:17.908+0000] {logging_mixin.py:190} INFO - [2025-02-17T11:59:17.908+0000] {dag.py:3239} INFO - Sync 1 DAGs
[2025-02-17T11:59:18.006+0000] {processor.py:208} INFO - Processing /opt/airflow/dags/data_pipeline.py took 2.956 seconds
[2025-02-17T11:59:48.964+0000] {processor.py:186} INFO - Started process (PID=3969) to work on /opt/airflow/dags/data_pipeline.py
[2025-02-17T11:59:49.003+0000] {processor.py:914} INFO - Processing file /opt/airflow/dags/data_pipeline.py for tasks to queue
[2025-02-17T11:59:49.006+0000] {logging_mixin.py:190} INFO - [2025-02-17T11:59:49.005+0000] {dagbag.py:588} INFO - Filling up the DagBag from /opt/airflow/dags/data_pipeline.py
[2025-02-17T11:59:50.550+0000] {logging_mixin.py:190} INFO - [2025-02-17T11:59:50.550+0000] {warnings.py:109} WARNING - /home/airflow/.local/lib/python3.9/site-packages/snowflake/sqlalchemy/base.py:1068: SAWarning: The GenericFunction 'flatten' is already registered and is going to be overridden.
  functions.register_function("flatten", flatten)
[2025-02-17T11:59:51.764+0000] {processor.py:925} INFO - DAG(s) 'data_pipeline' retrieved from /opt/airflow/dags/data_pipeline.py
[2025-02-17T11:59:51.765+0000] {logging_mixin.py:190} INFO - [2025-02-17T11:59:51.765+0000] {dagbag.py:588} INFO - Filling up the DagBag from /opt/airflow/dags/data_pipeline.py
[2025-02-17T11:59:51.784+0000] {logging_mixin.py:190} INFO - [2025-02-17T11:59:51.784+0000] {processor.py:457} INFO - Running SLA Checks for data_pipeline
[2025-02-17T11:59:51.840+0000] {logging_mixin.py:190} INFO - [2025-02-17T11:59:51.840+0000] {dag.py:3239} INFO - Sync 1 DAGs
[2025-02-17T11:59:51.869+0000] {processor.py:208} INFO - Processing /opt/airflow/dags/data_pipeline.py took 2.910 seconds
[2025-02-17T12:00:22.903+0000] {processor.py:186} INFO - Started process (PID=3995) to work on /opt/airflow/dags/data_pipeline.py
[2025-02-17T12:00:22.905+0000] {processor.py:914} INFO - Processing file /opt/airflow/dags/data_pipeline.py for tasks to queue
[2025-02-17T12:00:22.909+0000] {logging_mixin.py:190} INFO - [2025-02-17T12:00:22.908+0000] {dagbag.py:588} INFO - Filling up the DagBag from /opt/airflow/dags/data_pipeline.py
[2025-02-17T12:00:24.935+0000] {logging_mixin.py:190} INFO - [2025-02-17T12:00:24.934+0000] {warnings.py:109} WARNING - /home/airflow/.local/lib/python3.9/site-packages/snowflake/sqlalchemy/base.py:1068: SAWarning: The GenericFunction 'flatten' is already registered and is going to be overridden.
  functions.register_function("flatten", flatten)
[2025-02-17T12:00:25.954+0000] {processor.py:925} INFO - DAG(s) 'data_pipeline' retrieved from /opt/airflow/dags/data_pipeline.py
[2025-02-17T12:00:25.955+0000] {logging_mixin.py:190} INFO - [2025-02-17T12:00:25.955+0000] {dagbag.py:588} INFO - Filling up the DagBag from /opt/airflow/dags/data_pipeline.py
[2025-02-17T12:00:26.124+0000] {logging_mixin.py:190} INFO - [2025-02-17T12:00:26.123+0000] {processor.py:457} INFO - Running SLA Checks for data_pipeline
[2025-02-17T12:00:26.183+0000] {logging_mixin.py:190} INFO - [2025-02-17T12:00:26.182+0000] {dag.py:3239} INFO - Sync 1 DAGs
[2025-02-17T12:00:26.216+0000] {processor.py:208} INFO - Processing /opt/airflow/dags/data_pipeline.py took 3.325 seconds
[2025-02-17T12:00:56.658+0000] {processor.py:186} INFO - Started process (PID=4022) to work on /opt/airflow/dags/data_pipeline.py
[2025-02-17T12:00:56.659+0000] {processor.py:914} INFO - Processing file /opt/airflow/dags/data_pipeline.py for tasks to queue
[2025-02-17T12:00:56.663+0000] {logging_mixin.py:190} INFO - [2025-02-17T12:00:56.662+0000] {dagbag.py:588} INFO - Filling up the DagBag from /opt/airflow/dags/data_pipeline.py
[2025-02-17T12:00:58.607+0000] {logging_mixin.py:190} INFO - [2025-02-17T12:00:58.606+0000] {warnings.py:109} WARNING - /home/airflow/.local/lib/python3.9/site-packages/snowflake/sqlalchemy/base.py:1068: SAWarning: The GenericFunction 'flatten' is already registered and is going to be overridden.
  functions.register_function("flatten", flatten)
[2025-02-17T12:00:59.640+0000] {processor.py:925} INFO - DAG(s) 'data_pipeline' retrieved from /opt/airflow/dags/data_pipeline.py
[2025-02-17T12:00:59.640+0000] {logging_mixin.py:190} INFO - [2025-02-17T12:00:59.640+0000] {dagbag.py:588} INFO - Filling up the DagBag from /opt/airflow/dags/data_pipeline.py
[2025-02-17T12:00:59.656+0000] {logging_mixin.py:190} INFO - [2025-02-17T12:00:59.655+0000] {processor.py:457} INFO - Running SLA Checks for data_pipeline
[2025-02-17T12:00:59.841+0000] {logging_mixin.py:190} INFO - [2025-02-17T12:00:59.840+0000] {dag.py:3239} INFO - Sync 1 DAGs
[2025-02-17T12:00:59.871+0000] {processor.py:208} INFO - Processing /opt/airflow/dags/data_pipeline.py took 3.221 seconds
[2025-02-17T12:01:30.788+0000] {processor.py:186} INFO - Started process (PID=4048) to work on /opt/airflow/dags/data_pipeline.py
[2025-02-17T12:01:30.789+0000] {processor.py:914} INFO - Processing file /opt/airflow/dags/data_pipeline.py for tasks to queue
[2025-02-17T12:01:30.791+0000] {logging_mixin.py:190} INFO - [2025-02-17T12:01:30.791+0000] {dagbag.py:588} INFO - Filling up the DagBag from /opt/airflow/dags/data_pipeline.py
[2025-02-17T12:01:32.482+0000] {logging_mixin.py:190} INFO - [2025-02-17T12:01:32.481+0000] {warnings.py:109} WARNING - /home/airflow/.local/lib/python3.9/site-packages/snowflake/sqlalchemy/base.py:1068: SAWarning: The GenericFunction 'flatten' is already registered and is going to be overridden.
  functions.register_function("flatten", flatten)
[2025-02-17T12:01:33.498+0000] {processor.py:925} INFO - DAG(s) 'data_pipeline' retrieved from /opt/airflow/dags/data_pipeline.py
[2025-02-17T12:01:33.499+0000] {logging_mixin.py:190} INFO - [2025-02-17T12:01:33.499+0000] {dagbag.py:588} INFO - Filling up the DagBag from /opt/airflow/dags/data_pipeline.py
[2025-02-17T12:01:33.512+0000] {logging_mixin.py:190} INFO - [2025-02-17T12:01:33.512+0000] {processor.py:457} INFO - Running SLA Checks for data_pipeline
[2025-02-17T12:01:33.707+0000] {logging_mixin.py:190} INFO - [2025-02-17T12:01:33.706+0000] {dag.py:3239} INFO - Sync 1 DAGs
[2025-02-17T12:01:33.775+0000] {processor.py:208} INFO - Processing /opt/airflow/dags/data_pipeline.py took 2.994 seconds
[2025-02-17T12:02:04.409+0000] {processor.py:186} INFO - Started process (PID=4074) to work on /opt/airflow/dags/data_pipeline.py
[2025-02-17T12:02:04.446+0000] {processor.py:914} INFO - Processing file /opt/airflow/dags/data_pipeline.py for tasks to queue
[2025-02-17T12:02:04.449+0000] {logging_mixin.py:190} INFO - [2025-02-17T12:02:04.448+0000] {dagbag.py:588} INFO - Filling up the DagBag from /opt/airflow/dags/data_pipeline.py
[2025-02-17T12:02:06.173+0000] {logging_mixin.py:190} INFO - [2025-02-17T12:02:06.172+0000] {warnings.py:109} WARNING - /home/airflow/.local/lib/python3.9/site-packages/snowflake/sqlalchemy/base.py:1068: SAWarning: The GenericFunction 'flatten' is already registered and is going to be overridden.
  functions.register_function("flatten", flatten)
[2025-02-17T12:02:07.335+0000] {processor.py:925} INFO - DAG(s) 'data_pipeline' retrieved from /opt/airflow/dags/data_pipeline.py
[2025-02-17T12:02:07.336+0000] {logging_mixin.py:190} INFO - [2025-02-17T12:02:07.336+0000] {dagbag.py:588} INFO - Filling up the DagBag from /opt/airflow/dags/data_pipeline.py
[2025-02-17T12:02:07.351+0000] {logging_mixin.py:190} INFO - [2025-02-17T12:02:07.351+0000] {processor.py:457} INFO - Running SLA Checks for data_pipeline
[2025-02-17T12:02:07.400+0000] {logging_mixin.py:190} INFO - [2025-02-17T12:02:07.400+0000] {dag.py:3239} INFO - Sync 1 DAGs
[2025-02-17T12:02:07.430+0000] {processor.py:208} INFO - Processing /opt/airflow/dags/data_pipeline.py took 3.028 seconds
[2025-02-17T12:02:38.160+0000] {processor.py:186} INFO - Started process (PID=4107) to work on /opt/airflow/dags/data_pipeline.py
[2025-02-17T12:02:38.197+0000] {processor.py:914} INFO - Processing file /opt/airflow/dags/data_pipeline.py for tasks to queue
[2025-02-17T12:02:38.200+0000] {logging_mixin.py:190} INFO - [2025-02-17T12:02:38.200+0000] {dagbag.py:588} INFO - Filling up the DagBag from /opt/airflow/dags/data_pipeline.py
[2025-02-17T12:02:39.855+0000] {logging_mixin.py:190} INFO - [2025-02-17T12:02:39.855+0000] {warnings.py:109} WARNING - /home/airflow/.local/lib/python3.9/site-packages/snowflake/sqlalchemy/base.py:1068: SAWarning: The GenericFunction 'flatten' is already registered and is going to be overridden.
  functions.register_function("flatten", flatten)
[2025-02-17T12:02:40.984+0000] {processor.py:925} INFO - DAG(s) 'data_pipeline' retrieved from /opt/airflow/dags/data_pipeline.py
[2025-02-17T12:02:40.985+0000] {logging_mixin.py:190} INFO - [2025-02-17T12:02:40.985+0000] {dagbag.py:588} INFO - Filling up the DagBag from /opt/airflow/dags/data_pipeline.py
[2025-02-17T12:02:41.000+0000] {logging_mixin.py:190} INFO - [2025-02-17T12:02:41.000+0000] {processor.py:457} INFO - Running SLA Checks for data_pipeline
[2025-02-17T12:02:41.062+0000] {logging_mixin.py:190} INFO - [2025-02-17T12:02:41.062+0000] {dag.py:3239} INFO - Sync 1 DAGs
[2025-02-17T12:02:41.100+0000] {processor.py:208} INFO - Processing /opt/airflow/dags/data_pipeline.py took 2.946 seconds
[2025-02-17T12:03:11.509+0000] {processor.py:186} INFO - Started process (PID=4133) to work on /opt/airflow/dags/data_pipeline.py
[2025-02-17T12:03:11.511+0000] {processor.py:914} INFO - Processing file /opt/airflow/dags/data_pipeline.py for tasks to queue
[2025-02-17T12:03:11.513+0000] {logging_mixin.py:190} INFO - [2025-02-17T12:03:11.512+0000] {dagbag.py:588} INFO - Filling up the DagBag from /opt/airflow/dags/data_pipeline.py
[2025-02-17T12:03:13.175+0000] {logging_mixin.py:190} INFO - [2025-02-17T12:03:13.175+0000] {warnings.py:109} WARNING - /home/airflow/.local/lib/python3.9/site-packages/snowflake/sqlalchemy/base.py:1068: SAWarning: The GenericFunction 'flatten' is already registered and is going to be overridden.
  functions.register_function("flatten", flatten)
[2025-02-17T12:03:14.309+0000] {processor.py:925} INFO - DAG(s) 'data_pipeline' retrieved from /opt/airflow/dags/data_pipeline.py
[2025-02-17T12:03:14.310+0000] {logging_mixin.py:190} INFO - [2025-02-17T12:03:14.310+0000] {dagbag.py:588} INFO - Filling up the DagBag from /opt/airflow/dags/data_pipeline.py
[2025-02-17T12:03:14.327+0000] {logging_mixin.py:190} INFO - [2025-02-17T12:03:14.326+0000] {processor.py:457} INFO - Running SLA Checks for data_pipeline
[2025-02-17T12:03:14.381+0000] {logging_mixin.py:190} INFO - [2025-02-17T12:03:14.380+0000] {dag.py:3239} INFO - Sync 1 DAGs
[2025-02-17T12:03:14.412+0000] {processor.py:208} INFO - Processing /opt/airflow/dags/data_pipeline.py took 2.910 seconds
[2025-02-17T12:03:44.859+0000] {processor.py:186} INFO - Started process (PID=4159) to work on /opt/airflow/dags/data_pipeline.py
[2025-02-17T12:03:44.860+0000] {processor.py:914} INFO - Processing file /opt/airflow/dags/data_pipeline.py for tasks to queue
[2025-02-17T12:03:44.862+0000] {logging_mixin.py:190} INFO - [2025-02-17T12:03:44.862+0000] {dagbag.py:588} INFO - Filling up the DagBag from /opt/airflow/dags/data_pipeline.py
[2025-02-17T12:03:46.401+0000] {logging_mixin.py:190} INFO - [2025-02-17T12:03:46.401+0000] {warnings.py:109} WARNING - /home/airflow/.local/lib/python3.9/site-packages/snowflake/sqlalchemy/base.py:1068: SAWarning: The GenericFunction 'flatten' is already registered and is going to be overridden.
  functions.register_function("flatten", flatten)
[2025-02-17T12:03:47.647+0000] {processor.py:925} INFO - DAG(s) 'data_pipeline' retrieved from /opt/airflow/dags/data_pipeline.py
[2025-02-17T12:03:47.647+0000] {logging_mixin.py:190} INFO - [2025-02-17T12:03:47.647+0000] {dagbag.py:588} INFO - Filling up the DagBag from /opt/airflow/dags/data_pipeline.py
[2025-02-17T12:03:47.667+0000] {logging_mixin.py:190} INFO - [2025-02-17T12:03:47.667+0000] {processor.py:457} INFO - Running SLA Checks for data_pipeline
[2025-02-17T12:03:47.729+0000] {logging_mixin.py:190} INFO - [2025-02-17T12:03:47.729+0000] {dag.py:3239} INFO - Sync 1 DAGs
[2025-02-17T12:03:47.772+0000] {processor.py:208} INFO - Processing /opt/airflow/dags/data_pipeline.py took 2.919 seconds
[2025-02-17T12:04:18.782+0000] {processor.py:186} INFO - Started process (PID=4185) to work on /opt/airflow/dags/data_pipeline.py
[2025-02-17T12:04:18.820+0000] {processor.py:914} INFO - Processing file /opt/airflow/dags/data_pipeline.py for tasks to queue
[2025-02-17T12:04:18.823+0000] {logging_mixin.py:190} INFO - [2025-02-17T12:04:18.822+0000] {dagbag.py:588} INFO - Filling up the DagBag from /opt/airflow/dags/data_pipeline.py
[2025-02-17T12:04:20.656+0000] {logging_mixin.py:190} INFO - [2025-02-17T12:04:20.656+0000] {warnings.py:109} WARNING - /home/airflow/.local/lib/python3.9/site-packages/snowflake/sqlalchemy/base.py:1068: SAWarning: The GenericFunction 'flatten' is already registered and is going to be overridden.
  functions.register_function("flatten", flatten)
[2025-02-17T12:04:21.738+0000] {processor.py:925} INFO - DAG(s) 'data_pipeline' retrieved from /opt/airflow/dags/data_pipeline.py
[2025-02-17T12:04:21.739+0000] {logging_mixin.py:190} INFO - [2025-02-17T12:04:21.739+0000] {dagbag.py:588} INFO - Filling up the DagBag from /opt/airflow/dags/data_pipeline.py
[2025-02-17T12:04:21.754+0000] {logging_mixin.py:190} INFO - [2025-02-17T12:04:21.753+0000] {processor.py:457} INFO - Running SLA Checks for data_pipeline
[2025-02-17T12:04:21.796+0000] {logging_mixin.py:190} INFO - [2025-02-17T12:04:21.796+0000] {dag.py:3239} INFO - Sync 1 DAGs
[2025-02-17T12:04:21.812+0000] {logging_mixin.py:190} INFO - [2025-02-17T12:04:21.812+0000] {dag.py:4180} INFO - Setting next_dagrun for data_pipeline to 2025-02-17 12:00:00+00:00, run_after=2025-02-17 13:00:00+00:00
[2025-02-17T12:04:21.830+0000] {processor.py:208} INFO - Processing /opt/airflow/dags/data_pipeline.py took 3.055 seconds
[2025-02-17T12:04:52.060+0000] {processor.py:186} INFO - Started process (PID=4211) to work on /opt/airflow/dags/data_pipeline.py
[2025-02-17T12:04:52.098+0000] {processor.py:914} INFO - Processing file /opt/airflow/dags/data_pipeline.py for tasks to queue
[2025-02-17T12:04:52.101+0000] {logging_mixin.py:190} INFO - [2025-02-17T12:04:52.100+0000] {dagbag.py:588} INFO - Filling up the DagBag from /opt/airflow/dags/data_pipeline.py
[2025-02-17T12:04:53.864+0000] {logging_mixin.py:190} INFO - [2025-02-17T12:04:53.864+0000] {warnings.py:109} WARNING - /home/airflow/.local/lib/python3.9/site-packages/snowflake/sqlalchemy/base.py:1068: SAWarning: The GenericFunction 'flatten' is already registered and is going to be overridden.
  functions.register_function("flatten", flatten)
[2025-02-17T12:04:55.002+0000] {processor.py:925} INFO - DAG(s) 'data_pipeline' retrieved from /opt/airflow/dags/data_pipeline.py
[2025-02-17T12:04:55.003+0000] {logging_mixin.py:190} INFO - [2025-02-17T12:04:55.003+0000] {dagbag.py:588} INFO - Filling up the DagBag from /opt/airflow/dags/data_pipeline.py
[2025-02-17T12:04:55.019+0000] {logging_mixin.py:190} INFO - [2025-02-17T12:04:55.019+0000] {processor.py:457} INFO - Running SLA Checks for data_pipeline
[2025-02-17T12:04:55.064+0000] {logging_mixin.py:190} INFO - [2025-02-17T12:04:55.063+0000] {dag.py:3239} INFO - Sync 1 DAGs
[2025-02-17T12:04:55.080+0000] {logging_mixin.py:190} INFO - [2025-02-17T12:04:55.080+0000] {dag.py:4180} INFO - Setting next_dagrun for data_pipeline to 2025-02-17 12:00:00+00:00, run_after=2025-02-17 13:00:00+00:00
[2025-02-17T12:04:55.132+0000] {processor.py:208} INFO - Processing /opt/airflow/dags/data_pipeline.py took 3.079 seconds
[2025-02-17T12:05:25.681+0000] {processor.py:186} INFO - Started process (PID=4237) to work on /opt/airflow/dags/data_pipeline.py
[2025-02-17T12:05:25.719+0000] {processor.py:914} INFO - Processing file /opt/airflow/dags/data_pipeline.py for tasks to queue
[2025-02-17T12:05:25.721+0000] {logging_mixin.py:190} INFO - [2025-02-17T12:05:25.721+0000] {dagbag.py:588} INFO - Filling up the DagBag from /opt/airflow/dags/data_pipeline.py
[2025-02-17T12:05:27.354+0000] {logging_mixin.py:190} INFO - [2025-02-17T12:05:27.353+0000] {warnings.py:109} WARNING - /home/airflow/.local/lib/python3.9/site-packages/snowflake/sqlalchemy/base.py:1068: SAWarning: The GenericFunction 'flatten' is already registered and is going to be overridden.
  functions.register_function("flatten", flatten)
[2025-02-17T12:05:28.576+0000] {processor.py:925} INFO - DAG(s) 'data_pipeline' retrieved from /opt/airflow/dags/data_pipeline.py
[2025-02-17T12:05:28.577+0000] {logging_mixin.py:190} INFO - [2025-02-17T12:05:28.577+0000] {dagbag.py:588} INFO - Filling up the DagBag from /opt/airflow/dags/data_pipeline.py
[2025-02-17T12:05:28.595+0000] {logging_mixin.py:190} INFO - [2025-02-17T12:05:28.595+0000] {processor.py:457} INFO - Running SLA Checks for data_pipeline
[2025-02-17T12:05:28.638+0000] {logging_mixin.py:190} INFO - [2025-02-17T12:05:28.638+0000] {dag.py:3239} INFO - Sync 1 DAGs
[2025-02-17T12:05:28.657+0000] {logging_mixin.py:190} INFO - [2025-02-17T12:05:28.657+0000] {dag.py:4180} INFO - Setting next_dagrun for data_pipeline to 2025-02-17 12:00:00+00:00, run_after=2025-02-17 13:00:00+00:00
[2025-02-17T12:05:28.710+0000] {processor.py:208} INFO - Processing /opt/airflow/dags/data_pipeline.py took 3.035 seconds
[2025-02-17T12:05:58.903+0000] {processor.py:186} INFO - Started process (PID=4263) to work on /opt/airflow/dags/data_pipeline.py
[2025-02-17T12:05:58.904+0000] {processor.py:914} INFO - Processing file /opt/airflow/dags/data_pipeline.py for tasks to queue
[2025-02-17T12:05:58.906+0000] {logging_mixin.py:190} INFO - [2025-02-17T12:05:58.906+0000] {dagbag.py:588} INFO - Filling up the DagBag from /opt/airflow/dags/data_pipeline.py
[2025-02-17T12:06:00.564+0000] {logging_mixin.py:190} INFO - [2025-02-17T12:06:00.564+0000] {warnings.py:109} WARNING - /home/airflow/.local/lib/python3.9/site-packages/snowflake/sqlalchemy/base.py:1068: SAWarning: The GenericFunction 'flatten' is already registered and is going to be overridden.
  functions.register_function("flatten", flatten)
[2025-02-17T12:06:01.679+0000] {processor.py:925} INFO - DAG(s) 'data_pipeline' retrieved from /opt/airflow/dags/data_pipeline.py
[2025-02-17T12:06:01.679+0000] {logging_mixin.py:190} INFO - [2025-02-17T12:06:01.679+0000] {dagbag.py:588} INFO - Filling up the DagBag from /opt/airflow/dags/data_pipeline.py
[2025-02-17T12:06:01.694+0000] {logging_mixin.py:190} INFO - [2025-02-17T12:06:01.693+0000] {processor.py:457} INFO - Running SLA Checks for data_pipeline
[2025-02-17T12:06:01.732+0000] {logging_mixin.py:190} INFO - [2025-02-17T12:06:01.732+0000] {dag.py:3239} INFO - Sync 1 DAGs
[2025-02-17T12:06:01.749+0000] {logging_mixin.py:190} INFO - [2025-02-17T12:06:01.748+0000] {dag.py:4180} INFO - Setting next_dagrun for data_pipeline to 2025-02-17 12:00:00+00:00, run_after=2025-02-17 13:00:00+00:00
[2025-02-17T12:06:01.765+0000] {processor.py:208} INFO - Processing /opt/airflow/dags/data_pipeline.py took 2.869 seconds
[2025-02-17T12:06:32.301+0000] {processor.py:186} INFO - Started process (PID=4290) to work on /opt/airflow/dags/data_pipeline.py
[2025-02-17T12:06:32.302+0000] {processor.py:914} INFO - Processing file /opt/airflow/dags/data_pipeline.py for tasks to queue
[2025-02-17T12:06:32.305+0000] {logging_mixin.py:190} INFO - [2025-02-17T12:06:32.305+0000] {dagbag.py:588} INFO - Filling up the DagBag from /opt/airflow/dags/data_pipeline.py
[2025-02-17T12:06:33.889+0000] {logging_mixin.py:190} INFO - [2025-02-17T12:06:33.889+0000] {warnings.py:109} WARNING - /home/airflow/.local/lib/python3.9/site-packages/snowflake/sqlalchemy/base.py:1068: SAWarning: The GenericFunction 'flatten' is already registered and is going to be overridden.
  functions.register_function("flatten", flatten)
[2025-02-17T12:06:35.013+0000] {processor.py:925} INFO - DAG(s) 'data_pipeline' retrieved from /opt/airflow/dags/data_pipeline.py
[2025-02-17T12:06:35.014+0000] {logging_mixin.py:190} INFO - [2025-02-17T12:06:35.013+0000] {dagbag.py:588} INFO - Filling up the DagBag from /opt/airflow/dags/data_pipeline.py
[2025-02-17T12:06:35.029+0000] {logging_mixin.py:190} INFO - [2025-02-17T12:06:35.028+0000] {processor.py:457} INFO - Running SLA Checks for data_pipeline
[2025-02-17T12:06:35.067+0000] {logging_mixin.py:190} INFO - [2025-02-17T12:06:35.067+0000] {dag.py:3239} INFO - Sync 1 DAGs
[2025-02-17T12:06:35.085+0000] {logging_mixin.py:190} INFO - [2025-02-17T12:06:35.084+0000] {dag.py:4180} INFO - Setting next_dagrun for data_pipeline to 2025-02-17 12:00:00+00:00, run_after=2025-02-17 13:00:00+00:00
[2025-02-17T12:06:35.135+0000] {processor.py:208} INFO - Processing /opt/airflow/dags/data_pipeline.py took 2.841 seconds
[2025-02-17T12:07:05.534+0000] {processor.py:186} INFO - Started process (PID=4316) to work on /opt/airflow/dags/data_pipeline.py
[2025-02-17T12:07:05.535+0000] {processor.py:914} INFO - Processing file /opt/airflow/dags/data_pipeline.py for tasks to queue
[2025-02-17T12:07:05.537+0000] {logging_mixin.py:190} INFO - [2025-02-17T12:07:05.537+0000] {dagbag.py:588} INFO - Filling up the DagBag from /opt/airflow/dags/data_pipeline.py
[2025-02-17T12:07:07.125+0000] {logging_mixin.py:190} INFO - [2025-02-17T12:07:07.124+0000] {warnings.py:109} WARNING - /home/airflow/.local/lib/python3.9/site-packages/snowflake/sqlalchemy/base.py:1068: SAWarning: The GenericFunction 'flatten' is already registered and is going to be overridden.
  functions.register_function("flatten", flatten)
[2025-02-17T12:07:08.173+0000] {processor.py:925} INFO - DAG(s) 'data_pipeline' retrieved from /opt/airflow/dags/data_pipeline.py
[2025-02-17T12:07:08.174+0000] {logging_mixin.py:190} INFO - [2025-02-17T12:07:08.174+0000] {dagbag.py:588} INFO - Filling up the DagBag from /opt/airflow/dags/data_pipeline.py
[2025-02-17T12:07:08.189+0000] {logging_mixin.py:190} INFO - [2025-02-17T12:07:08.189+0000] {processor.py:457} INFO - Running SLA Checks for data_pipeline
[2025-02-17T12:07:08.230+0000] {logging_mixin.py:190} INFO - [2025-02-17T12:07:08.230+0000] {dag.py:3239} INFO - Sync 1 DAGs
[2025-02-17T12:07:08.247+0000] {logging_mixin.py:190} INFO - [2025-02-17T12:07:08.246+0000] {dag.py:4180} INFO - Setting next_dagrun for data_pipeline to 2025-02-17 12:00:00+00:00, run_after=2025-02-17 13:00:00+00:00
[2025-02-17T12:07:08.261+0000] {processor.py:208} INFO - Processing /opt/airflow/dags/data_pipeline.py took 2.734 seconds
[2025-02-17T12:07:38.853+0000] {processor.py:186} INFO - Started process (PID=4348) to work on /opt/airflow/dags/data_pipeline.py
[2025-02-17T12:07:38.890+0000] {processor.py:914} INFO - Processing file /opt/airflow/dags/data_pipeline.py for tasks to queue
[2025-02-17T12:07:38.892+0000] {logging_mixin.py:190} INFO - [2025-02-17T12:07:38.892+0000] {dagbag.py:588} INFO - Filling up the DagBag from /opt/airflow/dags/data_pipeline.py
[2025-02-17T12:07:40.480+0000] {logging_mixin.py:190} INFO - [2025-02-17T12:07:40.479+0000] {warnings.py:109} WARNING - /home/airflow/.local/lib/python3.9/site-packages/snowflake/sqlalchemy/base.py:1068: SAWarning: The GenericFunction 'flatten' is already registered and is going to be overridden.
  functions.register_function("flatten", flatten)
[2025-02-17T12:07:41.538+0000] {processor.py:925} INFO - DAG(s) 'data_pipeline' retrieved from /opt/airflow/dags/data_pipeline.py
[2025-02-17T12:07:41.539+0000] {logging_mixin.py:190} INFO - [2025-02-17T12:07:41.538+0000] {dagbag.py:588} INFO - Filling up the DagBag from /opt/airflow/dags/data_pipeline.py
[2025-02-17T12:07:41.553+0000] {logging_mixin.py:190} INFO - [2025-02-17T12:07:41.553+0000] {processor.py:457} INFO - Running SLA Checks for data_pipeline
[2025-02-17T12:07:41.590+0000] {logging_mixin.py:190} INFO - [2025-02-17T12:07:41.590+0000] {dag.py:3239} INFO - Sync 1 DAGs
[2025-02-17T12:07:41.607+0000] {logging_mixin.py:190} INFO - [2025-02-17T12:07:41.607+0000] {dag.py:4180} INFO - Setting next_dagrun for data_pipeline to 2025-02-17 12:00:00+00:00, run_after=2025-02-17 13:00:00+00:00
[2025-02-17T12:07:41.658+0000] {processor.py:208} INFO - Processing /opt/airflow/dags/data_pipeline.py took 2.811 seconds
[2025-02-17T12:08:11.956+0000] {processor.py:186} INFO - Started process (PID=4375) to work on /opt/airflow/dags/data_pipeline.py
[2025-02-17T12:08:11.957+0000] {processor.py:914} INFO - Processing file /opt/airflow/dags/data_pipeline.py for tasks to queue
[2025-02-17T12:08:11.960+0000] {logging_mixin.py:190} INFO - [2025-02-17T12:08:11.959+0000] {dagbag.py:588} INFO - Filling up the DagBag from /opt/airflow/dags/data_pipeline.py
[2025-02-17T12:08:13.976+0000] {logging_mixin.py:190} INFO - [2025-02-17T12:08:13.975+0000] {warnings.py:109} WARNING - /home/airflow/.local/lib/python3.9/site-packages/snowflake/sqlalchemy/base.py:1068: SAWarning: The GenericFunction 'flatten' is already registered and is going to be overridden.
  functions.register_function("flatten", flatten)
[2025-02-17T12:08:15.253+0000] {processor.py:925} INFO - DAG(s) 'data_pipeline' retrieved from /opt/airflow/dags/data_pipeline.py
[2025-02-17T12:08:15.253+0000] {logging_mixin.py:190} INFO - [2025-02-17T12:08:15.253+0000] {dagbag.py:588} INFO - Filling up the DagBag from /opt/airflow/dags/data_pipeline.py
[2025-02-17T12:08:15.269+0000] {logging_mixin.py:190} INFO - [2025-02-17T12:08:15.269+0000] {processor.py:457} INFO - Running SLA Checks for data_pipeline
[2025-02-17T12:08:15.315+0000] {logging_mixin.py:190} INFO - [2025-02-17T12:08:15.315+0000] {dag.py:3239} INFO - Sync 1 DAGs
[2025-02-17T12:08:15.335+0000] {logging_mixin.py:190} INFO - [2025-02-17T12:08:15.335+0000] {dag.py:4180} INFO - Setting next_dagrun for data_pipeline to 2025-02-17 12:00:00+00:00, run_after=2025-02-17 13:00:00+00:00
[2025-02-17T12:08:15.353+0000] {processor.py:208} INFO - Processing /opt/airflow/dags/data_pipeline.py took 3.406 seconds
[2025-02-17T12:08:45.704+0000] {processor.py:186} INFO - Started process (PID=4401) to work on /opt/airflow/dags/data_pipeline.py
[2025-02-17T12:08:45.741+0000] {processor.py:914} INFO - Processing file /opt/airflow/dags/data_pipeline.py for tasks to queue
[2025-02-17T12:08:45.743+0000] {logging_mixin.py:190} INFO - [2025-02-17T12:08:45.743+0000] {dagbag.py:588} INFO - Filling up the DagBag from /opt/airflow/dags/data_pipeline.py
[2025-02-17T12:08:47.331+0000] {logging_mixin.py:190} INFO - [2025-02-17T12:08:47.331+0000] {warnings.py:109} WARNING - /home/airflow/.local/lib/python3.9/site-packages/snowflake/sqlalchemy/base.py:1068: SAWarning: The GenericFunction 'flatten' is already registered and is going to be overridden.
  functions.register_function("flatten", flatten)
[2025-02-17T12:08:48.421+0000] {processor.py:925} INFO - DAG(s) 'data_pipeline' retrieved from /opt/airflow/dags/data_pipeline.py
[2025-02-17T12:08:48.421+0000] {logging_mixin.py:190} INFO - [2025-02-17T12:08:48.421+0000] {dagbag.py:588} INFO - Filling up the DagBag from /opt/airflow/dags/data_pipeline.py
[2025-02-17T12:08:48.435+0000] {logging_mixin.py:190} INFO - [2025-02-17T12:08:48.435+0000] {processor.py:457} INFO - Running SLA Checks for data_pipeline
[2025-02-17T12:08:48.474+0000] {logging_mixin.py:190} INFO - [2025-02-17T12:08:48.473+0000] {dag.py:3239} INFO - Sync 1 DAGs
[2025-02-17T12:08:48.490+0000] {logging_mixin.py:190} INFO - [2025-02-17T12:08:48.489+0000] {dag.py:4180} INFO - Setting next_dagrun for data_pipeline to 2025-02-17 12:00:00+00:00, run_after=2025-02-17 13:00:00+00:00
[2025-02-17T12:08:48.503+0000] {processor.py:208} INFO - Processing /opt/airflow/dags/data_pipeline.py took 2.806 seconds
[2025-02-17T12:09:19.012+0000] {processor.py:186} INFO - Started process (PID=4427) to work on /opt/airflow/dags/data_pipeline.py
[2025-02-17T12:09:19.013+0000] {processor.py:914} INFO - Processing file /opt/airflow/dags/data_pipeline.py for tasks to queue
[2025-02-17T12:09:19.016+0000] {logging_mixin.py:190} INFO - [2025-02-17T12:09:19.016+0000] {dagbag.py:588} INFO - Filling up the DagBag from /opt/airflow/dags/data_pipeline.py
[2025-02-17T12:09:20.483+0000] {logging_mixin.py:190} INFO - [2025-02-17T12:09:20.483+0000] {warnings.py:109} WARNING - /home/airflow/.local/lib/python3.9/site-packages/snowflake/sqlalchemy/base.py:1068: SAWarning: The GenericFunction 'flatten' is already registered and is going to be overridden.
  functions.register_function("flatten", flatten)
[2025-02-17T12:09:21.559+0000] {processor.py:925} INFO - DAG(s) 'data_pipeline' retrieved from /opt/airflow/dags/data_pipeline.py
[2025-02-17T12:09:21.560+0000] {logging_mixin.py:190} INFO - [2025-02-17T12:09:21.560+0000] {dagbag.py:588} INFO - Filling up the DagBag from /opt/airflow/dags/data_pipeline.py
[2025-02-17T12:09:21.574+0000] {logging_mixin.py:190} INFO - [2025-02-17T12:09:21.574+0000] {processor.py:457} INFO - Running SLA Checks for data_pipeline
[2025-02-17T12:09:21.609+0000] {logging_mixin.py:190} INFO - [2025-02-17T12:09:21.609+0000] {dag.py:3239} INFO - Sync 1 DAGs
[2025-02-17T12:09:21.624+0000] {logging_mixin.py:190} INFO - [2025-02-17T12:09:21.624+0000] {dag.py:4180} INFO - Setting next_dagrun for data_pipeline to 2025-02-17 12:00:00+00:00, run_after=2025-02-17 13:00:00+00:00
[2025-02-17T12:09:21.639+0000] {processor.py:208} INFO - Processing /opt/airflow/dags/data_pipeline.py took 2.634 seconds
[2025-02-17T12:09:51.967+0000] {processor.py:186} INFO - Started process (PID=4453) to work on /opt/airflow/dags/data_pipeline.py
[2025-02-17T12:09:51.968+0000] {processor.py:914} INFO - Processing file /opt/airflow/dags/data_pipeline.py for tasks to queue
[2025-02-17T12:09:51.970+0000] {logging_mixin.py:190} INFO - [2025-02-17T12:09:51.970+0000] {dagbag.py:588} INFO - Filling up the DagBag from /opt/airflow/dags/data_pipeline.py
[2025-02-17T12:09:53.493+0000] {logging_mixin.py:190} INFO - [2025-02-17T12:09:53.492+0000] {warnings.py:109} WARNING - /home/airflow/.local/lib/python3.9/site-packages/snowflake/sqlalchemy/base.py:1068: SAWarning: The GenericFunction 'flatten' is already registered and is going to be overridden.
  functions.register_function("flatten", flatten)
[2025-02-17T12:09:54.521+0000] {processor.py:925} INFO - DAG(s) 'data_pipeline' retrieved from /opt/airflow/dags/data_pipeline.py
[2025-02-17T12:09:54.522+0000] {logging_mixin.py:190} INFO - [2025-02-17T12:09:54.521+0000] {dagbag.py:588} INFO - Filling up the DagBag from /opt/airflow/dags/data_pipeline.py
[2025-02-17T12:09:54.535+0000] {logging_mixin.py:190} INFO - [2025-02-17T12:09:54.535+0000] {processor.py:457} INFO - Running SLA Checks for data_pipeline
[2025-02-17T12:09:54.572+0000] {logging_mixin.py:190} INFO - [2025-02-17T12:09:54.571+0000] {dag.py:3239} INFO - Sync 1 DAGs
[2025-02-17T12:09:54.587+0000] {logging_mixin.py:190} INFO - [2025-02-17T12:09:54.586+0000] {dag.py:4180} INFO - Setting next_dagrun for data_pipeline to 2025-02-17 12:00:00+00:00, run_after=2025-02-17 13:00:00+00:00
[2025-02-17T12:09:54.601+0000] {processor.py:208} INFO - Processing /opt/airflow/dags/data_pipeline.py took 2.640 seconds
[2025-02-17T12:10:24.760+0000] {processor.py:186} INFO - Started process (PID=4479) to work on /opt/airflow/dags/data_pipeline.py
[2025-02-17T12:10:24.761+0000] {processor.py:914} INFO - Processing file /opt/airflow/dags/data_pipeline.py for tasks to queue
[2025-02-17T12:10:24.763+0000] {logging_mixin.py:190} INFO - [2025-02-17T12:10:24.763+0000] {dagbag.py:588} INFO - Filling up the DagBag from /opt/airflow/dags/data_pipeline.py
[2025-02-17T12:10:26.226+0000] {logging_mixin.py:190} INFO - [2025-02-17T12:10:26.225+0000] {warnings.py:109} WARNING - /home/airflow/.local/lib/python3.9/site-packages/snowflake/sqlalchemy/base.py:1068: SAWarning: The GenericFunction 'flatten' is already registered and is going to be overridden.
  functions.register_function("flatten", flatten)
[2025-02-17T12:10:27.183+0000] {processor.py:925} INFO - DAG(s) 'data_pipeline' retrieved from /opt/airflow/dags/data_pipeline.py
[2025-02-17T12:10:27.184+0000] {logging_mixin.py:190} INFO - [2025-02-17T12:10:27.184+0000] {dagbag.py:588} INFO - Filling up the DagBag from /opt/airflow/dags/data_pipeline.py
[2025-02-17T12:10:27.196+0000] {logging_mixin.py:190} INFO - [2025-02-17T12:10:27.196+0000] {processor.py:457} INFO - Running SLA Checks for data_pipeline
[2025-02-17T12:10:27.229+0000] {logging_mixin.py:190} INFO - [2025-02-17T12:10:27.229+0000] {dag.py:3239} INFO - Sync 1 DAGs
[2025-02-17T12:10:27.243+0000] {logging_mixin.py:190} INFO - [2025-02-17T12:10:27.243+0000] {dag.py:4180} INFO - Setting next_dagrun for data_pipeline to 2025-02-17 12:00:00+00:00, run_after=2025-02-17 13:00:00+00:00
[2025-02-17T12:10:27.295+0000] {processor.py:208} INFO - Processing /opt/airflow/dags/data_pipeline.py took 2.541 seconds
[2025-02-17T12:10:58.263+0000] {processor.py:186} INFO - Started process (PID=4505) to work on /opt/airflow/dags/data_pipeline.py
[2025-02-17T12:10:58.302+0000] {processor.py:914} INFO - Processing file /opt/airflow/dags/data_pipeline.py for tasks to queue
[2025-02-17T12:10:58.304+0000] {logging_mixin.py:190} INFO - [2025-02-17T12:10:58.304+0000] {dagbag.py:588} INFO - Filling up the DagBag from /opt/airflow/dags/data_pipeline.py
[2025-02-17T12:10:59.723+0000] {logging_mixin.py:190} INFO - [2025-02-17T12:10:59.722+0000] {warnings.py:109} WARNING - /home/airflow/.local/lib/python3.9/site-packages/snowflake/sqlalchemy/base.py:1068: SAWarning: The GenericFunction 'flatten' is already registered and is going to be overridden.
  functions.register_function("flatten", flatten)
[2025-02-17T12:11:00.683+0000] {processor.py:925} INFO - DAG(s) 'data_pipeline' retrieved from /opt/airflow/dags/data_pipeline.py
[2025-02-17T12:11:00.684+0000] {logging_mixin.py:190} INFO - [2025-02-17T12:11:00.683+0000] {dagbag.py:588} INFO - Filling up the DagBag from /opt/airflow/dags/data_pipeline.py
[2025-02-17T12:11:00.696+0000] {logging_mixin.py:190} INFO - [2025-02-17T12:11:00.696+0000] {processor.py:457} INFO - Running SLA Checks for data_pipeline
[2025-02-17T12:11:00.731+0000] {logging_mixin.py:190} INFO - [2025-02-17T12:11:00.731+0000] {dag.py:3239} INFO - Sync 1 DAGs
[2025-02-17T12:11:00.746+0000] {logging_mixin.py:190} INFO - [2025-02-17T12:11:00.746+0000] {dag.py:4180} INFO - Setting next_dagrun for data_pipeline to 2025-02-17 12:00:00+00:00, run_after=2025-02-17 13:00:00+00:00
[2025-02-17T12:11:00.798+0000] {processor.py:208} INFO - Processing /opt/airflow/dags/data_pipeline.py took 2.541 seconds
[2025-02-17T12:11:31.667+0000] {processor.py:186} INFO - Started process (PID=4531) to work on /opt/airflow/dags/data_pipeline.py
[2025-02-17T12:11:31.668+0000] {processor.py:914} INFO - Processing file /opt/airflow/dags/data_pipeline.py for tasks to queue
[2025-02-17T12:11:31.671+0000] {logging_mixin.py:190} INFO - [2025-02-17T12:11:31.671+0000] {dagbag.py:588} INFO - Filling up the DagBag from /opt/airflow/dags/data_pipeline.py
[2025-02-17T12:11:33.339+0000] {logging_mixin.py:190} INFO - [2025-02-17T12:11:33.339+0000] {warnings.py:109} WARNING - /home/airflow/.local/lib/python3.9/site-packages/snowflake/sqlalchemy/base.py:1068: SAWarning: The GenericFunction 'flatten' is already registered and is going to be overridden.
  functions.register_function("flatten", flatten)
[2025-02-17T12:11:34.288+0000] {processor.py:925} INFO - DAG(s) 'data_pipeline' retrieved from /opt/airflow/dags/data_pipeline.py
[2025-02-17T12:11:34.289+0000] {logging_mixin.py:190} INFO - [2025-02-17T12:11:34.288+0000] {dagbag.py:588} INFO - Filling up the DagBag from /opt/airflow/dags/data_pipeline.py
[2025-02-17T12:11:34.301+0000] {logging_mixin.py:190} INFO - [2025-02-17T12:11:34.301+0000] {processor.py:457} INFO - Running SLA Checks for data_pipeline
[2025-02-17T12:11:34.335+0000] {logging_mixin.py:190} INFO - [2025-02-17T12:11:34.335+0000] {dag.py:3239} INFO - Sync 1 DAGs
[2025-02-17T12:11:34.348+0000] {logging_mixin.py:190} INFO - [2025-02-17T12:11:34.348+0000] {dag.py:4180} INFO - Setting next_dagrun for data_pipeline to 2025-02-17 12:00:00+00:00, run_after=2025-02-17 13:00:00+00:00
[2025-02-17T12:11:34.361+0000] {processor.py:208} INFO - Processing /opt/airflow/dags/data_pipeline.py took 2.700 seconds
[2025-02-17T12:12:04.586+0000] {processor.py:186} INFO - Started process (PID=4558) to work on /opt/airflow/dags/data_pipeline.py
[2025-02-17T12:12:04.590+0000] {processor.py:914} INFO - Processing file /opt/airflow/dags/data_pipeline.py for tasks to queue
[2025-02-17T12:12:04.593+0000] {logging_mixin.py:190} INFO - [2025-02-17T12:12:04.592+0000] {dagbag.py:588} INFO - Filling up the DagBag from /opt/airflow/dags/data_pipeline.py
[2025-02-17T12:12:06.180+0000] {logging_mixin.py:190} INFO - [2025-02-17T12:12:06.179+0000] {warnings.py:109} WARNING - /home/airflow/.local/lib/python3.9/site-packages/snowflake/sqlalchemy/base.py:1068: SAWarning: The GenericFunction 'flatten' is already registered and is going to be overridden.
  functions.register_function("flatten", flatten)
[2025-02-17T12:12:07.206+0000] {processor.py:925} INFO - DAG(s) 'data_pipeline' retrieved from /opt/airflow/dags/data_pipeline.py
[2025-02-17T12:12:07.206+0000] {logging_mixin.py:190} INFO - [2025-02-17T12:12:07.206+0000] {dagbag.py:588} INFO - Filling up the DagBag from /opt/airflow/dags/data_pipeline.py
[2025-02-17T12:12:07.219+0000] {logging_mixin.py:190} INFO - [2025-02-17T12:12:07.219+0000] {processor.py:457} INFO - Running SLA Checks for data_pipeline
[2025-02-17T12:12:07.253+0000] {logging_mixin.py:190} INFO - [2025-02-17T12:12:07.253+0000] {dag.py:3239} INFO - Sync 1 DAGs
[2025-02-17T12:12:07.268+0000] {logging_mixin.py:190} INFO - [2025-02-17T12:12:07.268+0000] {dag.py:4180} INFO - Setting next_dagrun for data_pipeline to 2025-02-17 12:00:00+00:00, run_after=2025-02-17 13:00:00+00:00
[2025-02-17T12:12:07.283+0000] {processor.py:208} INFO - Processing /opt/airflow/dags/data_pipeline.py took 2.702 seconds
[2025-02-17T12:12:37.402+0000] {processor.py:186} INFO - Started process (PID=4584) to work on /opt/airflow/dags/data_pipeline.py
[2025-02-17T12:12:37.403+0000] {processor.py:914} INFO - Processing file /opt/airflow/dags/data_pipeline.py for tasks to queue
[2025-02-17T12:12:37.405+0000] {logging_mixin.py:190} INFO - [2025-02-17T12:12:37.405+0000] {dagbag.py:588} INFO - Filling up the DagBag from /opt/airflow/dags/data_pipeline.py
[2025-02-17T12:12:39.041+0000] {logging_mixin.py:190} INFO - [2025-02-17T12:12:39.041+0000] {warnings.py:109} WARNING - /home/airflow/.local/lib/python3.9/site-packages/snowflake/sqlalchemy/base.py:1068: SAWarning: The GenericFunction 'flatten' is already registered and is going to be overridden.
  functions.register_function("flatten", flatten)
[2025-02-17T12:12:40.143+0000] {processor.py:925} INFO - DAG(s) 'data_pipeline' retrieved from /opt/airflow/dags/data_pipeline.py
[2025-02-17T12:12:40.144+0000] {logging_mixin.py:190} INFO - [2025-02-17T12:12:40.144+0000] {dagbag.py:588} INFO - Filling up the DagBag from /opt/airflow/dags/data_pipeline.py
[2025-02-17T12:12:40.160+0000] {logging_mixin.py:190} INFO - [2025-02-17T12:12:40.159+0000] {processor.py:457} INFO - Running SLA Checks for data_pipeline
[2025-02-17T12:12:40.199+0000] {logging_mixin.py:190} INFO - [2025-02-17T12:12:40.199+0000] {dag.py:3239} INFO - Sync 1 DAGs
[2025-02-17T12:12:40.216+0000] {logging_mixin.py:190} INFO - [2025-02-17T12:12:40.216+0000] {dag.py:4180} INFO - Setting next_dagrun for data_pipeline to 2025-02-17 12:00:00+00:00, run_after=2025-02-17 13:00:00+00:00
[2025-02-17T12:12:40.232+0000] {processor.py:208} INFO - Processing /opt/airflow/dags/data_pipeline.py took 2.836 seconds
[2025-02-17T12:13:10.931+0000] {processor.py:186} INFO - Started process (PID=4616) to work on /opt/airflow/dags/data_pipeline.py
[2025-02-17T12:13:10.933+0000] {processor.py:914} INFO - Processing file /opt/airflow/dags/data_pipeline.py for tasks to queue
[2025-02-17T12:13:10.935+0000] {logging_mixin.py:190} INFO - [2025-02-17T12:13:10.935+0000] {dagbag.py:588} INFO - Filling up the DagBag from /opt/airflow/dags/data_pipeline.py
[2025-02-17T12:13:12.483+0000] {logging_mixin.py:190} INFO - [2025-02-17T12:13:12.482+0000] {warnings.py:109} WARNING - /home/airflow/.local/lib/python3.9/site-packages/snowflake/sqlalchemy/base.py:1068: SAWarning: The GenericFunction 'flatten' is already registered and is going to be overridden.
  functions.register_function("flatten", flatten)
[2025-02-17T12:13:13.524+0000] {processor.py:925} INFO - DAG(s) 'data_pipeline' retrieved from /opt/airflow/dags/data_pipeline.py
[2025-02-17T12:13:13.525+0000] {logging_mixin.py:190} INFO - [2025-02-17T12:13:13.525+0000] {dagbag.py:588} INFO - Filling up the DagBag from /opt/airflow/dags/data_pipeline.py
[2025-02-17T12:13:13.539+0000] {logging_mixin.py:190} INFO - [2025-02-17T12:13:13.539+0000] {processor.py:457} INFO - Running SLA Checks for data_pipeline
[2025-02-17T12:13:13.579+0000] {logging_mixin.py:190} INFO - [2025-02-17T12:13:13.579+0000] {dag.py:3239} INFO - Sync 1 DAGs
[2025-02-17T12:13:13.594+0000] {logging_mixin.py:190} INFO - [2025-02-17T12:13:13.594+0000] {dag.py:4180} INFO - Setting next_dagrun for data_pipeline to 2025-02-17 12:00:00+00:00, run_after=2025-02-17 13:00:00+00:00
[2025-02-17T12:13:13.647+0000] {processor.py:208} INFO - Processing /opt/airflow/dags/data_pipeline.py took 2.721 seconds
[2025-02-17T12:13:44.212+0000] {processor.py:186} INFO - Started process (PID=4642) to work on /opt/airflow/dags/data_pipeline.py
[2025-02-17T12:13:44.213+0000] {processor.py:914} INFO - Processing file /opt/airflow/dags/data_pipeline.py for tasks to queue
[2025-02-17T12:13:44.215+0000] {logging_mixin.py:190} INFO - [2025-02-17T12:13:44.215+0000] {dagbag.py:588} INFO - Filling up the DagBag from /opt/airflow/dags/data_pipeline.py
[2025-02-17T12:13:45.597+0000] {logging_mixin.py:190} INFO - [2025-02-17T12:13:45.597+0000] {warnings.py:109} WARNING - /home/airflow/.local/lib/python3.9/site-packages/snowflake/sqlalchemy/base.py:1068: SAWarning: The GenericFunction 'flatten' is already registered and is going to be overridden.
  functions.register_function("flatten", flatten)
[2025-02-17T12:13:46.562+0000] {processor.py:925} INFO - DAG(s) 'data_pipeline' retrieved from /opt/airflow/dags/data_pipeline.py
[2025-02-17T12:13:46.562+0000] {logging_mixin.py:190} INFO - [2025-02-17T12:13:46.562+0000] {dagbag.py:588} INFO - Filling up the DagBag from /opt/airflow/dags/data_pipeline.py
[2025-02-17T12:13:46.575+0000] {logging_mixin.py:190} INFO - [2025-02-17T12:13:46.575+0000] {processor.py:457} INFO - Running SLA Checks for data_pipeline
[2025-02-17T12:13:46.610+0000] {logging_mixin.py:190} INFO - [2025-02-17T12:13:46.610+0000] {dag.py:3239} INFO - Sync 1 DAGs
[2025-02-17T12:13:46.624+0000] {logging_mixin.py:190} INFO - [2025-02-17T12:13:46.624+0000] {dag.py:4180} INFO - Setting next_dagrun for data_pipeline to 2025-02-17 12:00:00+00:00, run_after=2025-02-17 13:00:00+00:00
[2025-02-17T12:13:46.639+0000] {processor.py:208} INFO - Processing /opt/airflow/dags/data_pipeline.py took 2.432 seconds
[2025-02-17T12:14:17.442+0000] {processor.py:186} INFO - Started process (PID=4668) to work on /opt/airflow/dags/data_pipeline.py
[2025-02-17T12:14:17.443+0000] {processor.py:914} INFO - Processing file /opt/airflow/dags/data_pipeline.py for tasks to queue
[2025-02-17T12:14:17.446+0000] {logging_mixin.py:190} INFO - [2025-02-17T12:14:17.445+0000] {dagbag.py:588} INFO - Filling up the DagBag from /opt/airflow/dags/data_pipeline.py
[2025-02-17T12:14:18.852+0000] {logging_mixin.py:190} INFO - [2025-02-17T12:14:18.852+0000] {warnings.py:109} WARNING - /home/airflow/.local/lib/python3.9/site-packages/snowflake/sqlalchemy/base.py:1068: SAWarning: The GenericFunction 'flatten' is already registered and is going to be overridden.
  functions.register_function("flatten", flatten)
[2025-02-17T12:14:19.862+0000] {processor.py:925} INFO - DAG(s) 'data_pipeline' retrieved from /opt/airflow/dags/data_pipeline.py
[2025-02-17T12:14:19.873+0000] {logging_mixin.py:190} INFO - [2025-02-17T12:14:19.873+0000] {dag.py:3239} INFO - Sync 1 DAGs
[2025-02-17T12:14:19.891+0000] {logging_mixin.py:190} INFO - [2025-02-17T12:14:19.891+0000] {dag.py:4180} INFO - Setting next_dagrun for data_pipeline to 2025-02-17 12:00:00+00:00, run_after=2025-02-17 13:00:00+00:00
[2025-02-17T12:14:19.905+0000] {processor.py:208} INFO - Processing /opt/airflow/dags/data_pipeline.py took 2.469 seconds
[2025-02-17T12:14:49.981+0000] {processor.py:186} INFO - Started process (PID=4694) to work on /opt/airflow/dags/data_pipeline.py
[2025-02-17T12:14:49.982+0000] {processor.py:914} INFO - Processing file /opt/airflow/dags/data_pipeline.py for tasks to queue
[2025-02-17T12:14:49.984+0000] {logging_mixin.py:190} INFO - [2025-02-17T12:14:49.984+0000] {dagbag.py:588} INFO - Filling up the DagBag from /opt/airflow/dags/data_pipeline.py
[2025-02-17T12:14:51.488+0000] {logging_mixin.py:190} INFO - [2025-02-17T12:14:51.488+0000] {warnings.py:109} WARNING - /home/airflow/.local/lib/python3.9/site-packages/snowflake/sqlalchemy/base.py:1068: SAWarning: The GenericFunction 'flatten' is already registered and is going to be overridden.
  functions.register_function("flatten", flatten)
[2025-02-17T12:14:52.454+0000] {processor.py:925} INFO - DAG(s) 'data_pipeline' retrieved from /opt/airflow/dags/data_pipeline.py
[2025-02-17T12:14:52.465+0000] {logging_mixin.py:190} INFO - [2025-02-17T12:14:52.465+0000] {dag.py:3239} INFO - Sync 1 DAGs
[2025-02-17T12:14:52.486+0000] {logging_mixin.py:190} INFO - [2025-02-17T12:14:52.486+0000] {dag.py:4180} INFO - Setting next_dagrun for data_pipeline to 2025-02-17 12:00:00+00:00, run_after=2025-02-17 13:00:00+00:00
[2025-02-17T12:14:52.538+0000] {processor.py:208} INFO - Processing /opt/airflow/dags/data_pipeline.py took 2.564 seconds
[2025-02-17T12:15:22.814+0000] {processor.py:186} INFO - Started process (PID=4721) to work on /opt/airflow/dags/data_pipeline.py
[2025-02-17T12:15:22.815+0000] {processor.py:914} INFO - Processing file /opt/airflow/dags/data_pipeline.py for tasks to queue
[2025-02-17T12:15:22.817+0000] {logging_mixin.py:190} INFO - [2025-02-17T12:15:22.817+0000] {dagbag.py:588} INFO - Filling up the DagBag from /opt/airflow/dags/data_pipeline.py
[2025-02-17T12:15:24.457+0000] {logging_mixin.py:190} INFO - [2025-02-17T12:15:24.456+0000] {warnings.py:109} WARNING - /home/airflow/.local/lib/python3.9/site-packages/snowflake/sqlalchemy/base.py:1068: SAWarning: The GenericFunction 'flatten' is already registered and is going to be overridden.
  functions.register_function("flatten", flatten)
[2025-02-17T12:15:25.428+0000] {processor.py:925} INFO - DAG(s) 'data_pipeline' retrieved from /opt/airflow/dags/data_pipeline.py
[2025-02-17T12:15:25.440+0000] {logging_mixin.py:190} INFO - [2025-02-17T12:15:25.440+0000] {dag.py:3239} INFO - Sync 1 DAGs
[2025-02-17T12:15:25.460+0000] {logging_mixin.py:190} INFO - [2025-02-17T12:15:25.460+0000] {dag.py:4180} INFO - Setting next_dagrun for data_pipeline to 2025-02-17 12:00:00+00:00, run_after=2025-02-17 13:00:00+00:00
[2025-02-17T12:15:25.513+0000] {processor.py:208} INFO - Processing /opt/airflow/dags/data_pipeline.py took 2.705 seconds
[2025-02-17T12:15:55.750+0000] {processor.py:186} INFO - Started process (PID=4747) to work on /opt/airflow/dags/data_pipeline.py
[2025-02-17T12:15:55.751+0000] {processor.py:914} INFO - Processing file /opt/airflow/dags/data_pipeline.py for tasks to queue
[2025-02-17T12:15:55.753+0000] {logging_mixin.py:190} INFO - [2025-02-17T12:15:55.753+0000] {dagbag.py:588} INFO - Filling up the DagBag from /opt/airflow/dags/data_pipeline.py
[2025-02-17T12:15:57.245+0000] {logging_mixin.py:190} INFO - [2025-02-17T12:15:57.244+0000] {warnings.py:109} WARNING - /home/airflow/.local/lib/python3.9/site-packages/snowflake/sqlalchemy/base.py:1068: SAWarning: The GenericFunction 'flatten' is already registered and is going to be overridden.
  functions.register_function("flatten", flatten)
[2025-02-17T12:15:58.219+0000] {processor.py:925} INFO - DAG(s) 'data_pipeline' retrieved from /opt/airflow/dags/data_pipeline.py
[2025-02-17T12:15:58.230+0000] {logging_mixin.py:190} INFO - [2025-02-17T12:15:58.230+0000] {dag.py:3239} INFO - Sync 1 DAGs
[2025-02-17T12:15:58.248+0000] {logging_mixin.py:190} INFO - [2025-02-17T12:15:58.248+0000] {dag.py:4180} INFO - Setting next_dagrun for data_pipeline to 2025-02-17 12:00:00+00:00, run_after=2025-02-17 13:00:00+00:00
[2025-02-17T12:15:58.263+0000] {processor.py:208} INFO - Processing /opt/airflow/dags/data_pipeline.py took 2.518 seconds
[2025-02-17T12:16:28.513+0000] {processor.py:186} INFO - Started process (PID=4773) to work on /opt/airflow/dags/data_pipeline.py
[2025-02-17T12:16:28.545+0000] {processor.py:914} INFO - Processing file /opt/airflow/dags/data_pipeline.py for tasks to queue
[2025-02-17T12:16:28.547+0000] {logging_mixin.py:190} INFO - [2025-02-17T12:16:28.547+0000] {dagbag.py:588} INFO - Filling up the DagBag from /opt/airflow/dags/data_pipeline.py
[2025-02-17T12:16:29.932+0000] {logging_mixin.py:190} INFO - [2025-02-17T12:16:29.931+0000] {warnings.py:109} WARNING - /home/airflow/.local/lib/python3.9/site-packages/snowflake/sqlalchemy/base.py:1068: SAWarning: The GenericFunction 'flatten' is already registered and is going to be overridden.
  functions.register_function("flatten", flatten)
[2025-02-17T12:16:30.870+0000] {processor.py:925} INFO - DAG(s) 'data_pipeline' retrieved from /opt/airflow/dags/data_pipeline.py
[2025-02-17T12:16:30.882+0000] {logging_mixin.py:190} INFO - [2025-02-17T12:16:30.881+0000] {dag.py:3239} INFO - Sync 1 DAGs
[2025-02-17T12:16:30.901+0000] {logging_mixin.py:190} INFO - [2025-02-17T12:16:30.901+0000] {dag.py:4180} INFO - Setting next_dagrun for data_pipeline to 2025-02-17 12:00:00+00:00, run_after=2025-02-17 13:00:00+00:00
[2025-02-17T12:16:30.915+0000] {processor.py:208} INFO - Processing /opt/airflow/dags/data_pipeline.py took 2.407 seconds
[2025-02-17T12:17:01.025+0000] {processor.py:186} INFO - Started process (PID=4799) to work on /opt/airflow/dags/data_pipeline.py
[2025-02-17T12:17:01.042+0000] {processor.py:914} INFO - Processing file /opt/airflow/dags/data_pipeline.py for tasks to queue
[2025-02-17T12:17:01.045+0000] {logging_mixin.py:190} INFO - [2025-02-17T12:17:01.044+0000] {dagbag.py:588} INFO - Filling up the DagBag from /opt/airflow/dags/data_pipeline.py
[2025-02-17T12:17:02.425+0000] {logging_mixin.py:190} INFO - [2025-02-17T12:17:02.425+0000] {warnings.py:109} WARNING - /home/airflow/.local/lib/python3.9/site-packages/snowflake/sqlalchemy/base.py:1068: SAWarning: The GenericFunction 'flatten' is already registered and is going to be overridden.
  functions.register_function("flatten", flatten)
[2025-02-17T12:17:03.364+0000] {processor.py:925} INFO - DAG(s) 'data_pipeline' retrieved from /opt/airflow/dags/data_pipeline.py
[2025-02-17T12:17:03.375+0000] {logging_mixin.py:190} INFO - [2025-02-17T12:17:03.375+0000] {dag.py:3239} INFO - Sync 1 DAGs
[2025-02-17T12:17:03.394+0000] {logging_mixin.py:190} INFO - [2025-02-17T12:17:03.394+0000] {dag.py:4180} INFO - Setting next_dagrun for data_pipeline to 2025-02-17 12:00:00+00:00, run_after=2025-02-17 13:00:00+00:00
[2025-02-17T12:17:03.408+0000] {processor.py:208} INFO - Processing /opt/airflow/dags/data_pipeline.py took 2.388 seconds
[2025-02-17T12:17:33.502+0000] {processor.py:186} INFO - Started process (PID=4825) to work on /opt/airflow/dags/data_pipeline.py
[2025-02-17T12:17:33.540+0000] {processor.py:914} INFO - Processing file /opt/airflow/dags/data_pipeline.py for tasks to queue
[2025-02-17T12:17:33.543+0000] {logging_mixin.py:190} INFO - [2025-02-17T12:17:33.543+0000] {dagbag.py:588} INFO - Filling up the DagBag from /opt/airflow/dags/data_pipeline.py
[2025-02-17T12:17:34.984+0000] {logging_mixin.py:190} INFO - [2025-02-17T12:17:34.984+0000] {warnings.py:109} WARNING - /home/airflow/.local/lib/python3.9/site-packages/snowflake/sqlalchemy/base.py:1068: SAWarning: The GenericFunction 'flatten' is already registered and is going to be overridden.
  functions.register_function("flatten", flatten)
[2025-02-17T12:17:35.935+0000] {processor.py:925} INFO - DAG(s) 'data_pipeline' retrieved from /opt/airflow/dags/data_pipeline.py
[2025-02-17T12:17:35.950+0000] {logging_mixin.py:190} INFO - [2025-02-17T12:17:35.950+0000] {dag.py:3239} INFO - Sync 1 DAGs
[2025-02-17T12:17:35.971+0000] {logging_mixin.py:190} INFO - [2025-02-17T12:17:35.970+0000] {dag.py:4180} INFO - Setting next_dagrun for data_pipeline to 2025-02-17 12:00:00+00:00, run_after=2025-02-17 13:00:00+00:00
[2025-02-17T12:17:36.045+0000] {processor.py:208} INFO - Processing /opt/airflow/dags/data_pipeline.py took 2.549 seconds
[2025-02-17T12:18:06.741+0000] {processor.py:186} INFO - Started process (PID=4852) to work on /opt/airflow/dags/data_pipeline.py
[2025-02-17T12:18:06.742+0000] {processor.py:914} INFO - Processing file /opt/airflow/dags/data_pipeline.py for tasks to queue
[2025-02-17T12:18:06.744+0000] {logging_mixin.py:190} INFO - [2025-02-17T12:18:06.744+0000] {dagbag.py:588} INFO - Filling up the DagBag from /opt/airflow/dags/data_pipeline.py
[2025-02-17T12:18:08.255+0000] {logging_mixin.py:190} INFO - [2025-02-17T12:18:08.254+0000] {warnings.py:109} WARNING - /home/airflow/.local/lib/python3.9/site-packages/snowflake/sqlalchemy/base.py:1068: SAWarning: The GenericFunction 'flatten' is already registered and is going to be overridden.
  functions.register_function("flatten", flatten)
[2025-02-17T12:18:09.259+0000] {processor.py:925} INFO - DAG(s) 'data_pipeline' retrieved from /opt/airflow/dags/data_pipeline.py
[2025-02-17T12:18:09.271+0000] {logging_mixin.py:190} INFO - [2025-02-17T12:18:09.271+0000] {dag.py:3239} INFO - Sync 1 DAGs
[2025-02-17T12:18:09.290+0000] {logging_mixin.py:190} INFO - [2025-02-17T12:18:09.290+0000] {dag.py:4180} INFO - Setting next_dagrun for data_pipeline to 2025-02-17 12:00:00+00:00, run_after=2025-02-17 13:00:00+00:00
[2025-02-17T12:18:09.304+0000] {processor.py:208} INFO - Processing /opt/airflow/dags/data_pipeline.py took 2.569 seconds
[2025-02-17T12:18:39.871+0000] {processor.py:186} INFO - Started process (PID=4884) to work on /opt/airflow/dags/data_pipeline.py
[2025-02-17T12:18:39.940+0000] {processor.py:914} INFO - Processing file /opt/airflow/dags/data_pipeline.py for tasks to queue
[2025-02-17T12:18:39.942+0000] {logging_mixin.py:190} INFO - [2025-02-17T12:18:39.942+0000] {dagbag.py:588} INFO - Filling up the DagBag from /opt/airflow/dags/data_pipeline.py
[2025-02-17T12:18:41.537+0000] {logging_mixin.py:190} INFO - [2025-02-17T12:18:41.536+0000] {warnings.py:109} WARNING - /home/airflow/.local/lib/python3.9/site-packages/snowflake/sqlalchemy/base.py:1068: SAWarning: The GenericFunction 'flatten' is already registered and is going to be overridden.
  functions.register_function("flatten", flatten)
[2025-02-17T12:18:42.676+0000] {processor.py:925} INFO - DAG(s) 'data_pipeline' retrieved from /opt/airflow/dags/data_pipeline.py
[2025-02-17T12:18:42.688+0000] {logging_mixin.py:190} INFO - [2025-02-17T12:18:42.688+0000] {dag.py:3239} INFO - Sync 1 DAGs
[2025-02-17T12:18:42.708+0000] {logging_mixin.py:190} INFO - [2025-02-17T12:18:42.708+0000] {dag.py:4180} INFO - Setting next_dagrun for data_pipeline to 2025-02-17 12:00:00+00:00, run_after=2025-02-17 13:00:00+00:00
[2025-02-17T12:18:42.729+0000] {processor.py:208} INFO - Processing /opt/airflow/dags/data_pipeline.py took 2.864 seconds
[2025-02-17T12:43:01.813+0000] {processor.py:186} INFO - Started process (PID=4904) to work on /opt/airflow/dags/data_pipeline.py
[2025-02-17T12:43:01.816+0000] {processor.py:914} INFO - Processing file /opt/airflow/dags/data_pipeline.py for tasks to queue
[2025-02-17T12:43:01.824+0000] {logging_mixin.py:190} INFO - [2025-02-17T12:43:01.824+0000] {dagbag.py:588} INFO - Filling up the DagBag from /opt/airflow/dags/data_pipeline.py
[2025-02-17T12:43:04.869+0000] {logging_mixin.py:190} INFO - [2025-02-17T12:43:04.869+0000] {warnings.py:109} WARNING - /home/airflow/.local/lib/python3.9/site-packages/snowflake/sqlalchemy/base.py:1068: SAWarning: The GenericFunction 'flatten' is already registered and is going to be overridden.
  functions.register_function("flatten", flatten)
[2025-02-17T12:43:07.777+0000] {processor.py:925} INFO - DAG(s) 'data_pipeline' retrieved from /opt/airflow/dags/data_pipeline.py
[2025-02-17T12:43:07.797+0000] {logging_mixin.py:190} INFO - [2025-02-17T12:43:07.797+0000] {dag.py:3239} INFO - Sync 1 DAGs
[2025-02-17T12:43:07.828+0000] {logging_mixin.py:190} INFO - [2025-02-17T12:43:07.827+0000] {dag.py:4180} INFO - Setting next_dagrun for data_pipeline to 2025-02-17 12:00:00+00:00, run_after=2025-02-17 13:00:00+00:00
[2025-02-17T12:43:07.848+0000] {processor.py:208} INFO - Processing /opt/airflow/dags/data_pipeline.py took 6.055 seconds
[2025-02-17T12:43:37.953+0000] {processor.py:186} INFO - Started process (PID=4931) to work on /opt/airflow/dags/data_pipeline.py
[2025-02-17T12:43:37.956+0000] {processor.py:914} INFO - Processing file /opt/airflow/dags/data_pipeline.py for tasks to queue
[2025-02-17T12:43:37.959+0000] {logging_mixin.py:190} INFO - [2025-02-17T12:43:37.959+0000] {dagbag.py:588} INFO - Filling up the DagBag from /opt/airflow/dags/data_pipeline.py
[2025-02-17T12:43:39.718+0000] {logging_mixin.py:190} INFO - [2025-02-17T12:43:39.717+0000] {warnings.py:109} WARNING - /home/airflow/.local/lib/python3.9/site-packages/snowflake/sqlalchemy/base.py:1068: SAWarning: The GenericFunction 'flatten' is already registered and is going to be overridden.
  functions.register_function("flatten", flatten)
[2025-02-17T12:43:40.881+0000] {processor.py:925} INFO - DAG(s) 'data_pipeline' retrieved from /opt/airflow/dags/data_pipeline.py
[2025-02-17T12:43:40.895+0000] {logging_mixin.py:190} INFO - [2025-02-17T12:43:40.895+0000] {dag.py:3239} INFO - Sync 1 DAGs
[2025-02-17T12:43:40.921+0000] {logging_mixin.py:190} INFO - [2025-02-17T12:43:40.921+0000] {dag.py:4180} INFO - Setting next_dagrun for data_pipeline to 2025-02-17 12:00:00+00:00, run_after=2025-02-17 13:00:00+00:00
[2025-02-17T12:43:40.942+0000] {processor.py:208} INFO - Processing /opt/airflow/dags/data_pipeline.py took 2.996 seconds
[2025-02-17T12:44:11.243+0000] {processor.py:186} INFO - Started process (PID=4957) to work on /opt/airflow/dags/data_pipeline.py
[2025-02-17T12:44:11.244+0000] {processor.py:914} INFO - Processing file /opt/airflow/dags/data_pipeline.py for tasks to queue
[2025-02-17T12:44:11.246+0000] {logging_mixin.py:190} INFO - [2025-02-17T12:44:11.246+0000] {dagbag.py:588} INFO - Filling up the DagBag from /opt/airflow/dags/data_pipeline.py
[2025-02-17T12:44:13.480+0000] {logging_mixin.py:190} INFO - [2025-02-17T12:44:13.479+0000] {warnings.py:109} WARNING - /home/airflow/.local/lib/python3.9/site-packages/snowflake/sqlalchemy/base.py:1068: SAWarning: The GenericFunction 'flatten' is already registered and is going to be overridden.
  functions.register_function("flatten", flatten)
[2025-02-17T12:44:15.110+0000] {processor.py:925} INFO - DAG(s) 'data_pipeline' retrieved from /opt/airflow/dags/data_pipeline.py
[2025-02-17T12:44:15.131+0000] {logging_mixin.py:190} INFO - [2025-02-17T12:44:15.131+0000] {dag.py:3239} INFO - Sync 1 DAGs
[2025-02-17T12:44:15.170+0000] {logging_mixin.py:190} INFO - [2025-02-17T12:44:15.170+0000] {dag.py:4180} INFO - Setting next_dagrun for data_pipeline to 2025-02-17 12:00:00+00:00, run_after=2025-02-17 13:00:00+00:00
[2025-02-17T12:44:15.195+0000] {processor.py:208} INFO - Processing /opt/airflow/dags/data_pipeline.py took 3.959 seconds
[2025-02-17T12:44:45.440+0000] {processor.py:186} INFO - Started process (PID=4989) to work on /opt/airflow/dags/data_pipeline.py
[2025-02-17T12:44:45.478+0000] {processor.py:914} INFO - Processing file /opt/airflow/dags/data_pipeline.py for tasks to queue
[2025-02-17T12:44:45.480+0000] {logging_mixin.py:190} INFO - [2025-02-17T12:44:45.480+0000] {dagbag.py:588} INFO - Filling up the DagBag from /opt/airflow/dags/data_pipeline.py
[2025-02-17T12:44:47.112+0000] {logging_mixin.py:190} INFO - [2025-02-17T12:44:47.112+0000] {warnings.py:109} WARNING - /home/airflow/.local/lib/python3.9/site-packages/snowflake/sqlalchemy/base.py:1068: SAWarning: The GenericFunction 'flatten' is already registered and is going to be overridden.
  functions.register_function("flatten", flatten)
[2025-02-17T12:44:48.264+0000] {processor.py:925} INFO - DAG(s) 'data_pipeline' retrieved from /opt/airflow/dags/data_pipeline.py
[2025-02-17T12:44:48.279+0000] {logging_mixin.py:190} INFO - [2025-02-17T12:44:48.279+0000] {dag.py:3239} INFO - Sync 1 DAGs
[2025-02-17T12:44:48.301+0000] {logging_mixin.py:190} INFO - [2025-02-17T12:44:48.300+0000] {dag.py:4180} INFO - Setting next_dagrun for data_pipeline to 2025-02-17 12:00:00+00:00, run_after=2025-02-17 13:00:00+00:00
[2025-02-17T12:44:48.315+0000] {processor.py:208} INFO - Processing /opt/airflow/dags/data_pipeline.py took 2.882 seconds
[2025-02-17T12:45:18.540+0000] {processor.py:186} INFO - Started process (PID=5015) to work on /opt/airflow/dags/data_pipeline.py
[2025-02-17T12:45:18.542+0000] {processor.py:914} INFO - Processing file /opt/airflow/dags/data_pipeline.py for tasks to queue
[2025-02-17T12:45:18.544+0000] {logging_mixin.py:190} INFO - [2025-02-17T12:45:18.544+0000] {dagbag.py:588} INFO - Filling up the DagBag from /opt/airflow/dags/data_pipeline.py
[2025-02-17T12:45:20.159+0000] {logging_mixin.py:190} INFO - [2025-02-17T12:45:20.158+0000] {warnings.py:109} WARNING - /home/airflow/.local/lib/python3.9/site-packages/snowflake/sqlalchemy/base.py:1068: SAWarning: The GenericFunction 'flatten' is already registered and is going to be overridden.
  functions.register_function("flatten", flatten)
[2025-02-17T12:45:21.220+0000] {processor.py:925} INFO - DAG(s) 'data_pipeline' retrieved from /opt/airflow/dags/data_pipeline.py
[2025-02-17T12:45:21.233+0000] {logging_mixin.py:190} INFO - [2025-02-17T12:45:21.233+0000] {dag.py:3239} INFO - Sync 1 DAGs
[2025-02-17T12:45:21.253+0000] {logging_mixin.py:190} INFO - [2025-02-17T12:45:21.253+0000] {dag.py:4180} INFO - Setting next_dagrun for data_pipeline to 2025-02-17 12:00:00+00:00, run_after=2025-02-17 13:00:00+00:00
[2025-02-17T12:45:21.270+0000] {processor.py:208} INFO - Processing /opt/airflow/dags/data_pipeline.py took 2.738 seconds
[2025-02-17T12:45:51.458+0000] {processor.py:186} INFO - Started process (PID=5041) to work on /opt/airflow/dags/data_pipeline.py
[2025-02-17T12:45:51.460+0000] {processor.py:914} INFO - Processing file /opt/airflow/dags/data_pipeline.py for tasks to queue
[2025-02-17T12:45:51.462+0000] {logging_mixin.py:190} INFO - [2025-02-17T12:45:51.462+0000] {dagbag.py:588} INFO - Filling up the DagBag from /opt/airflow/dags/data_pipeline.py
[2025-02-17T12:45:53.302+0000] {logging_mixin.py:190} INFO - [2025-02-17T12:45:53.301+0000] {warnings.py:109} WARNING - /home/airflow/.local/lib/python3.9/site-packages/snowflake/sqlalchemy/base.py:1068: SAWarning: The GenericFunction 'flatten' is already registered and is going to be overridden.
  functions.register_function("flatten", flatten)
[2025-02-17T12:45:54.451+0000] {processor.py:925} INFO - DAG(s) 'data_pipeline' retrieved from /opt/airflow/dags/data_pipeline.py
[2025-02-17T12:45:54.464+0000] {logging_mixin.py:190} INFO - [2025-02-17T12:45:54.464+0000] {dag.py:3239} INFO - Sync 1 DAGs
[2025-02-17T12:45:54.486+0000] {logging_mixin.py:190} INFO - [2025-02-17T12:45:54.486+0000] {dag.py:4180} INFO - Setting next_dagrun for data_pipeline to 2025-02-17 12:00:00+00:00, run_after=2025-02-17 13:00:00+00:00
[2025-02-17T12:45:54.504+0000] {processor.py:208} INFO - Processing /opt/airflow/dags/data_pipeline.py took 3.053 seconds
