[2025-02-17T11:52:16.232+0000] {processor.py:186} INFO - Started process (PID=3615) to work on /opt/airflow/dags/training_pipeline.py
[2025-02-17T11:52:16.233+0000] {processor.py:914} INFO - Processing file /opt/airflow/dags/training_pipeline.py for tasks to queue
[2025-02-17T11:52:16.245+0000] {logging_mixin.py:190} INFO - [2025-02-17T11:52:16.239+0000] {dagbag.py:588} INFO - Filling up the DagBag from /opt/airflow/dags/training_pipeline.py
[2025-02-17T11:52:16.257+0000] {processor.py:927} WARNING - No viable dags retrieved from /opt/airflow/dags/training_pipeline.py
[2025-02-17T11:52:16.479+0000] {processor.py:208} INFO - Processing /opt/airflow/dags/training_pipeline.py took 0.280 seconds
[2025-02-17T11:52:46.583+0000] {processor.py:186} INFO - Started process (PID=3641) to work on /opt/airflow/dags/training_pipeline.py
[2025-02-17T11:52:46.585+0000] {processor.py:914} INFO - Processing file /opt/airflow/dags/training_pipeline.py for tasks to queue
[2025-02-17T11:52:46.588+0000] {logging_mixin.py:190} INFO - [2025-02-17T11:52:46.587+0000] {dagbag.py:588} INFO - Filling up the DagBag from /opt/airflow/dags/training_pipeline.py
[2025-02-17T11:52:46.591+0000] {processor.py:927} WARNING - No viable dags retrieved from /opt/airflow/dags/training_pipeline.py
[2025-02-17T11:52:46.611+0000] {processor.py:208} INFO - Processing /opt/airflow/dags/training_pipeline.py took 0.037 seconds
[2025-02-17T11:53:16.692+0000] {processor.py:186} INFO - Started process (PID=3667) to work on /opt/airflow/dags/training_pipeline.py
[2025-02-17T11:53:16.693+0000] {processor.py:914} INFO - Processing file /opt/airflow/dags/training_pipeline.py for tasks to queue
[2025-02-17T11:53:16.699+0000] {logging_mixin.py:190} INFO - [2025-02-17T11:53:16.698+0000] {dagbag.py:588} INFO - Filling up the DagBag from /opt/airflow/dags/training_pipeline.py
[2025-02-17T11:53:16.703+0000] {processor.py:927} WARNING - No viable dags retrieved from /opt/airflow/dags/training_pipeline.py
[2025-02-17T11:53:16.721+0000] {processor.py:208} INFO - Processing /opt/airflow/dags/training_pipeline.py took 0.040 seconds
[2025-02-17T11:53:47.700+0000] {processor.py:186} INFO - Started process (PID=3693) to work on /opt/airflow/dags/training_pipeline.py
[2025-02-17T11:53:47.702+0000] {processor.py:914} INFO - Processing file /opt/airflow/dags/training_pipeline.py for tasks to queue
[2025-02-17T11:53:47.704+0000] {logging_mixin.py:190} INFO - [2025-02-17T11:53:47.703+0000] {dagbag.py:588} INFO - Filling up the DagBag from /opt/airflow/dags/training_pipeline.py
[2025-02-17T11:53:47.706+0000] {processor.py:927} WARNING - No viable dags retrieved from /opt/airflow/dags/training_pipeline.py
[2025-02-17T11:53:47.718+0000] {processor.py:208} INFO - Processing /opt/airflow/dags/training_pipeline.py took 0.025 seconds
[2025-02-17T11:54:18.608+0000] {processor.py:186} INFO - Started process (PID=3719) to work on /opt/airflow/dags/training_pipeline.py
[2025-02-17T11:54:18.609+0000] {processor.py:914} INFO - Processing file /opt/airflow/dags/training_pipeline.py for tasks to queue
[2025-02-17T11:54:18.612+0000] {logging_mixin.py:190} INFO - [2025-02-17T11:54:18.611+0000] {dagbag.py:588} INFO - Filling up the DagBag from /opt/airflow/dags/training_pipeline.py
[2025-02-17T11:54:18.614+0000] {processor.py:927} WARNING - No viable dags retrieved from /opt/airflow/dags/training_pipeline.py
[2025-02-17T11:54:18.630+0000] {processor.py:208} INFO - Processing /opt/airflow/dags/training_pipeline.py took 0.030 seconds
[2025-02-17T11:54:49.367+0000] {processor.py:186} INFO - Started process (PID=3745) to work on /opt/airflow/dags/training_pipeline.py
[2025-02-17T11:54:49.368+0000] {processor.py:914} INFO - Processing file /opt/airflow/dags/training_pipeline.py for tasks to queue
[2025-02-17T11:54:49.372+0000] {logging_mixin.py:190} INFO - [2025-02-17T11:54:49.372+0000] {dagbag.py:588} INFO - Filling up the DagBag from /opt/airflow/dags/training_pipeline.py
[2025-02-17T11:54:49.375+0000] {processor.py:927} WARNING - No viable dags retrieved from /opt/airflow/dags/training_pipeline.py
[2025-02-17T11:54:49.393+0000] {processor.py:208} INFO - Processing /opt/airflow/dags/training_pipeline.py took 0.034 seconds
[2025-02-17T11:55:20.253+0000] {processor.py:186} INFO - Started process (PID=3756) to work on /opt/airflow/dags/training_pipeline.py
[2025-02-17T11:55:20.255+0000] {processor.py:914} INFO - Processing file /opt/airflow/dags/training_pipeline.py for tasks to queue
[2025-02-17T11:55:20.257+0000] {logging_mixin.py:190} INFO - [2025-02-17T11:55:20.257+0000] {dagbag.py:588} INFO - Filling up the DagBag from /opt/airflow/dags/training_pipeline.py
[2025-02-17T11:55:20.259+0000] {processor.py:927} WARNING - No viable dags retrieved from /opt/airflow/dags/training_pipeline.py
[2025-02-17T11:55:20.272+0000] {processor.py:208} INFO - Processing /opt/airflow/dags/training_pipeline.py took 0.025 seconds
[2025-02-17T11:55:50.749+0000] {processor.py:186} INFO - Started process (PID=3779) to work on /opt/airflow/dags/training_pipeline.py
[2025-02-17T11:55:50.750+0000] {processor.py:914} INFO - Processing file /opt/airflow/dags/training_pipeline.py for tasks to queue
[2025-02-17T11:55:50.752+0000] {logging_mixin.py:190} INFO - [2025-02-17T11:55:50.752+0000] {dagbag.py:588} INFO - Filling up the DagBag from /opt/airflow/dags/training_pipeline.py
[2025-02-17T11:55:50.755+0000] {processor.py:927} WARNING - No viable dags retrieved from /opt/airflow/dags/training_pipeline.py
[2025-02-17T11:55:50.773+0000] {processor.py:208} INFO - Processing /opt/airflow/dags/training_pipeline.py took 0.032 seconds
[2025-02-17T11:56:21.734+0000] {processor.py:186} INFO - Started process (PID=3805) to work on /opt/airflow/dags/training_pipeline.py
[2025-02-17T11:56:21.736+0000] {processor.py:914} INFO - Processing file /opt/airflow/dags/training_pipeline.py for tasks to queue
[2025-02-17T11:56:21.740+0000] {logging_mixin.py:190} INFO - [2025-02-17T11:56:21.739+0000] {dagbag.py:588} INFO - Filling up the DagBag from /opt/airflow/dags/training_pipeline.py
[2025-02-17T11:56:21.744+0000] {processor.py:927} WARNING - No viable dags retrieved from /opt/airflow/dags/training_pipeline.py
[2025-02-17T11:56:21.765+0000] {processor.py:208} INFO - Processing /opt/airflow/dags/training_pipeline.py took 0.045 seconds
[2025-02-17T11:56:52.649+0000] {processor.py:186} INFO - Started process (PID=3831) to work on /opt/airflow/dags/training_pipeline.py
[2025-02-17T11:56:52.650+0000] {processor.py:914} INFO - Processing file /opt/airflow/dags/training_pipeline.py for tasks to queue
[2025-02-17T11:56:52.653+0000] {logging_mixin.py:190} INFO - [2025-02-17T11:56:52.652+0000] {dagbag.py:588} INFO - Filling up the DagBag from /opt/airflow/dags/training_pipeline.py
[2025-02-17T11:56:52.655+0000] {processor.py:927} WARNING - No viable dags retrieved from /opt/airflow/dags/training_pipeline.py
[2025-02-17T11:56:52.668+0000] {processor.py:208} INFO - Processing /opt/airflow/dags/training_pipeline.py took 0.027 seconds
[2025-02-17T11:57:23.458+0000] {processor.py:186} INFO - Started process (PID=3857) to work on /opt/airflow/dags/training_pipeline.py
[2025-02-17T11:57:23.459+0000] {processor.py:914} INFO - Processing file /opt/airflow/dags/training_pipeline.py for tasks to queue
[2025-02-17T11:57:23.462+0000] {logging_mixin.py:190} INFO - [2025-02-17T11:57:23.462+0000] {dagbag.py:588} INFO - Filling up the DagBag from /opt/airflow/dags/training_pipeline.py
[2025-02-17T11:57:23.464+0000] {processor.py:927} WARNING - No viable dags retrieved from /opt/airflow/dags/training_pipeline.py
[2025-02-17T11:57:23.476+0000] {processor.py:208} INFO - Processing /opt/airflow/dags/training_pipeline.py took 0.024 seconds
[2025-02-17T11:57:53.811+0000] {processor.py:186} INFO - Started process (PID=3883) to work on /opt/airflow/dags/training_pipeline.py
[2025-02-17T11:57:53.813+0000] {processor.py:914} INFO - Processing file /opt/airflow/dags/training_pipeline.py for tasks to queue
[2025-02-17T11:57:53.815+0000] {logging_mixin.py:190} INFO - [2025-02-17T11:57:53.815+0000] {dagbag.py:588} INFO - Filling up the DagBag from /opt/airflow/dags/training_pipeline.py
[2025-02-17T11:57:53.817+0000] {processor.py:927} WARNING - No viable dags retrieved from /opt/airflow/dags/training_pipeline.py
[2025-02-17T11:57:53.830+0000] {processor.py:208} INFO - Processing /opt/airflow/dags/training_pipeline.py took 0.027 seconds
[2025-02-17T11:58:24.317+0000] {processor.py:186} INFO - Started process (PID=3909) to work on /opt/airflow/dags/training_pipeline.py
[2025-02-17T11:58:24.318+0000] {processor.py:914} INFO - Processing file /opt/airflow/dags/training_pipeline.py for tasks to queue
[2025-02-17T11:58:24.321+0000] {logging_mixin.py:190} INFO - [2025-02-17T11:58:24.320+0000] {dagbag.py:588} INFO - Filling up the DagBag from /opt/airflow/dags/training_pipeline.py
[2025-02-17T11:58:24.324+0000] {processor.py:927} WARNING - No viable dags retrieved from /opt/airflow/dags/training_pipeline.py
[2025-02-17T11:58:24.337+0000] {processor.py:208} INFO - Processing /opt/airflow/dags/training_pipeline.py took 0.027 seconds
[2025-02-17T11:58:54.796+0000] {processor.py:186} INFO - Started process (PID=3935) to work on /opt/airflow/dags/training_pipeline.py
[2025-02-17T11:58:54.797+0000] {processor.py:914} INFO - Processing file /opt/airflow/dags/training_pipeline.py for tasks to queue
[2025-02-17T11:58:54.800+0000] {logging_mixin.py:190} INFO - [2025-02-17T11:58:54.799+0000] {dagbag.py:588} INFO - Filling up the DagBag from /opt/airflow/dags/training_pipeline.py
[2025-02-17T11:58:54.802+0000] {processor.py:927} WARNING - No viable dags retrieved from /opt/airflow/dags/training_pipeline.py
[2025-02-17T11:58:54.815+0000] {processor.py:208} INFO - Processing /opt/airflow/dags/training_pipeline.py took 0.025 seconds
[2025-02-17T11:59:25.172+0000] {processor.py:186} INFO - Started process (PID=3961) to work on /opt/airflow/dags/training_pipeline.py
[2025-02-17T11:59:25.174+0000] {processor.py:914} INFO - Processing file /opt/airflow/dags/training_pipeline.py for tasks to queue
[2025-02-17T11:59:25.176+0000] {logging_mixin.py:190} INFO - [2025-02-17T11:59:25.176+0000] {dagbag.py:588} INFO - Filling up the DagBag from /opt/airflow/dags/training_pipeline.py
[2025-02-17T11:59:25.178+0000] {processor.py:927} WARNING - No viable dags retrieved from /opt/airflow/dags/training_pipeline.py
[2025-02-17T11:59:25.194+0000] {processor.py:208} INFO - Processing /opt/airflow/dags/training_pipeline.py took 0.029 seconds
[2025-02-17T11:59:55.653+0000] {processor.py:186} INFO - Started process (PID=3987) to work on /opt/airflow/dags/training_pipeline.py
[2025-02-17T11:59:55.655+0000] {processor.py:914} INFO - Processing file /opt/airflow/dags/training_pipeline.py for tasks to queue
[2025-02-17T11:59:55.657+0000] {logging_mixin.py:190} INFO - [2025-02-17T11:59:55.657+0000] {dagbag.py:588} INFO - Filling up the DagBag from /opt/airflow/dags/training_pipeline.py
[2025-02-17T11:59:55.660+0000] {processor.py:927} WARNING - No viable dags retrieved from /opt/airflow/dags/training_pipeline.py
[2025-02-17T11:59:55.673+0000] {processor.py:208} INFO - Processing /opt/airflow/dags/training_pipeline.py took 0.028 seconds
[2025-02-17T12:00:26.151+0000] {processor.py:186} INFO - Started process (PID=4013) to work on /opt/airflow/dags/training_pipeline.py
[2025-02-17T12:00:26.153+0000] {processor.py:914} INFO - Processing file /opt/airflow/dags/training_pipeline.py for tasks to queue
[2025-02-17T12:00:26.156+0000] {logging_mixin.py:190} INFO - [2025-02-17T12:00:26.155+0000] {dagbag.py:588} INFO - Filling up the DagBag from /opt/airflow/dags/training_pipeline.py
[2025-02-17T12:00:26.158+0000] {processor.py:927} WARNING - No viable dags retrieved from /opt/airflow/dags/training_pipeline.py
[2025-02-17T12:00:26.173+0000] {processor.py:208} INFO - Processing /opt/airflow/dags/training_pipeline.py took 0.029 seconds
[2025-02-17T12:00:56.648+0000] {processor.py:186} INFO - Started process (PID=4021) to work on /opt/airflow/dags/training_pipeline.py
[2025-02-17T12:00:56.649+0000] {processor.py:914} INFO - Processing file /opt/airflow/dags/training_pipeline.py for tasks to queue
[2025-02-17T12:00:56.652+0000] {logging_mixin.py:190} INFO - [2025-02-17T12:00:56.652+0000] {dagbag.py:588} INFO - Filling up the DagBag from /opt/airflow/dags/training_pipeline.py
[2025-02-17T12:00:56.655+0000] {processor.py:927} WARNING - No viable dags retrieved from /opt/airflow/dags/training_pipeline.py
[2025-02-17T12:00:56.676+0000] {processor.py:208} INFO - Processing /opt/airflow/dags/training_pipeline.py took 0.037 seconds
[2025-02-17T12:01:27.129+0000] {processor.py:186} INFO - Started process (PID=4047) to work on /opt/airflow/dags/training_pipeline.py
[2025-02-17T12:01:27.131+0000] {processor.py:914} INFO - Processing file /opt/airflow/dags/training_pipeline.py for tasks to queue
[2025-02-17T12:01:27.134+0000] {logging_mixin.py:190} INFO - [2025-02-17T12:01:27.133+0000] {dagbag.py:588} INFO - Filling up the DagBag from /opt/airflow/dags/training_pipeline.py
[2025-02-17T12:01:27.136+0000] {processor.py:927} WARNING - No viable dags retrieved from /opt/airflow/dags/training_pipeline.py
[2025-02-17T12:01:27.148+0000] {processor.py:208} INFO - Processing /opt/airflow/dags/training_pipeline.py took 0.026 seconds
[2025-02-17T12:01:57.481+0000] {processor.py:186} INFO - Started process (PID=4073) to work on /opt/airflow/dags/training_pipeline.py
[2025-02-17T12:01:57.556+0000] {processor.py:914} INFO - Processing file /opt/airflow/dags/training_pipeline.py for tasks to queue
[2025-02-17T12:01:57.560+0000] {logging_mixin.py:190} INFO - [2025-02-17T12:01:57.559+0000] {dagbag.py:588} INFO - Filling up the DagBag from /opt/airflow/dags/training_pipeline.py
[2025-02-17T12:01:57.562+0000] {processor.py:927} WARNING - No viable dags retrieved from /opt/airflow/dags/training_pipeline.py
[2025-02-17T12:01:57.576+0000] {processor.py:208} INFO - Processing /opt/airflow/dags/training_pipeline.py took 0.102 seconds
[2025-02-17T12:02:28.005+0000] {processor.py:186} INFO - Started process (PID=4099) to work on /opt/airflow/dags/training_pipeline.py
[2025-02-17T12:02:28.007+0000] {processor.py:914} INFO - Processing file /opt/airflow/dags/training_pipeline.py for tasks to queue
[2025-02-17T12:02:28.009+0000] {logging_mixin.py:190} INFO - [2025-02-17T12:02:28.009+0000] {dagbag.py:588} INFO - Filling up the DagBag from /opt/airflow/dags/training_pipeline.py
[2025-02-17T12:02:28.012+0000] {processor.py:927} WARNING - No viable dags retrieved from /opt/airflow/dags/training_pipeline.py
[2025-02-17T12:02:28.028+0000] {processor.py:208} INFO - Processing /opt/airflow/dags/training_pipeline.py took 0.032 seconds
[2025-02-17T12:02:58.373+0000] {processor.py:186} INFO - Started process (PID=4125) to work on /opt/airflow/dags/training_pipeline.py
[2025-02-17T12:02:58.412+0000] {processor.py:914} INFO - Processing file /opt/airflow/dags/training_pipeline.py for tasks to queue
[2025-02-17T12:02:58.415+0000] {logging_mixin.py:190} INFO - [2025-02-17T12:02:58.415+0000] {dagbag.py:588} INFO - Filling up the DagBag from /opt/airflow/dags/training_pipeline.py
[2025-02-17T12:02:58.418+0000] {processor.py:927} WARNING - No viable dags retrieved from /opt/airflow/dags/training_pipeline.py
[2025-02-17T12:02:58.436+0000] {processor.py:208} INFO - Processing /opt/airflow/dags/training_pipeline.py took 0.072 seconds
[2025-02-17T12:03:28.834+0000] {processor.py:186} INFO - Started process (PID=4151) to work on /opt/airflow/dags/training_pipeline.py
[2025-02-17T12:03:28.835+0000] {processor.py:914} INFO - Processing file /opt/airflow/dags/training_pipeline.py for tasks to queue
[2025-02-17T12:03:28.838+0000] {logging_mixin.py:190} INFO - [2025-02-17T12:03:28.837+0000] {dagbag.py:588} INFO - Filling up the DagBag from /opt/airflow/dags/training_pipeline.py
[2025-02-17T12:03:28.840+0000] {processor.py:927} WARNING - No viable dags retrieved from /opt/airflow/dags/training_pipeline.py
[2025-02-17T12:03:28.854+0000] {processor.py:208} INFO - Processing /opt/airflow/dags/training_pipeline.py took 0.028 seconds
[2025-02-17T12:03:59.482+0000] {processor.py:186} INFO - Started process (PID=4177) to work on /opt/airflow/dags/training_pipeline.py
[2025-02-17T12:03:59.483+0000] {processor.py:914} INFO - Processing file /opt/airflow/dags/training_pipeline.py for tasks to queue
[2025-02-17T12:03:59.486+0000] {logging_mixin.py:190} INFO - [2025-02-17T12:03:59.485+0000] {dagbag.py:588} INFO - Filling up the DagBag from /opt/airflow/dags/training_pipeline.py
[2025-02-17T12:03:59.488+0000] {processor.py:927} WARNING - No viable dags retrieved from /opt/airflow/dags/training_pipeline.py
[2025-02-17T12:03:59.503+0000] {processor.py:208} INFO - Processing /opt/airflow/dags/training_pipeline.py took 0.028 seconds
[2025-02-17T12:04:29.714+0000] {processor.py:186} INFO - Started process (PID=4203) to work on /opt/airflow/dags/training_pipeline.py
[2025-02-17T12:04:29.716+0000] {processor.py:914} INFO - Processing file /opt/airflow/dags/training_pipeline.py for tasks to queue
[2025-02-17T12:04:29.718+0000] {logging_mixin.py:190} INFO - [2025-02-17T12:04:29.718+0000] {dagbag.py:588} INFO - Filling up the DagBag from /opt/airflow/dags/training_pipeline.py
[2025-02-17T12:04:29.721+0000] {processor.py:927} WARNING - No viable dags retrieved from /opt/airflow/dags/training_pipeline.py
[2025-02-17T12:04:29.733+0000] {processor.py:208} INFO - Processing /opt/airflow/dags/training_pipeline.py took 0.025 seconds
[2025-02-17T12:05:00.111+0000] {processor.py:186} INFO - Started process (PID=4229) to work on /opt/airflow/dags/training_pipeline.py
[2025-02-17T12:05:00.114+0000] {processor.py:914} INFO - Processing file /opt/airflow/dags/training_pipeline.py for tasks to queue
[2025-02-17T12:05:00.116+0000] {logging_mixin.py:190} INFO - [2025-02-17T12:05:00.116+0000] {dagbag.py:588} INFO - Filling up the DagBag from /opt/airflow/dags/training_pipeline.py
[2025-02-17T12:05:00.119+0000] {processor.py:927} WARNING - No viable dags retrieved from /opt/airflow/dags/training_pipeline.py
[2025-02-17T12:05:00.133+0000] {processor.py:208} INFO - Processing /opt/airflow/dags/training_pipeline.py took 0.029 seconds
[2025-02-17T12:05:30.356+0000] {processor.py:186} INFO - Started process (PID=4255) to work on /opt/airflow/dags/training_pipeline.py
[2025-02-17T12:05:30.357+0000] {processor.py:914} INFO - Processing file /opt/airflow/dags/training_pipeline.py for tasks to queue
[2025-02-17T12:05:30.359+0000] {logging_mixin.py:190} INFO - [2025-02-17T12:05:30.359+0000] {dagbag.py:588} INFO - Filling up the DagBag from /opt/airflow/dags/training_pipeline.py
[2025-02-17T12:05:30.362+0000] {processor.py:927} WARNING - No viable dags retrieved from /opt/airflow/dags/training_pipeline.py
[2025-02-17T12:05:30.375+0000] {processor.py:208} INFO - Processing /opt/airflow/dags/training_pipeline.py took 0.027 seconds
[2025-02-17T12:06:00.492+0000] {processor.py:186} INFO - Started process (PID=4266) to work on /opt/airflow/dags/training_pipeline.py
[2025-02-17T12:06:00.494+0000] {processor.py:914} INFO - Processing file /opt/airflow/dags/training_pipeline.py for tasks to queue
[2025-02-17T12:06:00.496+0000] {logging_mixin.py:190} INFO - [2025-02-17T12:06:00.496+0000] {dagbag.py:588} INFO - Filling up the DagBag from /opt/airflow/dags/training_pipeline.py
[2025-02-17T12:06:00.498+0000] {processor.py:927} WARNING - No viable dags retrieved from /opt/airflow/dags/training_pipeline.py
[2025-02-17T12:06:00.513+0000] {processor.py:208} INFO - Processing /opt/airflow/dags/training_pipeline.py took 0.027 seconds
[2025-02-17T12:06:30.620+0000] {processor.py:186} INFO - Started process (PID=4289) to work on /opt/airflow/dags/training_pipeline.py
[2025-02-17T12:06:30.622+0000] {processor.py:914} INFO - Processing file /opt/airflow/dags/training_pipeline.py for tasks to queue
[2025-02-17T12:06:30.625+0000] {logging_mixin.py:190} INFO - [2025-02-17T12:06:30.625+0000] {dagbag.py:588} INFO - Filling up the DagBag from /opt/airflow/dags/training_pipeline.py
[2025-02-17T12:06:30.628+0000] {processor.py:927} WARNING - No viable dags retrieved from /opt/airflow/dags/training_pipeline.py
[2025-02-17T12:06:30.641+0000] {processor.py:208} INFO - Processing /opt/airflow/dags/training_pipeline.py took 0.028 seconds
[2025-02-17T12:07:00.670+0000] {processor.py:186} INFO - Started process (PID=4315) to work on /opt/airflow/dags/training_pipeline.py
[2025-02-17T12:07:00.672+0000] {processor.py:914} INFO - Processing file /opt/airflow/dags/training_pipeline.py for tasks to queue
[2025-02-17T12:07:00.674+0000] {logging_mixin.py:190} INFO - [2025-02-17T12:07:00.674+0000] {dagbag.py:588} INFO - Filling up the DagBag from /opt/airflow/dags/training_pipeline.py
[2025-02-17T12:07:00.676+0000] {processor.py:927} WARNING - No viable dags retrieved from /opt/airflow/dags/training_pipeline.py
[2025-02-17T12:07:00.688+0000] {processor.py:208} INFO - Processing /opt/airflow/dags/training_pipeline.py took 0.025 seconds
[2025-02-17T12:07:30.914+0000] {processor.py:186} INFO - Started process (PID=4341) to work on /opt/airflow/dags/training_pipeline.py
[2025-02-17T12:07:30.915+0000] {processor.py:914} INFO - Processing file /opt/airflow/dags/training_pipeline.py for tasks to queue
[2025-02-17T12:07:30.918+0000] {logging_mixin.py:190} INFO - [2025-02-17T12:07:30.918+0000] {dagbag.py:588} INFO - Filling up the DagBag from /opt/airflow/dags/training_pipeline.py
[2025-02-17T12:07:30.921+0000] {processor.py:927} WARNING - No viable dags retrieved from /opt/airflow/dags/training_pipeline.py
[2025-02-17T12:07:30.934+0000] {processor.py:208} INFO - Processing /opt/airflow/dags/training_pipeline.py took 0.027 seconds
[2025-02-17T12:08:01.296+0000] {processor.py:186} INFO - Started process (PID=4367) to work on /opt/airflow/dags/training_pipeline.py
[2025-02-17T12:08:01.297+0000] {processor.py:914} INFO - Processing file /opt/airflow/dags/training_pipeline.py for tasks to queue
[2025-02-17T12:08:01.300+0000] {logging_mixin.py:190} INFO - [2025-02-17T12:08:01.300+0000] {dagbag.py:588} INFO - Filling up the DagBag from /opt/airflow/dags/training_pipeline.py
[2025-02-17T12:08:01.304+0000] {processor.py:927} WARNING - No viable dags retrieved from /opt/airflow/dags/training_pipeline.py
[2025-02-17T12:08:01.318+0000] {processor.py:208} INFO - Processing /opt/airflow/dags/training_pipeline.py took 0.030 seconds
[2025-02-17T12:08:31.459+0000] {processor.py:186} INFO - Started process (PID=4393) to work on /opt/airflow/dags/training_pipeline.py
[2025-02-17T12:08:31.460+0000] {processor.py:914} INFO - Processing file /opt/airflow/dags/training_pipeline.py for tasks to queue
[2025-02-17T12:08:31.462+0000] {logging_mixin.py:190} INFO - [2025-02-17T12:08:31.462+0000] {dagbag.py:588} INFO - Filling up the DagBag from /opt/airflow/dags/training_pipeline.py
[2025-02-17T12:08:31.465+0000] {processor.py:927} WARNING - No viable dags retrieved from /opt/airflow/dags/training_pipeline.py
[2025-02-17T12:08:31.479+0000] {processor.py:208} INFO - Processing /opt/airflow/dags/training_pipeline.py took 0.028 seconds
[2025-02-17T12:09:01.696+0000] {processor.py:186} INFO - Started process (PID=4419) to work on /opt/airflow/dags/training_pipeline.py
[2025-02-17T12:09:01.697+0000] {processor.py:914} INFO - Processing file /opt/airflow/dags/training_pipeline.py for tasks to queue
[2025-02-17T12:09:01.700+0000] {logging_mixin.py:190} INFO - [2025-02-17T12:09:01.700+0000] {dagbag.py:588} INFO - Filling up the DagBag from /opt/airflow/dags/training_pipeline.py
[2025-02-17T12:09:01.703+0000] {processor.py:927} WARNING - No viable dags retrieved from /opt/airflow/dags/training_pipeline.py
[2025-02-17T12:09:01.719+0000] {processor.py:208} INFO - Processing /opt/airflow/dags/training_pipeline.py took 0.032 seconds
[2025-02-17T12:09:31.883+0000] {processor.py:186} INFO - Started process (PID=4445) to work on /opt/airflow/dags/training_pipeline.py
[2025-02-17T12:09:31.884+0000] {processor.py:914} INFO - Processing file /opt/airflow/dags/training_pipeline.py for tasks to queue
[2025-02-17T12:09:31.887+0000] {logging_mixin.py:190} INFO - [2025-02-17T12:09:31.886+0000] {dagbag.py:588} INFO - Filling up the DagBag from /opt/airflow/dags/training_pipeline.py
[2025-02-17T12:09:31.889+0000] {processor.py:927} WARNING - No viable dags retrieved from /opt/airflow/dags/training_pipeline.py
[2025-02-17T12:09:31.903+0000] {processor.py:208} INFO - Processing /opt/airflow/dags/training_pipeline.py took 0.025 seconds
[2025-02-17T12:10:02.045+0000] {processor.py:186} INFO - Started process (PID=4471) to work on /opt/airflow/dags/training_pipeline.py
[2025-02-17T12:10:02.051+0000] {processor.py:914} INFO - Processing file /opt/airflow/dags/training_pipeline.py for tasks to queue
[2025-02-17T12:10:02.053+0000] {logging_mixin.py:190} INFO - [2025-02-17T12:10:02.053+0000] {dagbag.py:588} INFO - Filling up the DagBag from /opt/airflow/dags/training_pipeline.py
[2025-02-17T12:10:02.055+0000] {processor.py:927} WARNING - No viable dags retrieved from /opt/airflow/dags/training_pipeline.py
[2025-02-17T12:10:02.068+0000] {processor.py:208} INFO - Processing /opt/airflow/dags/training_pipeline.py took 0.029 seconds
[2025-02-17T12:10:32.164+0000] {processor.py:186} INFO - Started process (PID=4497) to work on /opt/airflow/dags/training_pipeline.py
[2025-02-17T12:10:32.165+0000] {processor.py:914} INFO - Processing file /opt/airflow/dags/training_pipeline.py for tasks to queue
[2025-02-17T12:10:32.167+0000] {logging_mixin.py:190} INFO - [2025-02-17T12:10:32.167+0000] {dagbag.py:588} INFO - Filling up the DagBag from /opt/airflow/dags/training_pipeline.py
[2025-02-17T12:10:32.170+0000] {processor.py:927} WARNING - No viable dags retrieved from /opt/airflow/dags/training_pipeline.py
[2025-02-17T12:10:32.183+0000] {processor.py:208} INFO - Processing /opt/airflow/dags/training_pipeline.py took 0.025 seconds
[2025-02-17T12:11:02.283+0000] {processor.py:186} INFO - Started process (PID=4523) to work on /opt/airflow/dags/training_pipeline.py
[2025-02-17T12:11:02.285+0000] {processor.py:914} INFO - Processing file /opt/airflow/dags/training_pipeline.py for tasks to queue
[2025-02-17T12:11:02.287+0000] {logging_mixin.py:190} INFO - [2025-02-17T12:11:02.287+0000] {dagbag.py:588} INFO - Filling up the DagBag from /opt/airflow/dags/training_pipeline.py
[2025-02-17T12:11:02.289+0000] {processor.py:927} WARNING - No viable dags retrieved from /opt/airflow/dags/training_pipeline.py
[2025-02-17T12:11:02.302+0000] {processor.py:208} INFO - Processing /opt/airflow/dags/training_pipeline.py took 0.024 seconds
[2025-02-17T12:11:32.448+0000] {processor.py:186} INFO - Started process (PID=4533) to work on /opt/airflow/dags/training_pipeline.py
[2025-02-17T12:11:32.450+0000] {processor.py:914} INFO - Processing file /opt/airflow/dags/training_pipeline.py for tasks to queue
[2025-02-17T12:11:32.452+0000] {logging_mixin.py:190} INFO - [2025-02-17T12:11:32.452+0000] {dagbag.py:588} INFO - Filling up the DagBag from /opt/airflow/dags/training_pipeline.py
[2025-02-17T12:11:32.454+0000] {processor.py:927} WARNING - No viable dags retrieved from /opt/airflow/dags/training_pipeline.py
[2025-02-17T12:11:32.468+0000] {processor.py:208} INFO - Processing /opt/airflow/dags/training_pipeline.py took 0.027 seconds
[2025-02-17T12:12:02.576+0000] {processor.py:186} INFO - Started process (PID=4557) to work on /opt/airflow/dags/training_pipeline.py
[2025-02-17T12:12:02.577+0000] {processor.py:914} INFO - Processing file /opt/airflow/dags/training_pipeline.py for tasks to queue
[2025-02-17T12:12:02.579+0000] {logging_mixin.py:190} INFO - [2025-02-17T12:12:02.579+0000] {dagbag.py:588} INFO - Filling up the DagBag from /opt/airflow/dags/training_pipeline.py
[2025-02-17T12:12:02.581+0000] {processor.py:927} WARNING - No viable dags retrieved from /opt/airflow/dags/training_pipeline.py
[2025-02-17T12:12:02.594+0000] {processor.py:208} INFO - Processing /opt/airflow/dags/training_pipeline.py took 0.024 seconds
[2025-02-17T12:12:32.711+0000] {processor.py:186} INFO - Started process (PID=4583) to work on /opt/airflow/dags/training_pipeline.py
[2025-02-17T12:12:32.713+0000] {processor.py:914} INFO - Processing file /opt/airflow/dags/training_pipeline.py for tasks to queue
[2025-02-17T12:12:32.715+0000] {logging_mixin.py:190} INFO - [2025-02-17T12:12:32.715+0000] {dagbag.py:588} INFO - Filling up the DagBag from /opt/airflow/dags/training_pipeline.py
[2025-02-17T12:12:32.717+0000] {processor.py:927} WARNING - No viable dags retrieved from /opt/airflow/dags/training_pipeline.py
[2025-02-17T12:12:32.731+0000] {processor.py:208} INFO - Processing /opt/airflow/dags/training_pipeline.py took 0.026 seconds
[2025-02-17T12:13:02.839+0000] {processor.py:186} INFO - Started process (PID=4609) to work on /opt/airflow/dags/training_pipeline.py
[2025-02-17T12:13:02.840+0000] {processor.py:914} INFO - Processing file /opt/airflow/dags/training_pipeline.py for tasks to queue
[2025-02-17T12:13:02.843+0000] {logging_mixin.py:190} INFO - [2025-02-17T12:13:02.842+0000] {dagbag.py:588} INFO - Filling up the DagBag from /opt/airflow/dags/training_pipeline.py
[2025-02-17T12:13:02.845+0000] {processor.py:927} WARNING - No viable dags retrieved from /opt/airflow/dags/training_pipeline.py
[2025-02-17T12:13:02.862+0000] {processor.py:208} INFO - Processing /opt/airflow/dags/training_pipeline.py took 0.028 seconds
[2025-02-17T12:13:33.149+0000] {processor.py:186} INFO - Started process (PID=4635) to work on /opt/airflow/dags/training_pipeline.py
[2025-02-17T12:13:33.151+0000] {processor.py:914} INFO - Processing file /opt/airflow/dags/training_pipeline.py for tasks to queue
[2025-02-17T12:13:33.153+0000] {logging_mixin.py:190} INFO - [2025-02-17T12:13:33.153+0000] {dagbag.py:588} INFO - Filling up the DagBag from /opt/airflow/dags/training_pipeline.py
[2025-02-17T12:13:33.155+0000] {processor.py:927} WARNING - No viable dags retrieved from /opt/airflow/dags/training_pipeline.py
[2025-02-17T12:13:33.167+0000] {processor.py:208} INFO - Processing /opt/airflow/dags/training_pipeline.py took 0.023 seconds
[2025-02-17T12:14:03.368+0000] {processor.py:186} INFO - Started process (PID=4661) to work on /opt/airflow/dags/training_pipeline.py
[2025-02-17T12:14:03.369+0000] {processor.py:914} INFO - Processing file /opt/airflow/dags/training_pipeline.py for tasks to queue
[2025-02-17T12:14:03.371+0000] {logging_mixin.py:190} INFO - [2025-02-17T12:14:03.371+0000] {dagbag.py:588} INFO - Filling up the DagBag from /opt/airflow/dags/training_pipeline.py
[2025-02-17T12:14:03.373+0000] {processor.py:927} WARNING - No viable dags retrieved from /opt/airflow/dags/training_pipeline.py
[2025-02-17T12:14:03.385+0000] {processor.py:208} INFO - Processing /opt/airflow/dags/training_pipeline.py took 0.022 seconds
[2025-02-17T12:14:33.885+0000] {processor.py:186} INFO - Started process (PID=4687) to work on /opt/airflow/dags/training_pipeline.py
[2025-02-17T12:14:33.886+0000] {processor.py:914} INFO - Processing file /opt/airflow/dags/training_pipeline.py for tasks to queue
[2025-02-17T12:14:33.888+0000] {logging_mixin.py:190} INFO - [2025-02-17T12:14:33.888+0000] {dagbag.py:588} INFO - Filling up the DagBag from /opt/airflow/dags/training_pipeline.py
[2025-02-17T12:14:33.890+0000] {processor.py:927} WARNING - No viable dags retrieved from /opt/airflow/dags/training_pipeline.py
[2025-02-17T12:14:33.903+0000] {processor.py:208} INFO - Processing /opt/airflow/dags/training_pipeline.py took 0.024 seconds
[2025-02-17T12:15:04.379+0000] {processor.py:186} INFO - Started process (PID=4713) to work on /opt/airflow/dags/training_pipeline.py
[2025-02-17T12:15:04.381+0000] {processor.py:914} INFO - Processing file /opt/airflow/dags/training_pipeline.py for tasks to queue
[2025-02-17T12:15:04.383+0000] {logging_mixin.py:190} INFO - [2025-02-17T12:15:04.382+0000] {dagbag.py:588} INFO - Filling up the DagBag from /opt/airflow/dags/training_pipeline.py
[2025-02-17T12:15:04.384+0000] {processor.py:927} WARNING - No viable dags retrieved from /opt/airflow/dags/training_pipeline.py
[2025-02-17T12:15:04.397+0000] {processor.py:208} INFO - Processing /opt/airflow/dags/training_pipeline.py took 0.023 seconds
[2025-02-17T12:15:34.577+0000] {processor.py:186} INFO - Started process (PID=4739) to work on /opt/airflow/dags/training_pipeline.py
[2025-02-17T12:15:34.585+0000] {processor.py:914} INFO - Processing file /opt/airflow/dags/training_pipeline.py for tasks to queue
[2025-02-17T12:15:34.587+0000] {logging_mixin.py:190} INFO - [2025-02-17T12:15:34.587+0000] {dagbag.py:588} INFO - Filling up the DagBag from /opt/airflow/dags/training_pipeline.py
[2025-02-17T12:15:34.589+0000] {processor.py:927} WARNING - No viable dags retrieved from /opt/airflow/dags/training_pipeline.py
[2025-02-17T12:15:34.600+0000] {processor.py:208} INFO - Processing /opt/airflow/dags/training_pipeline.py took 0.029 seconds
[2025-02-17T12:16:05.013+0000] {processor.py:186} INFO - Started process (PID=4765) to work on /opt/airflow/dags/training_pipeline.py
[2025-02-17T12:16:05.015+0000] {processor.py:914} INFO - Processing file /opt/airflow/dags/training_pipeline.py for tasks to queue
[2025-02-17T12:16:05.017+0000] {logging_mixin.py:190} INFO - [2025-02-17T12:16:05.016+0000] {dagbag.py:588} INFO - Filling up the DagBag from /opt/airflow/dags/training_pipeline.py
[2025-02-17T12:16:05.019+0000] {processor.py:927} WARNING - No viable dags retrieved from /opt/airflow/dags/training_pipeline.py
[2025-02-17T12:16:05.031+0000] {processor.py:208} INFO - Processing /opt/airflow/dags/training_pipeline.py took 0.024 seconds
[2025-02-17T12:16:35.552+0000] {processor.py:186} INFO - Started process (PID=4791) to work on /opt/airflow/dags/training_pipeline.py
[2025-02-17T12:16:35.553+0000] {processor.py:914} INFO - Processing file /opt/airflow/dags/training_pipeline.py for tasks to queue
[2025-02-17T12:16:35.556+0000] {logging_mixin.py:190} INFO - [2025-02-17T12:16:35.555+0000] {dagbag.py:588} INFO - Filling up the DagBag from /opt/airflow/dags/training_pipeline.py
[2025-02-17T12:16:35.558+0000] {processor.py:927} WARNING - No viable dags retrieved from /opt/airflow/dags/training_pipeline.py
[2025-02-17T12:16:35.573+0000] {processor.py:208} INFO - Processing /opt/airflow/dags/training_pipeline.py took 0.029 seconds
[2025-02-17T12:17:06.065+0000] {processor.py:186} INFO - Started process (PID=4817) to work on /opt/airflow/dags/training_pipeline.py
[2025-02-17T12:17:06.083+0000] {processor.py:914} INFO - Processing file /opt/airflow/dags/training_pipeline.py for tasks to queue
[2025-02-17T12:17:06.087+0000] {logging_mixin.py:190} INFO - [2025-02-17T12:17:06.086+0000] {dagbag.py:588} INFO - Filling up the DagBag from /opt/airflow/dags/training_pipeline.py
[2025-02-17T12:17:06.089+0000] {processor.py:927} WARNING - No viable dags retrieved from /opt/airflow/dags/training_pipeline.py
[2025-02-17T12:17:06.101+0000] {processor.py:208} INFO - Processing /opt/airflow/dags/training_pipeline.py took 0.042 seconds
[2025-02-17T12:17:36.521+0000] {processor.py:186} INFO - Started process (PID=4843) to work on /opt/airflow/dags/training_pipeline.py
[2025-02-17T12:17:36.522+0000] {processor.py:914} INFO - Processing file /opt/airflow/dags/training_pipeline.py for tasks to queue
[2025-02-17T12:17:36.524+0000] {logging_mixin.py:190} INFO - [2025-02-17T12:17:36.524+0000] {dagbag.py:588} INFO - Filling up the DagBag from /opt/airflow/dags/training_pipeline.py
[2025-02-17T12:17:36.526+0000] {processor.py:927} WARNING - No viable dags retrieved from /opt/airflow/dags/training_pipeline.py
[2025-02-17T12:17:36.538+0000] {processor.py:208} INFO - Processing /opt/airflow/dags/training_pipeline.py took 0.023 seconds
[2025-02-17T12:18:06.733+0000] {processor.py:186} INFO - Started process (PID=4851) to work on /opt/airflow/dags/training_pipeline.py
[2025-02-17T12:18:06.734+0000] {processor.py:914} INFO - Processing file /opt/airflow/dags/training_pipeline.py for tasks to queue
[2025-02-17T12:18:06.736+0000] {logging_mixin.py:190} INFO - [2025-02-17T12:18:06.736+0000] {dagbag.py:588} INFO - Filling up the DagBag from /opt/airflow/dags/training_pipeline.py
[2025-02-17T12:18:06.738+0000] {processor.py:927} WARNING - No viable dags retrieved from /opt/airflow/dags/training_pipeline.py
[2025-02-17T12:18:06.750+0000] {processor.py:208} INFO - Processing /opt/airflow/dags/training_pipeline.py took 0.023 seconds
[2025-02-17T12:18:36.851+0000] {processor.py:186} INFO - Started process (PID=4877) to work on /opt/airflow/dags/training_pipeline.py
[2025-02-17T12:18:36.852+0000] {processor.py:914} INFO - Processing file /opt/airflow/dags/training_pipeline.py for tasks to queue
[2025-02-17T12:18:36.854+0000] {logging_mixin.py:190} INFO - [2025-02-17T12:18:36.854+0000] {dagbag.py:588} INFO - Filling up the DagBag from /opt/airflow/dags/training_pipeline.py
[2025-02-17T12:18:36.856+0000] {processor.py:927} WARNING - No viable dags retrieved from /opt/airflow/dags/training_pipeline.py
[2025-02-17T12:18:36.869+0000] {processor.py:208} INFO - Processing /opt/airflow/dags/training_pipeline.py took 0.024 seconds
[2025-02-17T12:43:01.789+0000] {processor.py:186} INFO - Started process (PID=4903) to work on /opt/airflow/dags/training_pipeline.py
[2025-02-17T12:43:01.791+0000] {processor.py:914} INFO - Processing file /opt/airflow/dags/training_pipeline.py for tasks to queue
[2025-02-17T12:43:01.794+0000] {logging_mixin.py:190} INFO - [2025-02-17T12:43:01.793+0000] {dagbag.py:588} INFO - Filling up the DagBag from /opt/airflow/dags/training_pipeline.py
[2025-02-17T12:43:01.796+0000] {processor.py:927} WARNING - No viable dags retrieved from /opt/airflow/dags/training_pipeline.py
[2025-02-17T12:43:01.822+0000] {processor.py:208} INFO - Processing /opt/airflow/dags/training_pipeline.py took 0.041 seconds
[2025-02-17T12:43:31.876+0000] {processor.py:186} INFO - Started process (PID=4929) to work on /opt/airflow/dags/training_pipeline.py
[2025-02-17T12:43:31.877+0000] {processor.py:914} INFO - Processing file /opt/airflow/dags/training_pipeline.py for tasks to queue
[2025-02-17T12:43:31.879+0000] {logging_mixin.py:190} INFO - [2025-02-17T12:43:31.879+0000] {dagbag.py:588} INFO - Filling up the DagBag from /opt/airflow/dags/training_pipeline.py
[2025-02-17T12:43:31.881+0000] {processor.py:927} WARNING - No viable dags retrieved from /opt/airflow/dags/training_pipeline.py
[2025-02-17T12:43:31.895+0000] {processor.py:208} INFO - Processing /opt/airflow/dags/training_pipeline.py took 0.027 seconds
[2025-02-17T12:44:02.100+0000] {processor.py:186} INFO - Started process (PID=4955) to work on /opt/airflow/dags/training_pipeline.py
[2025-02-17T12:44:02.101+0000] {processor.py:914} INFO - Processing file /opt/airflow/dags/training_pipeline.py for tasks to queue
[2025-02-17T12:44:02.105+0000] {logging_mixin.py:190} INFO - [2025-02-17T12:44:02.105+0000] {dagbag.py:588} INFO - Filling up the DagBag from /opt/airflow/dags/training_pipeline.py
[2025-02-17T12:44:02.108+0000] {processor.py:927} WARNING - No viable dags retrieved from /opt/airflow/dags/training_pipeline.py
[2025-02-17T12:44:02.136+0000] {processor.py:208} INFO - Processing /opt/airflow/dags/training_pipeline.py took 0.048 seconds
[2025-02-17T12:44:32.323+0000] {processor.py:186} INFO - Started process (PID=4981) to work on /opt/airflow/dags/training_pipeline.py
[2025-02-17T12:44:32.324+0000] {processor.py:914} INFO - Processing file /opt/airflow/dags/training_pipeline.py for tasks to queue
[2025-02-17T12:44:32.328+0000] {logging_mixin.py:190} INFO - [2025-02-17T12:44:32.328+0000] {dagbag.py:588} INFO - Filling up the DagBag from /opt/airflow/dags/training_pipeline.py
[2025-02-17T12:44:32.332+0000] {processor.py:927} WARNING - No viable dags retrieved from /opt/airflow/dags/training_pipeline.py
[2025-02-17T12:44:32.351+0000] {processor.py:208} INFO - Processing /opt/airflow/dags/training_pipeline.py took 0.038 seconds
[2025-02-17T12:45:02.419+0000] {processor.py:186} INFO - Started process (PID=5007) to work on /opt/airflow/dags/training_pipeline.py
[2025-02-17T12:45:02.420+0000] {processor.py:914} INFO - Processing file /opt/airflow/dags/training_pipeline.py for tasks to queue
[2025-02-17T12:45:02.423+0000] {logging_mixin.py:190} INFO - [2025-02-17T12:45:02.423+0000] {dagbag.py:588} INFO - Filling up the DagBag from /opt/airflow/dags/training_pipeline.py
[2025-02-17T12:45:02.426+0000] {processor.py:927} WARNING - No viable dags retrieved from /opt/airflow/dags/training_pipeline.py
[2025-02-17T12:45:02.437+0000] {processor.py:208} INFO - Processing /opt/airflow/dags/training_pipeline.py took 0.025 seconds
[2025-02-17T12:45:32.953+0000] {processor.py:186} INFO - Started process (PID=5033) to work on /opt/airflow/dags/training_pipeline.py
[2025-02-17T12:45:32.954+0000] {processor.py:914} INFO - Processing file /opt/airflow/dags/training_pipeline.py for tasks to queue
[2025-02-17T12:45:32.956+0000] {logging_mixin.py:190} INFO - [2025-02-17T12:45:32.956+0000] {dagbag.py:588} INFO - Filling up the DagBag from /opt/airflow/dags/training_pipeline.py
[2025-02-17T12:45:32.958+0000] {processor.py:927} WARNING - No viable dags retrieved from /opt/airflow/dags/training_pipeline.py
[2025-02-17T12:45:32.972+0000] {processor.py:208} INFO - Processing /opt/airflow/dags/training_pipeline.py took 0.026 seconds
