[2025-03-16T05:00:12.296+0000] {local_task_job_runner.py:123} INFO - ::group::Pre task execution logs
[2025-03-16T05:00:12.308+0000] {taskinstance.py:2613} INFO - Dependencies all met for dep_context=non-requeueable deps ti=<TaskInstance: data_pipeline.bronze_layer_group.quality_check_raw_data scheduled__2025-03-16T04:00:00+00:00 [queued]>
[2025-03-16T05:00:12.314+0000] {taskinstance.py:2613} INFO - Dependencies all met for dep_context=requeueable deps ti=<TaskInstance: data_pipeline.bronze_layer_group.quality_check_raw_data scheduled__2025-03-16T04:00:00+00:00 [queued]>
[2025-03-16T05:00:12.314+0000] {taskinstance.py:2866} INFO - Starting attempt 1 of 4
[2025-03-16T05:00:12.323+0000] {taskinstance.py:2889} INFO - Executing <Task(_PythonDecoratedOperator): bronze_layer_group.quality_check_raw_data> on 2025-03-16 04:00:00+00:00
[2025-03-16T05:00:12.329+0000] {standard_task_runner.py:72} INFO - Started process 2837 to run task
[2025-03-16T05:00:12.332+0000] {standard_task_runner.py:104} INFO - Running: ['***', 'tasks', 'run', 'data_pipeline', 'bronze_layer_group.quality_check_raw_data', 'scheduled__2025-03-16T04:00:00+00:00', '--job-id', '201', '--raw', '--subdir', 'DAGS_FOLDER/data_pipeline.py', '--cfg-path', '/tmp/tmpd3m3wj7k']
[2025-03-16T05:00:12.333+0000] {standard_task_runner.py:105} INFO - Job 201: Subtask bronze_layer_group.quality_check_raw_data
[2025-03-16T05:00:12.371+0000] {task_command.py:467} INFO - Running <TaskInstance: data_pipeline.bronze_layer_group.quality_check_raw_data scheduled__2025-03-16T04:00:00+00:00 [running]> on host c891f3a5df31
[2025-03-16T05:00:12.437+0000] {taskinstance.py:3132} INFO - Exporting env vars: AIRFLOW_CTX_DAG_OWNER='***' AIRFLOW_CTX_DAG_ID='data_pipeline' AIRFLOW_CTX_TASK_ID='bronze_layer_group.quality_check_raw_data' AIRFLOW_CTX_EXECUTION_DATE='2025-03-16T04:00:00+00:00' AIRFLOW_CTX_TRY_NUMBER='1' AIRFLOW_CTX_DAG_RUN_ID='scheduled__2025-03-16T04:00:00+00:00'
[2025-03-16T05:00:12.438+0000] {taskinstance.py:731} INFO - ::endgroup::
[2025-03-16T05:00:12.442+0000] {log.py:232} WARNING - 2025-03-16 05:00:12.442 | INFO     | data_pipeline.bronze.validate_raw_data:validate_raw_data:89 - Initial columns: []
[2025-03-16T05:00:12.447+0000] {baseoperator.py:416} WARNING - GreatExpectationsOperator.execute cannot be called outside TaskInstance!
[2025-03-16T05:00:12.447+0000] {great_expectations.py:581} INFO - Running validation with Great Expectations...
[2025-03-16T05:00:12.447+0000] {great_expectations.py:583} INFO - Instantiating Data Context...
[2025-03-16T05:00:12.524+0000] {file_data_context.py:222} INFO - FileDataContext loading fluent config
[2025-03-16T05:00:12.528+0000] {config.py:187} INFO - Loading 'datasources' ->
[]
[2025-03-16T05:00:12.615+0000] {great_expectations.py:599} INFO - Creating Checkpoint...
[2025-03-16T05:00:12.618+0000] {great_expectations.py:618} INFO - Running Checkpoint...
[2025-03-16T05:00:12.630+0000] {log.py:232} WARNING - 2025-03-16 05:00:12.630 | WARNING  | data_pipeline.bronze.validate_raw_data:validate_raw_data:139 - Great Expectations validation skipped: expectation_suite nyc_taxi_suite not found
[2025-03-16T05:00:12.632+0000] {monitoring.py:12} INFO - Pipeline Metrics:
[2025-03-16T05:00:12.633+0000] {monitoring.py:13} INFO - {
  "total_records": 0,
  "valid_records": 0,
  "invalid_records": 0,
  "validation_errors": {},
  "contains_dummy": false,
  "great_expectations_enabled": false
}
[2025-03-16T05:00:12.633+0000] {monitoring.py:39} WARNING - Pipeline Alerts:
Low data volume detected!
[2025-03-16T05:00:12.633+0000] {python.py:240} INFO - Done. Returned value was: {'data': [], 'metrics': {'total_records': 0, 'valid_records': 0, 'invalid_records': 0, 'validation_errors': {}, 'contains_dummy': False, 'great_expectations_enabled': False}}
[2025-03-16T05:00:12.657+0000] {taskinstance.py:340} INFO - ::group::Post task execution logs
[2025-03-16T05:00:12.657+0000] {taskinstance.py:352} INFO - Marking task as SUCCESS. dag_id=data_pipeline, task_id=bronze_layer_group.quality_check_raw_data, run_id=scheduled__2025-03-16T04:00:00+00:00, execution_date=20250316T040000, start_date=20250316T050012, end_date=20250316T050012
[2025-03-16T05:00:12.673+0000] {local_task_job_runner.py:266} INFO - Task exited with return code 0
[2025-03-16T05:00:12.692+0000] {taskinstance.py:3895} INFO - 1 downstream tasks scheduled from follow-on schedule check
[2025-03-16T05:00:12.694+0000] {local_task_job_runner.py:245} INFO - ::endgroup::
