[2025-03-16T04:42:22.220+0000] {local_task_job_runner.py:123} INFO - ::group::Pre task execution logs
[2025-03-16T04:42:22.233+0000] {taskinstance.py:2613} INFO - Dependencies all met for dep_context=non-requeueable deps ti=<TaskInstance: data_pipeline.gold_layer_group.load_dimensions_and_facts manual__2025-03-16T04:42:02.625510+00:00 [queued]>
[2025-03-16T04:42:22.241+0000] {taskinstance.py:2613} INFO - Dependencies all met for dep_context=requeueable deps ti=<TaskInstance: data_pipeline.gold_layer_group.load_dimensions_and_facts manual__2025-03-16T04:42:02.625510+00:00 [queued]>
[2025-03-16T04:42:22.241+0000] {taskinstance.py:2866} INFO - Starting attempt 1 of 4
[2025-03-16T04:42:22.251+0000] {taskinstance.py:2889} INFO - Executing <Task(_PythonDecoratedOperator): gold_layer_group.load_dimensions_and_facts> on 2025-03-16 04:42:02.625510+00:00
[2025-03-16T04:42:22.258+0000] {standard_task_runner.py:72} INFO - Started process 2245 to run task
[2025-03-16T04:42:22.261+0000] {standard_task_runner.py:104} INFO - Running: ['***', 'tasks', 'run', 'data_pipeline', 'gold_layer_group.load_dimensions_and_facts', 'manual__2025-03-16T04:42:02.625510+00:00', '--job-id', '185', '--raw', '--subdir', 'DAGS_FOLDER/data_pipeline.py', '--cfg-path', '/tmp/tmpibikvg_0']
[2025-03-16T04:42:22.262+0000] {standard_task_runner.py:105} INFO - Job 185: Subtask gold_layer_group.load_dimensions_and_facts
[2025-03-16T04:42:22.302+0000] {task_command.py:467} INFO - Running <TaskInstance: data_pipeline.gold_layer_group.load_dimensions_and_facts manual__2025-03-16T04:42:02.625510+00:00 [running]> on host c891f3a5df31
[2025-03-16T04:42:22.393+0000] {taskinstance.py:3132} INFO - Exporting env vars: AIRFLOW_CTX_DAG_OWNER='***' AIRFLOW_CTX_DAG_ID='data_pipeline' AIRFLOW_CTX_TASK_ID='gold_layer_group.load_dimensions_and_facts' AIRFLOW_CTX_EXECUTION_DATE='2025-03-16T04:42:02.625510+00:00' AIRFLOW_CTX_TRY_NUMBER='1' AIRFLOW_CTX_DAG_RUN_ID='manual__2025-03-16T04:42:02.625510+00:00'
[2025-03-16T04:42:22.395+0000] {taskinstance.py:731} INFO - ::endgroup::
[2025-03-16T04:42:22.398+0000] {log.py:232} WARNING - 2025-03-16 04:42:22.397 | INFO     | data_pipeline.gold.load_to_dwh:load_dimensions_and_facts:261 - Loading features into Data Warehouse
[2025-03-16T04:42:22.400+0000] {log.py:232} WARNING - 2025-03-16 04:42:22.400 | INFO     | data_pipeline.gold.load_to_dwh:load_dimensions_and_facts:267 - Available columns: []
[2025-03-16T04:42:22.401+0000] {crypto.py:82} WARNING - empty cryptography key - values will not be stored encrypted.
[2025-03-16T04:42:22.402+0000] {base.py:84} INFO - Retrieving connection 'postgres_***'
[2025-03-16T04:42:22.407+0000] {sql.py:624} INFO - Running statement: CREATE SCHEMA IF NOT EXISTS feature_store;, parameters: None
[2025-03-16T04:42:22.410+0000] {sql.py:624} INFO - Running statement: 
        CREATE TABLE IF NOT EXISTS feature_store.trip_features (
            trip_id TEXT,
            vendor_id TEXT,
            pickup_location_id TEXT,
            dropoff_location_id TEXT,
            payment_type TEXT,
            rate_code_id TEXT,
            event_timestamp TIMESTAMP,
            trip_distance FLOAT,
            fare_amount FLOAT,
            tip_amount FLOAT,
            total_amount FLOAT,
            passenger_count INTEGER,
            trip_duration_minutes FLOAT,
            avg_speed_mph FLOAT,
            is_shared_ride BOOLEAN,
            is_suspicious BOOLEAN,
            created_timestamp TIMESTAMP
        );

        CREATE TABLE IF NOT EXISTS feature_store.location_features (
            location_id TEXT,
            latitude FLOAT,
            longitude FLOAT,
            event_timestamp TIMESTAMP,
            current_demand INTEGER,
            available_taxis INTEGER,
            surge_multiplier FLOAT,
            weather_condition TEXT,
            traffic_level TEXT,
            created_timestamp TIMESTAMP
        );
        , parameters: None
[2025-03-16T04:42:22.412+0000] {log.py:232} WARNING - 2025-03-16 04:42:22.412 | INFO     | data_pipeline.gold.load_to_***:create_trip_features:171 - Creating trip features table
[2025-03-16T04:42:22.414+0000] {log.py:232} WARNING - 2025-03-16 04:42:22.413 | ERROR    | data_pipeline.gold.load_to_***:load_dimensions_and_facts:315 - Failed to load trip features: 'record_hash'
[2025-03-16T04:42:22.414+0000] {log.py:232} WARNING - 2025-03-16 04:42:22.414 | INFO     | data_pipeline.gold.load_to_***:create_location_features:221 - Creating location features table
[2025-03-16T04:42:22.416+0000] {log.py:232} WARNING - 2025-03-16 04:42:22.415 | ERROR    | data_pipeline.gold.load_to_***:load_dimensions_and_facts:323 - Failed to load location features: "None of [Index(['PULocationID'], dtype='object')] are in the [columns]"
[2025-03-16T04:42:22.416+0000] {python.py:240} INFO - Done. Returned value was: {'success': True, 'trip_features_loaded': 0, 'location_features_loaded': 0}
[2025-03-16T04:42:22.442+0000] {taskinstance.py:340} INFO - ::group::Post task execution logs
[2025-03-16T04:42:22.442+0000] {taskinstance.py:352} INFO - Marking task as SUCCESS. dag_id=data_pipeline, task_id=gold_layer_group.load_dimensions_and_facts, run_id=manual__2025-03-16T04:42:02.625510+00:00, execution_date=20250316T044202, start_date=20250316T044222, end_date=20250316T044222
[2025-03-16T04:42:22.488+0000] {local_task_job_runner.py:266} INFO - Task exited with return code 0
[2025-03-16T04:42:22.501+0000] {taskinstance.py:3895} INFO - 0 downstream tasks scheduled from follow-on schedule check
[2025-03-16T04:42:22.503+0000] {local_task_job_runner.py:245} INFO - ::endgroup::
