[2025-03-16T03:50:26.928+0000] {local_task_job_runner.py:123} INFO - ::group::Pre task execution logs
[2025-03-16T03:50:26.941+0000] {taskinstance.py:2613} INFO - Dependencies all met for dep_context=non-requeueable deps ti=<TaskInstance: data_pipeline.bronze_layer_group.check_minio_connection scheduled__2025-03-16T02:00:00+00:00 [queued]>
[2025-03-16T03:50:26.948+0000] {taskinstance.py:2613} INFO - Dependencies all met for dep_context=requeueable deps ti=<TaskInstance: data_pipeline.bronze_layer_group.check_minio_connection scheduled__2025-03-16T02:00:00+00:00 [queued]>
[2025-03-16T03:50:26.948+0000] {taskinstance.py:2866} INFO - Starting attempt 2 of 5
[2025-03-16T03:50:26.959+0000] {taskinstance.py:2889} INFO - Executing <Task(_PythonDecoratedOperator): bronze_layer_group.check_minio_connection> on 2025-03-16 02:00:00+00:00
[2025-03-16T03:50:26.967+0000] {standard_task_runner.py:72} INFO - Started process 266 to run task
[2025-03-16T03:50:26.970+0000] {standard_task_runner.py:104} INFO - Running: ['***', 'tasks', 'run', 'data_pipeline', 'bronze_layer_group.check_minio_connection', 'scheduled__2025-03-16T02:00:00+00:00', '--job-id', '107', '--raw', '--subdir', 'DAGS_FOLDER/data_pipeline.py', '--cfg-path', '/tmp/tmpv8h7_gsm']
[2025-03-16T03:50:26.972+0000] {standard_task_runner.py:105} INFO - Job 107: Subtask bronze_layer_group.check_minio_connection
[2025-03-16T03:50:27.022+0000] {task_command.py:467} INFO - Running <TaskInstance: data_pipeline.bronze_layer_group.check_minio_connection scheduled__2025-03-16T02:00:00+00:00 [running]> on host c891f3a5df31
[2025-03-16T03:50:27.095+0000] {taskinstance.py:3132} INFO - Exporting env vars: AIRFLOW_CTX_DAG_OWNER='***' AIRFLOW_CTX_DAG_ID='data_pipeline' AIRFLOW_CTX_TASK_ID='bronze_layer_group.check_minio_connection' AIRFLOW_CTX_EXECUTION_DATE='2025-03-16T02:00:00+00:00' AIRFLOW_CTX_TRY_NUMBER='2' AIRFLOW_CTX_DAG_RUN_ID='scheduled__2025-03-16T02:00:00+00:00'
[2025-03-16T03:50:27.096+0000] {taskinstance.py:731} INFO - ::endgroup::
[2025-03-16T03:50:27.101+0000] {crypto.py:82} WARNING - empty cryptography key - values will not be stored encrypted.
[2025-03-16T03:50:27.106+0000] {base.py:84} INFO - Retrieving connection 'minio_conn'
[2025-03-16T03:50:27.106+0000] {warnings.py:109} WARNING - <string>:9: UserWarning: AWS Connection (conn_id='minio_conn', conn_type='s3') expected connection type 'aws', got 's3'. This connection might not work correctly. Please use Amazon Web Services Connection type.

[2025-03-16T03:50:27.107+0000] {connection_wrapper.py:325} INFO - AWS Connection (conn_id='minio_conn', conn_type='s3') credentials retrieved from login and password.
[2025-03-16T03:50:27.588+0000] {python.py:240} INFO - Done. Returned value was: True
[2025-03-16T03:50:27.616+0000] {taskinstance.py:340} INFO - ::group::Post task execution logs
[2025-03-16T03:50:27.616+0000] {taskinstance.py:352} INFO - Marking task as SUCCESS. dag_id=data_pipeline, task_id=bronze_layer_group.check_minio_connection, run_id=scheduled__2025-03-16T02:00:00+00:00, execution_date=20250316T020000, start_date=20250316T035026, end_date=20250316T035027
[2025-03-16T03:50:27.650+0000] {local_task_job_runner.py:266} INFO - Task exited with return code 0
[2025-03-16T03:50:27.671+0000] {taskinstance.py:3895} INFO - 1 downstream tasks scheduled from follow-on schedule check
[2025-03-16T03:50:27.673+0000] {local_task_job_runner.py:245} INFO - ::endgroup::
