[2025-03-16T05:00:19.543+0000] {local_task_job_runner.py:123} INFO - ::group::Pre task execution logs
[2025-03-16T05:00:19.556+0000] {taskinstance.py:2613} INFO - Dependencies all met for dep_context=non-requeueable deps ti=<TaskInstance: data_pipeline.gold_layer_group.load_dimensions_and_facts scheduled__2025-03-16T04:00:00+00:00 [queued]>
[2025-03-16T05:00:19.562+0000] {taskinstance.py:2613} INFO - Dependencies all met for dep_context=requeueable deps ti=<TaskInstance: data_pipeline.gold_layer_group.load_dimensions_and_facts scheduled__2025-03-16T04:00:00+00:00 [queued]>
[2025-03-16T05:00:19.562+0000] {taskinstance.py:2866} INFO - Starting attempt 1 of 4
[2025-03-16T05:00:19.571+0000] {taskinstance.py:2889} INFO - Executing <Task(_PythonDecoratedOperator): gold_layer_group.load_dimensions_and_facts> on 2025-03-16 04:00:00+00:00
[2025-03-16T05:00:19.577+0000] {standard_task_runner.py:72} INFO - Started process 2876 to run task
[2025-03-16T05:00:19.582+0000] {standard_task_runner.py:104} INFO - Running: ['***', 'tasks', 'run', 'data_pipeline', 'gold_layer_group.load_dimensions_and_facts', 'scheduled__2025-03-16T04:00:00+00:00', '--job-id', '203', '--raw', '--subdir', 'DAGS_FOLDER/data_pipeline.py', '--cfg-path', '/tmp/tmpzo7xw9gx']
[2025-03-16T05:00:19.583+0000] {standard_task_runner.py:105} INFO - Job 203: Subtask gold_layer_group.load_dimensions_and_facts
[2025-03-16T05:00:19.629+0000] {task_command.py:467} INFO - Running <TaskInstance: data_pipeline.gold_layer_group.load_dimensions_and_facts scheduled__2025-03-16T04:00:00+00:00 [running]> on host c891f3a5df31
[2025-03-16T05:00:19.700+0000] {taskinstance.py:3132} INFO - Exporting env vars: AIRFLOW_CTX_DAG_OWNER='***' AIRFLOW_CTX_DAG_ID='data_pipeline' AIRFLOW_CTX_TASK_ID='gold_layer_group.load_dimensions_and_facts' AIRFLOW_CTX_EXECUTION_DATE='2025-03-16T04:00:00+00:00' AIRFLOW_CTX_TRY_NUMBER='1' AIRFLOW_CTX_DAG_RUN_ID='scheduled__2025-03-16T04:00:00+00:00'
[2025-03-16T05:00:19.701+0000] {taskinstance.py:731} INFO - ::endgroup::
[2025-03-16T05:00:19.704+0000] {log.py:232} WARNING - 2025-03-16 05:00:19.703 | INFO     | data_pipeline.gold.load_to_dwh:load_dimensions_and_facts:287 - Loading features into Data Warehouse
[2025-03-16T05:00:19.706+0000] {log.py:232} WARNING - 2025-03-16 05:00:19.706 | INFO     | data_pipeline.gold.load_to_dwh:load_dimensions_and_facts:293 - Available columns: []
[2025-03-16T05:00:19.707+0000] {crypto.py:82} WARNING - empty cryptography key - values will not be stored encrypted.
[2025-03-16T05:00:19.707+0000] {base.py:84} INFO - Retrieving connection 'postgres_***'
[2025-03-16T05:00:19.710+0000] {sql.py:624} INFO - Running statement: CREATE SCHEMA IF NOT EXISTS feature_store;, parameters: None
[2025-03-16T05:00:19.711+0000] {log.py:232} WARNING - 2025-03-16 05:00:19.711 | INFO     | data_pipeline.gold.load_to_***:create_trip_features:171 - Creating trip features table
[2025-03-16T05:00:19.714+0000] {log.py:232} WARNING - 2025-03-16 05:00:19.714 | ERROR    | data_pipeline.gold.load_to_***:create_trip_features:218 - Error in create_trip_features: 'VendorID'
[2025-03-16T05:00:19.714+0000] {log.py:232} WARNING - 2025-03-16 05:00:19.714 | ERROR    | data_pipeline.gold.load_to_***:load_dimensions_and_facts:304 - Failed to load trip features: 'VendorID'
[2025-03-16T05:00:19.714+0000] {log.py:232} WARNING - 2025-03-16 05:00:19.714 | INFO     | data_pipeline.gold.load_to_***:create_location_features:224 - Creating location features table
[2025-03-16T05:00:19.715+0000] {log.py:232} WARNING - 2025-03-16 05:00:19.715 | ERROR    | data_pipeline.gold.load_to_***:create_location_features:280 - Error in create_location_features: "None of [Index(['PULocationID'], dtype='object')] are in the [columns]"
[2025-03-16T05:00:19.716+0000] {log.py:232} WARNING - 2025-03-16 05:00:19.716 | ERROR    | data_pipeline.gold.load_to_***:load_dimensions_and_facts:312 - Failed to load location features: "None of [Index(['PULocationID'], dtype='object')] are in the [columns]"
[2025-03-16T05:00:19.716+0000] {python.py:240} INFO - Done. Returned value was: {'success': True, 'trip_features_loaded': 0, 'location_features_loaded': 0}
[2025-03-16T05:00:19.737+0000] {taskinstance.py:340} INFO - ::group::Post task execution logs
[2025-03-16T05:00:19.737+0000] {taskinstance.py:352} INFO - Marking task as SUCCESS. dag_id=data_pipeline, task_id=gold_layer_group.load_dimensions_and_facts, run_id=scheduled__2025-03-16T04:00:00+00:00, execution_date=20250316T040000, start_date=20250316T050019, end_date=20250316T050019
[2025-03-16T05:00:19.760+0000] {local_task_job_runner.py:266} INFO - Task exited with return code 0
[2025-03-16T05:00:19.772+0000] {taskinstance.py:3895} INFO - 0 downstream tasks scheduled from follow-on schedule check
[2025-03-16T05:00:19.774+0000] {local_task_job_runner.py:245} INFO - ::endgroup::
