[2025-03-01T14:16:05.159+0000] {processor.py:186} INFO - Started process (PID=54802) to work on /opt/airflow/dags/data_pipeline.py
[2025-03-01T14:16:05.160+0000] {processor.py:914} INFO - Processing file /opt/airflow/dags/data_pipeline.py for tasks to queue
[2025-03-01T14:16:05.171+0000] {logging_mixin.py:190} INFO - [2025-03-01T14:16:05.163+0000] {dagbag.py:588} INFO - Filling up the DagBag from /opt/airflow/dags/data_pipeline.py
[2025-03-01T14:16:16.113+0000] {logging_mixin.py:190} INFO - [2025-03-01T14:16:16.111+0000] {warnings.py:109} WARNING - /home/airflow/.local/lib/python3.9/site-packages/snowflake/sqlalchemy/base.py:1068: SAWarning: The GenericFunction 'flatten' is already registered and is going to be overridden.
  functions.register_function("flatten", flatten)
[2025-03-01T14:16:18.748+0000] {processor.py:925} INFO - DAG(s) 'data_pipeline' retrieved from /opt/airflow/dags/data_pipeline.py
[2025-03-01T14:16:18.764+0000] {logging_mixin.py:190} INFO - [2025-03-01T14:16:18.763+0000] {dag.py:3239} INFO - Sync 1 DAGs
[2025-03-01T14:16:18.796+0000] {logging_mixin.py:190} INFO - [2025-03-01T14:16:18.796+0000] {dag.py:4180} INFO - Setting next_dagrun for data_pipeline to 2025-03-01 13:00:00+00:00, run_after=2025-03-01 14:00:00+00:00
[2025-03-01T14:16:19.387+0000] {processor.py:208} INFO - Processing /opt/airflow/dags/data_pipeline.py took 14.243 seconds
[2025-03-01T14:16:49.871+0000] {processor.py:186} INFO - Started process (PID=54829) to work on /opt/airflow/dags/data_pipeline.py
[2025-03-01T14:16:49.872+0000] {processor.py:914} INFO - Processing file /opt/airflow/dags/data_pipeline.py for tasks to queue
[2025-03-01T14:16:49.874+0000] {logging_mixin.py:190} INFO - [2025-03-01T14:16:49.873+0000] {dagbag.py:588} INFO - Filling up the DagBag from /opt/airflow/dags/data_pipeline.py
[2025-03-01T14:16:51.815+0000] {logging_mixin.py:190} INFO - [2025-03-01T14:16:51.815+0000] {warnings.py:109} WARNING - /home/airflow/.local/lib/python3.9/site-packages/snowflake/sqlalchemy/base.py:1068: SAWarning: The GenericFunction 'flatten' is already registered and is going to be overridden.
  functions.register_function("flatten", flatten)
[2025-03-01T14:16:53.249+0000] {processor.py:925} INFO - DAG(s) 'data_pipeline' retrieved from /opt/airflow/dags/data_pipeline.py
[2025-03-01T14:16:53.268+0000] {logging_mixin.py:190} INFO - [2025-03-01T14:16:53.267+0000] {dag.py:3239} INFO - Sync 1 DAGs
[2025-03-01T14:16:53.317+0000] {logging_mixin.py:190} INFO - [2025-03-01T14:16:53.316+0000] {dag.py:4180} INFO - Setting next_dagrun for data_pipeline to 2025-03-01 13:00:00+00:00, run_after=2025-03-01 14:00:00+00:00
[2025-03-01T14:16:53.340+0000] {processor.py:208} INFO - Processing /opt/airflow/dags/data_pipeline.py took 3.477 seconds
[2025-03-01T14:17:23.917+0000] {processor.py:186} INFO - Started process (PID=54855) to work on /opt/airflow/dags/data_pipeline.py
[2025-03-01T14:17:23.918+0000] {processor.py:914} INFO - Processing file /opt/airflow/dags/data_pipeline.py for tasks to queue
[2025-03-01T14:17:23.920+0000] {logging_mixin.py:190} INFO - [2025-03-01T14:17:23.919+0000] {dagbag.py:588} INFO - Filling up the DagBag from /opt/airflow/dags/data_pipeline.py
[2025-03-01T14:17:25.736+0000] {logging_mixin.py:190} INFO - [2025-03-01T14:17:25.736+0000] {warnings.py:109} WARNING - /home/airflow/.local/lib/python3.9/site-packages/snowflake/sqlalchemy/base.py:1068: SAWarning: The GenericFunction 'flatten' is already registered and is going to be overridden.
  functions.register_function("flatten", flatten)
[2025-03-01T14:17:27.172+0000] {processor.py:925} INFO - DAG(s) 'data_pipeline' retrieved from /opt/airflow/dags/data_pipeline.py
[2025-03-01T14:17:27.190+0000] {logging_mixin.py:190} INFO - [2025-03-01T14:17:27.190+0000] {dag.py:3239} INFO - Sync 1 DAGs
[2025-03-01T14:17:27.216+0000] {logging_mixin.py:190} INFO - [2025-03-01T14:17:27.216+0000] {dag.py:4180} INFO - Setting next_dagrun for data_pipeline to 2025-03-01 13:00:00+00:00, run_after=2025-03-01 14:00:00+00:00
[2025-03-01T14:17:27.238+0000] {processor.py:208} INFO - Processing /opt/airflow/dags/data_pipeline.py took 3.329 seconds
[2025-03-01T14:17:57.605+0000] {processor.py:186} INFO - Started process (PID=54887) to work on /opt/airflow/dags/data_pipeline.py
[2025-03-01T14:17:57.606+0000] {processor.py:914} INFO - Processing file /opt/airflow/dags/data_pipeline.py for tasks to queue
[2025-03-01T14:17:57.607+0000] {logging_mixin.py:190} INFO - [2025-03-01T14:17:57.607+0000] {dagbag.py:588} INFO - Filling up the DagBag from /opt/airflow/dags/data_pipeline.py
[2025-03-01T14:17:59.105+0000] {logging_mixin.py:190} INFO - [2025-03-01T14:17:59.105+0000] {warnings.py:109} WARNING - /home/airflow/.local/lib/python3.9/site-packages/snowflake/sqlalchemy/base.py:1068: SAWarning: The GenericFunction 'flatten' is already registered and is going to be overridden.
  functions.register_function("flatten", flatten)
[2025-03-01T14:18:00.100+0000] {processor.py:925} INFO - DAG(s) 'data_pipeline' retrieved from /opt/airflow/dags/data_pipeline.py
[2025-03-01T14:18:00.112+0000] {logging_mixin.py:190} INFO - [2025-03-01T14:18:00.112+0000] {dag.py:3239} INFO - Sync 1 DAGs
[2025-03-01T14:18:00.131+0000] {logging_mixin.py:190} INFO - [2025-03-01T14:18:00.131+0000] {dag.py:4180} INFO - Setting next_dagrun for data_pipeline to 2025-03-01 13:00:00+00:00, run_after=2025-03-01 14:00:00+00:00
[2025-03-01T14:18:00.152+0000] {processor.py:208} INFO - Processing /opt/airflow/dags/data_pipeline.py took 2.553 seconds
[2025-03-01T14:18:30.290+0000] {processor.py:186} INFO - Started process (PID=54913) to work on /opt/airflow/dags/data_pipeline.py
[2025-03-01T14:18:30.291+0000] {processor.py:914} INFO - Processing file /opt/airflow/dags/data_pipeline.py for tasks to queue
[2025-03-01T14:18:30.292+0000] {logging_mixin.py:190} INFO - [2025-03-01T14:18:30.292+0000] {dagbag.py:588} INFO - Filling up the DagBag from /opt/airflow/dags/data_pipeline.py
[2025-03-01T14:18:31.659+0000] {logging_mixin.py:190} INFO - [2025-03-01T14:18:31.658+0000] {warnings.py:109} WARNING - /home/airflow/.local/lib/python3.9/site-packages/snowflake/sqlalchemy/base.py:1068: SAWarning: The GenericFunction 'flatten' is already registered and is going to be overridden.
  functions.register_function("flatten", flatten)
[2025-03-01T14:18:32.640+0000] {processor.py:925} INFO - DAG(s) 'data_pipeline' retrieved from /opt/airflow/dags/data_pipeline.py
[2025-03-01T14:18:32.652+0000] {logging_mixin.py:190} INFO - [2025-03-01T14:18:32.652+0000] {dag.py:3239} INFO - Sync 1 DAGs
[2025-03-01T14:18:32.672+0000] {logging_mixin.py:190} INFO - [2025-03-01T14:18:32.672+0000] {dag.py:4180} INFO - Setting next_dagrun for data_pipeline to 2025-03-01 13:00:00+00:00, run_after=2025-03-01 14:00:00+00:00
[2025-03-01T14:18:32.688+0000] {processor.py:208} INFO - Processing /opt/airflow/dags/data_pipeline.py took 2.404 seconds
[2025-03-01T14:19:03.697+0000] {processor.py:186} INFO - Started process (PID=54939) to work on /opt/airflow/dags/data_pipeline.py
[2025-03-01T14:19:03.739+0000] {processor.py:914} INFO - Processing file /opt/airflow/dags/data_pipeline.py for tasks to queue
[2025-03-01T14:19:03.744+0000] {logging_mixin.py:190} INFO - [2025-03-01T14:19:03.744+0000] {dagbag.py:588} INFO - Filling up the DagBag from /opt/airflow/dags/data_pipeline.py
[2025-03-01T14:19:05.139+0000] {logging_mixin.py:190} INFO - [2025-03-01T14:19:05.139+0000] {warnings.py:109} WARNING - /home/airflow/.local/lib/python3.9/site-packages/snowflake/sqlalchemy/base.py:1068: SAWarning: The GenericFunction 'flatten' is already registered and is going to be overridden.
  functions.register_function("flatten", flatten)
[2025-03-01T14:19:06.118+0000] {processor.py:925} INFO - DAG(s) 'data_pipeline' retrieved from /opt/airflow/dags/data_pipeline.py
[2025-03-01T14:19:06.130+0000] {logging_mixin.py:190} INFO - [2025-03-01T14:19:06.130+0000] {dag.py:3239} INFO - Sync 1 DAGs
[2025-03-01T14:19:06.149+0000] {logging_mixin.py:190} INFO - [2025-03-01T14:19:06.149+0000] {dag.py:4180} INFO - Setting next_dagrun for data_pipeline to 2025-03-01 13:00:00+00:00, run_after=2025-03-01 14:00:00+00:00
[2025-03-01T14:19:06.165+0000] {processor.py:208} INFO - Processing /opt/airflow/dags/data_pipeline.py took 2.474 seconds
[2025-03-01T14:19:36.270+0000] {processor.py:186} INFO - Started process (PID=54965) to work on /opt/airflow/dags/data_pipeline.py
[2025-03-01T14:19:36.273+0000] {processor.py:914} INFO - Processing file /opt/airflow/dags/data_pipeline.py for tasks to queue
[2025-03-01T14:19:36.274+0000] {logging_mixin.py:190} INFO - [2025-03-01T14:19:36.273+0000] {dagbag.py:588} INFO - Filling up the DagBag from /opt/airflow/dags/data_pipeline.py
[2025-03-01T14:19:37.764+0000] {logging_mixin.py:190} INFO - [2025-03-01T14:19:37.763+0000] {warnings.py:109} WARNING - /home/airflow/.local/lib/python3.9/site-packages/snowflake/sqlalchemy/base.py:1068: SAWarning: The GenericFunction 'flatten' is already registered and is going to be overridden.
  functions.register_function("flatten", flatten)
[2025-03-01T14:19:38.777+0000] {processor.py:925} INFO - DAG(s) 'data_pipeline' retrieved from /opt/airflow/dags/data_pipeline.py
[2025-03-01T14:19:38.789+0000] {logging_mixin.py:190} INFO - [2025-03-01T14:19:38.788+0000] {dag.py:3239} INFO - Sync 1 DAGs
[2025-03-01T14:19:38.809+0000] {logging_mixin.py:190} INFO - [2025-03-01T14:19:38.809+0000] {dag.py:4180} INFO - Setting next_dagrun for data_pipeline to 2025-03-01 13:00:00+00:00, run_after=2025-03-01 14:00:00+00:00
[2025-03-01T14:19:38.825+0000] {processor.py:208} INFO - Processing /opt/airflow/dags/data_pipeline.py took 2.560 seconds
[2025-03-01T14:20:09.385+0000] {processor.py:186} INFO - Started process (PID=54992) to work on /opt/airflow/dags/data_pipeline.py
[2025-03-01T14:20:09.426+0000] {processor.py:914} INFO - Processing file /opt/airflow/dags/data_pipeline.py for tasks to queue
[2025-03-01T14:20:09.427+0000] {logging_mixin.py:190} INFO - [2025-03-01T14:20:09.427+0000] {dagbag.py:588} INFO - Filling up the DagBag from /opt/airflow/dags/data_pipeline.py
[2025-03-01T14:20:09.097+0000] {logging_mixin.py:190} INFO - [2025-03-01T14:20:09.097+0000] {warnings.py:109} WARNING - /home/airflow/.local/lib/python3.9/site-packages/snowflake/sqlalchemy/base.py:1068: SAWarning: The GenericFunction 'flatten' is already registered and is going to be overridden.
  functions.register_function("flatten", flatten)
[2025-03-01T14:20:10.276+0000] {processor.py:925} INFO - DAG(s) 'data_pipeline' retrieved from /opt/airflow/dags/data_pipeline.py
[2025-03-01T14:20:10.288+0000] {logging_mixin.py:190} INFO - [2025-03-01T14:20:10.288+0000] {dag.py:3239} INFO - Sync 1 DAGs
[2025-03-01T14:20:10.308+0000] {logging_mixin.py:190} INFO - [2025-03-01T14:20:10.307+0000] {dag.py:4180} INFO - Setting next_dagrun for data_pipeline to 2025-03-01 13:00:00+00:00, run_after=2025-03-01 14:00:00+00:00
[2025-03-01T14:20:10.323+0000] {processor.py:208} INFO - Processing /opt/airflow/dags/data_pipeline.py took 2.717 seconds
[2025-03-01T14:20:40.546+0000] {processor.py:186} INFO - Started process (PID=55018) to work on /opt/airflow/dags/data_pipeline.py
[2025-03-01T14:20:40.548+0000] {processor.py:914} INFO - Processing file /opt/airflow/dags/data_pipeline.py for tasks to queue
[2025-03-01T14:20:40.549+0000] {logging_mixin.py:190} INFO - [2025-03-01T14:20:40.549+0000] {dagbag.py:588} INFO - Filling up the DagBag from /opt/airflow/dags/data_pipeline.py
[2025-03-01T14:20:42.022+0000] {logging_mixin.py:190} INFO - [2025-03-01T14:20:42.022+0000] {warnings.py:109} WARNING - /home/airflow/.local/lib/python3.9/site-packages/snowflake/sqlalchemy/base.py:1068: SAWarning: The GenericFunction 'flatten' is already registered and is going to be overridden.
  functions.register_function("flatten", flatten)
[2025-03-01T14:20:43.026+0000] {processor.py:925} INFO - DAG(s) 'data_pipeline' retrieved from /opt/airflow/dags/data_pipeline.py
[2025-03-01T14:20:43.038+0000] {logging_mixin.py:190} INFO - [2025-03-01T14:20:43.038+0000] {dag.py:3239} INFO - Sync 1 DAGs
[2025-03-01T14:20:43.057+0000] {logging_mixin.py:190} INFO - [2025-03-01T14:20:43.057+0000] {dag.py:4180} INFO - Setting next_dagrun for data_pipeline to 2025-03-01 13:00:00+00:00, run_after=2025-03-01 14:00:00+00:00
[2025-03-01T14:20:43.071+0000] {processor.py:208} INFO - Processing /opt/airflow/dags/data_pipeline.py took 2.531 seconds
[2025-03-01T14:21:13.998+0000] {processor.py:186} INFO - Started process (PID=55050) to work on /opt/airflow/dags/data_pipeline.py
[2025-03-01T14:21:14.000+0000] {processor.py:914} INFO - Processing file /opt/airflow/dags/data_pipeline.py for tasks to queue
[2025-03-01T14:21:14.001+0000] {logging_mixin.py:190} INFO - [2025-03-01T14:21:14.000+0000] {dagbag.py:588} INFO - Filling up the DagBag from /opt/airflow/dags/data_pipeline.py
[2025-03-01T14:21:15.404+0000] {logging_mixin.py:190} INFO - [2025-03-01T14:21:15.404+0000] {warnings.py:109} WARNING - /home/airflow/.local/lib/python3.9/site-packages/snowflake/sqlalchemy/base.py:1068: SAWarning: The GenericFunction 'flatten' is already registered and is going to be overridden.
  functions.register_function("flatten", flatten)
[2025-03-01T14:21:16.442+0000] {processor.py:925} INFO - DAG(s) 'data_pipeline' retrieved from /opt/airflow/dags/data_pipeline.py
[2025-03-01T14:21:16.453+0000] {logging_mixin.py:190} INFO - [2025-03-01T14:21:16.453+0000] {dag.py:3239} INFO - Sync 1 DAGs
[2025-03-01T14:21:16.473+0000] {logging_mixin.py:190} INFO - [2025-03-01T14:21:16.473+0000] {dag.py:4180} INFO - Setting next_dagrun for data_pipeline to 2025-03-01 13:00:00+00:00, run_after=2025-03-01 14:00:00+00:00
[2025-03-01T14:21:16.591+0000] {processor.py:208} INFO - Processing /opt/airflow/dags/data_pipeline.py took 2.598 seconds
[2025-03-01T14:21:46.820+0000] {processor.py:186} INFO - Started process (PID=55076) to work on /opt/airflow/dags/data_pipeline.py
[2025-03-01T14:21:46.862+0000] {processor.py:914} INFO - Processing file /opt/airflow/dags/data_pipeline.py for tasks to queue
[2025-03-01T14:21:46.868+0000] {logging_mixin.py:190} INFO - [2025-03-01T14:21:46.867+0000] {dagbag.py:588} INFO - Filling up the DagBag from /opt/airflow/dags/data_pipeline.py
[2025-03-01T14:21:48.306+0000] {logging_mixin.py:190} INFO - [2025-03-01T14:21:48.306+0000] {warnings.py:109} WARNING - /home/airflow/.local/lib/python3.9/site-packages/snowflake/sqlalchemy/base.py:1068: SAWarning: The GenericFunction 'flatten' is already registered and is going to be overridden.
  functions.register_function("flatten", flatten)
[2025-03-01T14:21:49.338+0000] {processor.py:925} INFO - DAG(s) 'data_pipeline' retrieved from /opt/airflow/dags/data_pipeline.py
[2025-03-01T14:21:49.350+0000] {logging_mixin.py:190} INFO - [2025-03-01T14:21:49.349+0000] {dag.py:3239} INFO - Sync 1 DAGs
[2025-03-01T14:21:49.369+0000] {logging_mixin.py:190} INFO - [2025-03-01T14:21:49.369+0000] {dag.py:4180} INFO - Setting next_dagrun for data_pipeline to 2025-03-01 13:00:00+00:00, run_after=2025-03-01 14:00:00+00:00
[2025-03-01T14:21:49.385+0000] {processor.py:208} INFO - Processing /opt/airflow/dags/data_pipeline.py took 2.570 seconds
[2025-03-01T14:22:19.466+0000] {processor.py:186} INFO - Started process (PID=55103) to work on /opt/airflow/dags/data_pipeline.py
[2025-03-01T14:22:19.467+0000] {processor.py:914} INFO - Processing file /opt/airflow/dags/data_pipeline.py for tasks to queue
[2025-03-01T14:22:19.468+0000] {logging_mixin.py:190} INFO - [2025-03-01T14:22:19.468+0000] {dagbag.py:588} INFO - Filling up the DagBag from /opt/airflow/dags/data_pipeline.py
[2025-03-01T14:22:20.882+0000] {logging_mixin.py:190} INFO - [2025-03-01T14:22:20.881+0000] {warnings.py:109} WARNING - /home/airflow/.local/lib/python3.9/site-packages/snowflake/sqlalchemy/base.py:1068: SAWarning: The GenericFunction 'flatten' is already registered and is going to be overridden.
  functions.register_function("flatten", flatten)
[2025-03-01T14:22:21.923+0000] {processor.py:925} INFO - DAG(s) 'data_pipeline' retrieved from /opt/airflow/dags/data_pipeline.py
[2025-03-01T14:22:21.936+0000] {logging_mixin.py:190} INFO - [2025-03-01T14:22:21.936+0000] {dag.py:3239} INFO - Sync 1 DAGs
[2025-03-01T14:22:21.957+0000] {logging_mixin.py:190} INFO - [2025-03-01T14:22:21.957+0000] {dag.py:4180} INFO - Setting next_dagrun for data_pipeline to 2025-03-01 13:00:00+00:00, run_after=2025-03-01 14:00:00+00:00
[2025-03-01T14:22:21.973+0000] {processor.py:208} INFO - Processing /opt/airflow/dags/data_pipeline.py took 2.513 seconds
[2025-03-01T14:22:52.032+0000] {processor.py:186} INFO - Started process (PID=55129) to work on /opt/airflow/dags/data_pipeline.py
[2025-03-01T14:22:52.033+0000] {processor.py:914} INFO - Processing file /opt/airflow/dags/data_pipeline.py for tasks to queue
[2025-03-01T14:22:52.034+0000] {logging_mixin.py:190} INFO - [2025-03-01T14:22:52.034+0000] {dagbag.py:588} INFO - Filling up the DagBag from /opt/airflow/dags/data_pipeline.py
[2025-03-01T14:22:53.456+0000] {logging_mixin.py:190} INFO - [2025-03-01T14:22:53.455+0000] {warnings.py:109} WARNING - /home/airflow/.local/lib/python3.9/site-packages/snowflake/sqlalchemy/base.py:1068: SAWarning: The GenericFunction 'flatten' is already registered and is going to be overridden.
  functions.register_function("flatten", flatten)
[2025-03-01T14:22:54.514+0000] {processor.py:925} INFO - DAG(s) 'data_pipeline' retrieved from /opt/airflow/dags/data_pipeline.py
[2025-03-01T14:22:54.526+0000] {logging_mixin.py:190} INFO - [2025-03-01T14:22:54.525+0000] {dag.py:3239} INFO - Sync 1 DAGs
[2025-03-01T14:22:54.545+0000] {logging_mixin.py:190} INFO - [2025-03-01T14:22:54.545+0000] {dag.py:4180} INFO - Setting next_dagrun for data_pipeline to 2025-03-01 13:00:00+00:00, run_after=2025-03-01 14:00:00+00:00
[2025-03-01T14:22:54.560+0000] {processor.py:208} INFO - Processing /opt/airflow/dags/data_pipeline.py took 2.534 seconds
[2025-03-01T14:23:24.889+0000] {processor.py:186} INFO - Started process (PID=55155) to work on /opt/airflow/dags/data_pipeline.py
[2025-03-01T14:23:24.890+0000] {processor.py:914} INFO - Processing file /opt/airflow/dags/data_pipeline.py for tasks to queue
[2025-03-01T14:23:24.891+0000] {logging_mixin.py:190} INFO - [2025-03-01T14:23:24.891+0000] {dagbag.py:588} INFO - Filling up the DagBag from /opt/airflow/dags/data_pipeline.py
[2025-03-01T14:23:26.559+0000] {logging_mixin.py:190} INFO - [2025-03-01T14:23:26.558+0000] {warnings.py:109} WARNING - /home/airflow/.local/lib/python3.9/site-packages/snowflake/sqlalchemy/base.py:1068: SAWarning: The GenericFunction 'flatten' is already registered and is going to be overridden.
  functions.register_function("flatten", flatten)
[2025-03-01T14:23:27.810+0000] {processor.py:925} INFO - DAG(s) 'data_pipeline' retrieved from /opt/airflow/dags/data_pipeline.py
[2025-03-01T14:23:27.825+0000] {logging_mixin.py:190} INFO - [2025-03-01T14:23:27.825+0000] {dag.py:3239} INFO - Sync 1 DAGs
[2025-03-01T14:23:27.855+0000] {logging_mixin.py:190} INFO - [2025-03-01T14:23:27.855+0000] {dag.py:4180} INFO - Setting next_dagrun for data_pipeline to 2025-03-01 13:00:00+00:00, run_after=2025-03-01 14:00:00+00:00
[2025-03-01T14:23:27.877+0000] {processor.py:208} INFO - Processing /opt/airflow/dags/data_pipeline.py took 2.993 seconds
[2025-03-01T14:23:58.626+0000] {processor.py:186} INFO - Started process (PID=55181) to work on /opt/airflow/dags/data_pipeline.py
[2025-03-01T14:23:58.666+0000] {processor.py:914} INFO - Processing file /opt/airflow/dags/data_pipeline.py for tasks to queue
[2025-03-01T14:23:58.667+0000] {logging_mixin.py:190} INFO - [2025-03-01T14:23:58.667+0000] {dagbag.py:588} INFO - Filling up the DagBag from /opt/airflow/dags/data_pipeline.py
[2025-03-01T14:24:00.008+0000] {logging_mixin.py:190} INFO - [2025-03-01T14:24:00.007+0000] {warnings.py:109} WARNING - /home/airflow/.local/lib/python3.9/site-packages/snowflake/sqlalchemy/base.py:1068: SAWarning: The GenericFunction 'flatten' is already registered and is going to be overridden.
  functions.register_function("flatten", flatten)
[2025-03-01T14:24:00.996+0000] {processor.py:925} INFO - DAG(s) 'data_pipeline' retrieved from /opt/airflow/dags/data_pipeline.py
[2025-03-01T14:24:01.007+0000] {logging_mixin.py:190} INFO - [2025-03-01T14:24:01.007+0000] {dag.py:3239} INFO - Sync 1 DAGs
[2025-03-01T14:24:01.025+0000] {logging_mixin.py:190} INFO - [2025-03-01T14:24:01.025+0000] {dag.py:4180} INFO - Setting next_dagrun for data_pipeline to 2025-03-01 13:00:00+00:00, run_after=2025-03-01 14:00:00+00:00
[2025-03-01T14:24:01.039+0000] {processor.py:208} INFO - Processing /opt/airflow/dags/data_pipeline.py took 2.419 seconds
[2025-03-01T14:24:31.690+0000] {processor.py:186} INFO - Started process (PID=55213) to work on /opt/airflow/dags/data_pipeline.py
[2025-03-01T14:24:31.691+0000] {processor.py:914} INFO - Processing file /opt/airflow/dags/data_pipeline.py for tasks to queue
[2025-03-01T14:24:31.692+0000] {logging_mixin.py:190} INFO - [2025-03-01T14:24:31.692+0000] {dagbag.py:588} INFO - Filling up the DagBag from /opt/airflow/dags/data_pipeline.py
[2025-03-01T14:24:33.045+0000] {logging_mixin.py:190} INFO - [2025-03-01T14:24:33.044+0000] {warnings.py:109} WARNING - /home/airflow/.local/lib/python3.9/site-packages/snowflake/sqlalchemy/base.py:1068: SAWarning: The GenericFunction 'flatten' is already registered and is going to be overridden.
  functions.register_function("flatten", flatten)
[2025-03-01T14:24:34.026+0000] {processor.py:925} INFO - DAG(s) 'data_pipeline' retrieved from /opt/airflow/dags/data_pipeline.py
[2025-03-01T14:24:34.037+0000] {logging_mixin.py:190} INFO - [2025-03-01T14:24:34.036+0000] {dag.py:3239} INFO - Sync 1 DAGs
[2025-03-01T14:24:34.056+0000] {logging_mixin.py:190} INFO - [2025-03-01T14:24:34.056+0000] {dag.py:4180} INFO - Setting next_dagrun for data_pipeline to 2025-03-01 13:00:00+00:00, run_after=2025-03-01 14:00:00+00:00
[2025-03-01T14:24:34.070+0000] {processor.py:208} INFO - Processing /opt/airflow/dags/data_pipeline.py took 2.386 seconds
[2025-03-01T14:25:05.023+0000] {processor.py:186} INFO - Started process (PID=55239) to work on /opt/airflow/dags/data_pipeline.py
[2025-03-01T14:25:05.064+0000] {processor.py:914} INFO - Processing file /opt/airflow/dags/data_pipeline.py for tasks to queue
[2025-03-01T14:25:05.071+0000] {logging_mixin.py:190} INFO - [2025-03-01T14:25:05.069+0000] {dagbag.py:588} INFO - Filling up the DagBag from /opt/airflow/dags/data_pipeline.py
[2025-03-01T14:25:06.409+0000] {logging_mixin.py:190} INFO - [2025-03-01T14:25:06.408+0000] {warnings.py:109} WARNING - /home/airflow/.local/lib/python3.9/site-packages/snowflake/sqlalchemy/base.py:1068: SAWarning: The GenericFunction 'flatten' is already registered and is going to be overridden.
  functions.register_function("flatten", flatten)
[2025-03-01T14:25:07.394+0000] {processor.py:925} INFO - DAG(s) 'data_pipeline' retrieved from /opt/airflow/dags/data_pipeline.py
[2025-03-01T14:25:07.405+0000] {logging_mixin.py:190} INFO - [2025-03-01T14:25:07.405+0000] {dag.py:3239} INFO - Sync 1 DAGs
[2025-03-01T14:25:07.423+0000] {logging_mixin.py:190} INFO - [2025-03-01T14:25:07.423+0000] {dag.py:4180} INFO - Setting next_dagrun for data_pipeline to 2025-03-01 13:00:00+00:00, run_after=2025-03-01 14:00:00+00:00
[2025-03-01T14:25:07.444+0000] {processor.py:208} INFO - Processing /opt/airflow/dags/data_pipeline.py took 2.427 seconds
[2025-03-01T14:25:38.320+0000] {processor.py:186} INFO - Started process (PID=55265) to work on /opt/airflow/dags/data_pipeline.py
[2025-03-01T14:25:38.322+0000] {processor.py:914} INFO - Processing file /opt/airflow/dags/data_pipeline.py for tasks to queue
[2025-03-01T14:25:38.324+0000] {logging_mixin.py:190} INFO - [2025-03-01T14:25:38.323+0000] {dagbag.py:588} INFO - Filling up the DagBag from /opt/airflow/dags/data_pipeline.py
[2025-03-01T14:25:39.815+0000] {logging_mixin.py:190} INFO - [2025-03-01T14:25:39.815+0000] {warnings.py:109} WARNING - /home/airflow/.local/lib/python3.9/site-packages/snowflake/sqlalchemy/base.py:1068: SAWarning: The GenericFunction 'flatten' is already registered and is going to be overridden.
  functions.register_function("flatten", flatten)
[2025-03-01T14:25:40.705+0000] {processor.py:925} INFO - DAG(s) 'data_pipeline' retrieved from /opt/airflow/dags/data_pipeline.py
[2025-03-01T14:25:40.715+0000] {logging_mixin.py:190} INFO - [2025-03-01T14:25:40.715+0000] {dag.py:3239} INFO - Sync 1 DAGs
[2025-03-01T14:25:40.733+0000] {logging_mixin.py:190} INFO - [2025-03-01T14:25:40.733+0000] {dag.py:4180} INFO - Setting next_dagrun for data_pipeline to 2025-03-01 13:00:00+00:00, run_after=2025-03-01 14:00:00+00:00
[2025-03-01T14:25:40.747+0000] {processor.py:208} INFO - Processing /opt/airflow/dags/data_pipeline.py took 2.434 seconds
[2025-03-01T14:26:10.902+0000] {processor.py:186} INFO - Started process (PID=55291) to work on /opt/airflow/dags/data_pipeline.py
[2025-03-01T14:26:10.943+0000] {processor.py:914} INFO - Processing file /opt/airflow/dags/data_pipeline.py for tasks to queue
[2025-03-01T14:26:10.944+0000] {logging_mixin.py:190} INFO - [2025-03-01T14:26:10.944+0000] {dagbag.py:588} INFO - Filling up the DagBag from /opt/airflow/dags/data_pipeline.py
[2025-03-01T14:26:12.306+0000] {logging_mixin.py:190} INFO - [2025-03-01T14:26:12.306+0000] {warnings.py:109} WARNING - /home/airflow/.local/lib/python3.9/site-packages/snowflake/sqlalchemy/base.py:1068: SAWarning: The GenericFunction 'flatten' is already registered and is going to be overridden.
  functions.register_function("flatten", flatten)
[2025-03-01T14:26:13.221+0000] {processor.py:925} INFO - DAG(s) 'data_pipeline' retrieved from /opt/airflow/dags/data_pipeline.py
[2025-03-01T14:26:13.232+0000] {logging_mixin.py:190} INFO - [2025-03-01T14:26:13.232+0000] {dag.py:3239} INFO - Sync 1 DAGs
[2025-03-01T14:26:13.251+0000] {logging_mixin.py:190} INFO - [2025-03-01T14:26:13.251+0000] {dag.py:4180} INFO - Setting next_dagrun for data_pipeline to 2025-03-01 13:00:00+00:00, run_after=2025-03-01 14:00:00+00:00
[2025-03-01T14:26:13.336+0000] {processor.py:208} INFO - Processing /opt/airflow/dags/data_pipeline.py took 2.440 seconds
[2025-03-01T14:26:43.456+0000] {processor.py:186} INFO - Started process (PID=55318) to work on /opt/airflow/dags/data_pipeline.py
[2025-03-01T14:26:43.457+0000] {processor.py:914} INFO - Processing file /opt/airflow/dags/data_pipeline.py for tasks to queue
[2025-03-01T14:26:43.458+0000] {logging_mixin.py:190} INFO - [2025-03-01T14:26:43.458+0000] {dagbag.py:588} INFO - Filling up the DagBag from /opt/airflow/dags/data_pipeline.py
[2025-03-01T14:26:44.833+0000] {logging_mixin.py:190} INFO - [2025-03-01T14:26:44.832+0000] {warnings.py:109} WARNING - /home/airflow/.local/lib/python3.9/site-packages/snowflake/sqlalchemy/base.py:1068: SAWarning: The GenericFunction 'flatten' is already registered and is going to be overridden.
  functions.register_function("flatten", flatten)
[2025-03-01T14:26:45.764+0000] {processor.py:925} INFO - DAG(s) 'data_pipeline' retrieved from /opt/airflow/dags/data_pipeline.py
[2025-03-01T14:26:45.776+0000] {logging_mixin.py:190} INFO - [2025-03-01T14:26:45.776+0000] {dag.py:3239} INFO - Sync 1 DAGs
[2025-03-01T14:26:43.971+0000] {logging_mixin.py:190} INFO - [2025-03-01T14:26:43.971+0000] {dag.py:4180} INFO - Setting next_dagrun for data_pipeline to 2025-03-01 13:00:00+00:00, run_after=2025-03-01 14:00:00+00:00
[2025-03-01T14:26:43.986+0000] {processor.py:208} INFO - Processing /opt/airflow/dags/data_pipeline.py took 2.362 seconds
[2025-03-01T14:27:14.426+0000] {processor.py:186} INFO - Started process (PID=55344) to work on /opt/airflow/dags/data_pipeline.py
[2025-03-01T14:27:14.428+0000] {processor.py:914} INFO - Processing file /opt/airflow/dags/data_pipeline.py for tasks to queue
[2025-03-01T14:27:14.430+0000] {logging_mixin.py:190} INFO - [2025-03-01T14:27:14.430+0000] {dagbag.py:588} INFO - Filling up the DagBag from /opt/airflow/dags/data_pipeline.py
[2025-03-01T14:27:14.810+0000] {logging_mixin.py:190} INFO - [2025-03-01T14:27:14.809+0000] {warnings.py:109} WARNING - /home/airflow/.local/lib/python3.9/site-packages/snowflake/sqlalchemy/base.py:1068: SAWarning: The GenericFunction 'flatten' is already registered and is going to be overridden.
  functions.register_function("flatten", flatten)
[2025-03-01T14:27:16.036+0000] {processor.py:925} INFO - DAG(s) 'data_pipeline' retrieved from /opt/airflow/dags/data_pipeline.py
[2025-03-01T14:27:16.052+0000] {logging_mixin.py:190} INFO - [2025-03-01T14:27:16.052+0000] {dag.py:3239} INFO - Sync 1 DAGs
[2025-03-01T14:27:16.073+0000] {logging_mixin.py:190} INFO - [2025-03-01T14:27:16.073+0000] {dag.py:4180} INFO - Setting next_dagrun for data_pipeline to 2025-03-01 13:00:00+00:00, run_after=2025-03-01 14:00:00+00:00
[2025-03-01T14:27:16.179+0000] {processor.py:208} INFO - Processing /opt/airflow/dags/data_pipeline.py took 3.703 seconds
[2025-03-01T14:27:47.009+0000] {processor.py:186} INFO - Started process (PID=55370) to work on /opt/airflow/dags/data_pipeline.py
[2025-03-01T14:27:47.011+0000] {processor.py:914} INFO - Processing file /opt/airflow/dags/data_pipeline.py for tasks to queue
[2025-03-01T14:27:47.013+0000] {logging_mixin.py:190} INFO - [2025-03-01T14:27:47.012+0000] {dagbag.py:588} INFO - Filling up the DagBag from /opt/airflow/dags/data_pipeline.py
[2025-03-01T14:27:48.618+0000] {logging_mixin.py:190} INFO - [2025-03-01T14:27:48.617+0000] {warnings.py:109} WARNING - /home/airflow/.local/lib/python3.9/site-packages/snowflake/sqlalchemy/base.py:1068: SAWarning: The GenericFunction 'flatten' is already registered and is going to be overridden.
  functions.register_function("flatten", flatten)
[2025-03-01T14:27:49.714+0000] {processor.py:925} INFO - DAG(s) 'data_pipeline' retrieved from /opt/airflow/dags/data_pipeline.py
[2025-03-01T14:27:49.726+0000] {logging_mixin.py:190} INFO - [2025-03-01T14:27:49.726+0000] {dag.py:3239} INFO - Sync 1 DAGs
[2025-03-01T14:27:49.748+0000] {logging_mixin.py:190} INFO - [2025-03-01T14:27:49.748+0000] {dag.py:4180} INFO - Setting next_dagrun for data_pipeline to 2025-03-01 13:00:00+00:00, run_after=2025-03-01 14:00:00+00:00
[2025-03-01T14:27:49.766+0000] {processor.py:208} INFO - Processing /opt/airflow/dags/data_pipeline.py took 2.763 seconds
[2025-03-01T14:28:20.262+0000] {processor.py:186} INFO - Started process (PID=55402) to work on /opt/airflow/dags/data_pipeline.py
[2025-03-01T14:28:20.263+0000] {processor.py:914} INFO - Processing file /opt/airflow/dags/data_pipeline.py for tasks to queue
[2025-03-01T14:28:20.264+0000] {logging_mixin.py:190} INFO - [2025-03-01T14:28:20.264+0000] {dagbag.py:588} INFO - Filling up the DagBag from /opt/airflow/dags/data_pipeline.py
[2025-03-01T14:28:21.699+0000] {logging_mixin.py:190} INFO - [2025-03-01T14:28:21.698+0000] {warnings.py:109} WARNING - /home/airflow/.local/lib/python3.9/site-packages/snowflake/sqlalchemy/base.py:1068: SAWarning: The GenericFunction 'flatten' is already registered and is going to be overridden.
  functions.register_function("flatten", flatten)
[2025-03-01T14:28:22.689+0000] {processor.py:925} INFO - DAG(s) 'data_pipeline' retrieved from /opt/airflow/dags/data_pipeline.py
[2025-03-01T14:28:22.704+0000] {logging_mixin.py:190} INFO - [2025-03-01T14:28:22.704+0000] {dag.py:3239} INFO - Sync 1 DAGs
[2025-03-01T14:28:22.723+0000] {logging_mixin.py:190} INFO - [2025-03-01T14:28:22.723+0000] {dag.py:4180} INFO - Setting next_dagrun for data_pipeline to 2025-03-01 13:00:00+00:00, run_after=2025-03-01 14:00:00+00:00
[2025-03-01T14:28:22.738+0000] {processor.py:208} INFO - Processing /opt/airflow/dags/data_pipeline.py took 2.483 seconds
[2025-03-01T14:28:53.167+0000] {processor.py:186} INFO - Started process (PID=55428) to work on /opt/airflow/dags/data_pipeline.py
[2025-03-01T14:28:53.168+0000] {processor.py:914} INFO - Processing file /opt/airflow/dags/data_pipeline.py for tasks to queue
[2025-03-01T14:28:53.169+0000] {logging_mixin.py:190} INFO - [2025-03-01T14:28:53.169+0000] {dagbag.py:588} INFO - Filling up the DagBag from /opt/airflow/dags/data_pipeline.py
[2025-03-01T14:28:54.685+0000] {logging_mixin.py:190} INFO - [2025-03-01T14:28:54.684+0000] {warnings.py:109} WARNING - /home/airflow/.local/lib/python3.9/site-packages/snowflake/sqlalchemy/base.py:1068: SAWarning: The GenericFunction 'flatten' is already registered and is going to be overridden.
  functions.register_function("flatten", flatten)
[2025-03-01T14:28:55.685+0000] {processor.py:925} INFO - DAG(s) 'data_pipeline' retrieved from /opt/airflow/dags/data_pipeline.py
[2025-03-01T14:28:55.696+0000] {logging_mixin.py:190} INFO - [2025-03-01T14:28:55.696+0000] {dag.py:3239} INFO - Sync 1 DAGs
[2025-03-01T14:28:55.715+0000] {logging_mixin.py:190} INFO - [2025-03-01T14:28:55.715+0000] {dag.py:4180} INFO - Setting next_dagrun for data_pipeline to 2025-03-01 13:00:00+00:00, run_after=2025-03-01 14:00:00+00:00
[2025-03-01T14:28:55.731+0000] {processor.py:208} INFO - Processing /opt/airflow/dags/data_pipeline.py took 2.570 seconds
[2025-03-01T14:29:26.612+0000] {processor.py:186} INFO - Started process (PID=55454) to work on /opt/airflow/dags/data_pipeline.py
[2025-03-01T14:29:26.613+0000] {processor.py:914} INFO - Processing file /opt/airflow/dags/data_pipeline.py for tasks to queue
[2025-03-01T14:29:26.614+0000] {logging_mixin.py:190} INFO - [2025-03-01T14:29:26.614+0000] {dagbag.py:588} INFO - Filling up the DagBag from /opt/airflow/dags/data_pipeline.py
[2025-03-01T14:29:27.951+0000] {logging_mixin.py:190} INFO - [2025-03-01T14:29:27.950+0000] {warnings.py:109} WARNING - /home/airflow/.local/lib/python3.9/site-packages/snowflake/sqlalchemy/base.py:1068: SAWarning: The GenericFunction 'flatten' is already registered and is going to be overridden.
  functions.register_function("flatten", flatten)
[2025-03-01T14:29:29.012+0000] {processor.py:925} INFO - DAG(s) 'data_pipeline' retrieved from /opt/airflow/dags/data_pipeline.py
[2025-03-01T14:29:29.025+0000] {logging_mixin.py:190} INFO - [2025-03-01T14:29:29.025+0000] {dag.py:3239} INFO - Sync 1 DAGs
[2025-03-01T14:29:29.045+0000] {logging_mixin.py:190} INFO - [2025-03-01T14:29:29.045+0000] {dag.py:4180} INFO - Setting next_dagrun for data_pipeline to 2025-03-01 13:00:00+00:00, run_after=2025-03-01 14:00:00+00:00
[2025-03-01T14:29:29.061+0000] {processor.py:208} INFO - Processing /opt/airflow/dags/data_pipeline.py took 2.456 seconds
[2025-03-01T14:29:59.290+0000] {processor.py:186} INFO - Started process (PID=55480) to work on /opt/airflow/dags/data_pipeline.py
[2025-03-01T14:29:59.291+0000] {processor.py:914} INFO - Processing file /opt/airflow/dags/data_pipeline.py for tasks to queue
[2025-03-01T14:29:59.292+0000] {logging_mixin.py:190} INFO - [2025-03-01T14:29:59.292+0000] {dagbag.py:588} INFO - Filling up the DagBag from /opt/airflow/dags/data_pipeline.py
[2025-03-01T14:30:00.821+0000] {logging_mixin.py:190} INFO - [2025-03-01T14:30:00.821+0000] {warnings.py:109} WARNING - /home/airflow/.local/lib/python3.9/site-packages/snowflake/sqlalchemy/base.py:1068: SAWarning: The GenericFunction 'flatten' is already registered and is going to be overridden.
  functions.register_function("flatten", flatten)
[2025-03-01T14:30:01.768+0000] {processor.py:925} INFO - DAG(s) 'data_pipeline' retrieved from /opt/airflow/dags/data_pipeline.py
[2025-03-01T14:30:01.781+0000] {logging_mixin.py:190} INFO - [2025-03-01T14:30:01.781+0000] {dag.py:3239} INFO - Sync 1 DAGs
[2025-03-01T14:30:01.802+0000] {logging_mixin.py:190} INFO - [2025-03-01T14:30:01.802+0000] {dag.py:4180} INFO - Setting next_dagrun for data_pipeline to 2025-03-01 13:00:00+00:00, run_after=2025-03-01 14:00:00+00:00
[2025-03-01T14:30:01.818+0000] {processor.py:208} INFO - Processing /opt/airflow/dags/data_pipeline.py took 2.534 seconds
[2025-03-01T14:30:32.076+0000] {processor.py:186} INFO - Started process (PID=55507) to work on /opt/airflow/dags/data_pipeline.py
[2025-03-01T14:30:32.078+0000] {processor.py:914} INFO - Processing file /opt/airflow/dags/data_pipeline.py for tasks to queue
[2025-03-01T14:30:32.079+0000] {logging_mixin.py:190} INFO - [2025-03-01T14:30:32.078+0000] {dagbag.py:588} INFO - Filling up the DagBag from /opt/airflow/dags/data_pipeline.py
[2025-03-01T14:30:33.527+0000] {logging_mixin.py:190} INFO - [2025-03-01T14:30:33.526+0000] {warnings.py:109} WARNING - /home/airflow/.local/lib/python3.9/site-packages/snowflake/sqlalchemy/base.py:1068: SAWarning: The GenericFunction 'flatten' is already registered and is going to be overridden.
  functions.register_function("flatten", flatten)
[2025-03-01T14:30:34.517+0000] {processor.py:925} INFO - DAG(s) 'data_pipeline' retrieved from /opt/airflow/dags/data_pipeline.py
[2025-03-01T14:30:34.530+0000] {logging_mixin.py:190} INFO - [2025-03-01T14:30:34.529+0000] {dag.py:3239} INFO - Sync 1 DAGs
[2025-03-01T14:30:34.550+0000] {logging_mixin.py:190} INFO - [2025-03-01T14:30:34.550+0000] {dag.py:4180} INFO - Setting next_dagrun for data_pipeline to 2025-03-01 13:00:00+00:00, run_after=2025-03-01 14:00:00+00:00
[2025-03-01T14:30:34.566+0000] {processor.py:208} INFO - Processing /opt/airflow/dags/data_pipeline.py took 2.497 seconds
[2025-03-01T14:31:04.671+0000] {processor.py:186} INFO - Started process (PID=55533) to work on /opt/airflow/dags/data_pipeline.py
[2025-03-01T14:31:04.672+0000] {processor.py:914} INFO - Processing file /opt/airflow/dags/data_pipeline.py for tasks to queue
[2025-03-01T14:31:04.673+0000] {logging_mixin.py:190} INFO - [2025-03-01T14:31:04.673+0000] {dagbag.py:588} INFO - Filling up the DagBag from /opt/airflow/dags/data_pipeline.py
[2025-03-01T14:31:06.208+0000] {logging_mixin.py:190} INFO - [2025-03-01T14:31:06.208+0000] {warnings.py:109} WARNING - /home/airflow/.local/lib/python3.9/site-packages/snowflake/sqlalchemy/base.py:1068: SAWarning: The GenericFunction 'flatten' is already registered and is going to be overridden.
  functions.register_function("flatten", flatten)
[2025-03-01T14:31:07.115+0000] {processor.py:925} INFO - DAG(s) 'data_pipeline' retrieved from /opt/airflow/dags/data_pipeline.py
[2025-03-01T14:31:07.129+0000] {logging_mixin.py:190} INFO - [2025-03-01T14:31:07.129+0000] {dag.py:3239} INFO - Sync 1 DAGs
[2025-03-01T14:31:07.150+0000] {logging_mixin.py:190} INFO - [2025-03-01T14:31:07.150+0000] {dag.py:4180} INFO - Setting next_dagrun for data_pipeline to 2025-03-01 13:00:00+00:00, run_after=2025-03-01 14:00:00+00:00
[2025-03-01T14:31:07.168+0000] {processor.py:208} INFO - Processing /opt/airflow/dags/data_pipeline.py took 2.504 seconds
[2025-03-01T14:31:37.590+0000] {processor.py:186} INFO - Started process (PID=55565) to work on /opt/airflow/dags/data_pipeline.py
[2025-03-01T14:31:37.592+0000] {processor.py:914} INFO - Processing file /opt/airflow/dags/data_pipeline.py for tasks to queue
[2025-03-01T14:31:37.593+0000] {logging_mixin.py:190} INFO - [2025-03-01T14:31:37.592+0000] {dagbag.py:588} INFO - Filling up the DagBag from /opt/airflow/dags/data_pipeline.py
[2025-03-01T14:31:38.887+0000] {logging_mixin.py:190} INFO - [2025-03-01T14:31:38.887+0000] {warnings.py:109} WARNING - /home/airflow/.local/lib/python3.9/site-packages/snowflake/sqlalchemy/base.py:1068: SAWarning: The GenericFunction 'flatten' is already registered and is going to be overridden.
  functions.register_function("flatten", flatten)
[2025-03-01T14:31:39.857+0000] {processor.py:925} INFO - DAG(s) 'data_pipeline' retrieved from /opt/airflow/dags/data_pipeline.py
[2025-03-01T14:31:39.869+0000] {logging_mixin.py:190} INFO - [2025-03-01T14:31:39.869+0000] {dag.py:3239} INFO - Sync 1 DAGs
[2025-03-01T14:31:39.891+0000] {logging_mixin.py:190} INFO - [2025-03-01T14:31:39.891+0000] {dag.py:4180} INFO - Setting next_dagrun for data_pipeline to 2025-03-01 13:00:00+00:00, run_after=2025-03-01 14:00:00+00:00
[2025-03-01T14:31:39.908+0000] {processor.py:208} INFO - Processing /opt/airflow/dags/data_pipeline.py took 2.324 seconds
[2025-03-01T14:32:10.641+0000] {processor.py:186} INFO - Started process (PID=55591) to work on /opt/airflow/dags/data_pipeline.py
[2025-03-01T14:32:10.683+0000] {processor.py:914} INFO - Processing file /opt/airflow/dags/data_pipeline.py for tasks to queue
[2025-03-01T14:32:10.684+0000] {logging_mixin.py:190} INFO - [2025-03-01T14:32:10.684+0000] {dagbag.py:588} INFO - Filling up the DagBag from /opt/airflow/dags/data_pipeline.py
[2025-03-01T14:32:12.023+0000] {logging_mixin.py:190} INFO - [2025-03-01T14:32:12.023+0000] {warnings.py:109} WARNING - /home/airflow/.local/lib/python3.9/site-packages/snowflake/sqlalchemy/base.py:1068: SAWarning: The GenericFunction 'flatten' is already registered and is going to be overridden.
  functions.register_function("flatten", flatten)
[2025-03-01T14:32:12.893+0000] {processor.py:925} INFO - DAG(s) 'data_pipeline' retrieved from /opt/airflow/dags/data_pipeline.py
[2025-03-01T14:32:12.906+0000] {logging_mixin.py:190} INFO - [2025-03-01T14:32:12.905+0000] {dag.py:3239} INFO - Sync 1 DAGs
[2025-03-01T14:32:12.925+0000] {logging_mixin.py:190} INFO - [2025-03-01T14:32:12.924+0000] {dag.py:4180} INFO - Setting next_dagrun for data_pipeline to 2025-03-01 13:00:00+00:00, run_after=2025-03-01 14:00:00+00:00
[2025-03-01T14:32:12.941+0000] {processor.py:208} INFO - Processing /opt/airflow/dags/data_pipeline.py took 2.307 seconds
[2025-03-01T14:32:43.571+0000] {processor.py:186} INFO - Started process (PID=55617) to work on /opt/airflow/dags/data_pipeline.py
[2025-03-01T14:32:43.572+0000] {processor.py:914} INFO - Processing file /opt/airflow/dags/data_pipeline.py for tasks to queue
[2025-03-01T14:32:43.573+0000] {logging_mixin.py:190} INFO - [2025-03-01T14:32:43.573+0000] {dagbag.py:588} INFO - Filling up the DagBag from /opt/airflow/dags/data_pipeline.py
[2025-03-01T14:32:44.844+0000] {logging_mixin.py:190} INFO - [2025-03-01T14:32:44.844+0000] {warnings.py:109} WARNING - /home/airflow/.local/lib/python3.9/site-packages/snowflake/sqlalchemy/base.py:1068: SAWarning: The GenericFunction 'flatten' is already registered and is going to be overridden.
  functions.register_function("flatten", flatten)
[2025-03-01T14:32:45.832+0000] {processor.py:925} INFO - DAG(s) 'data_pipeline' retrieved from /opt/airflow/dags/data_pipeline.py
[2025-03-01T14:32:45.845+0000] {logging_mixin.py:190} INFO - [2025-03-01T14:32:45.845+0000] {dag.py:3239} INFO - Sync 1 DAGs
[2025-03-01T14:32:45.865+0000] {logging_mixin.py:190} INFO - [2025-03-01T14:32:45.865+0000] {dag.py:4180} INFO - Setting next_dagrun for data_pipeline to 2025-03-01 13:00:00+00:00, run_after=2025-03-01 14:00:00+00:00
[2025-03-01T14:32:45.920+0000] {processor.py:208} INFO - Processing /opt/airflow/dags/data_pipeline.py took 2.355 seconds
[2025-03-01T15:21:29.483+0000] {processor.py:186} INFO - Started process (PID=55644) to work on /opt/airflow/dags/data_pipeline.py
[2025-03-01T15:21:29.485+0000] {processor.py:914} INFO - Processing file /opt/airflow/dags/data_pipeline.py for tasks to queue
[2025-03-01T15:21:29.486+0000] {logging_mixin.py:190} INFO - [2025-03-01T15:21:29.486+0000] {dagbag.py:588} INFO - Filling up the DagBag from /opt/airflow/dags/data_pipeline.py
[2025-03-01T15:21:31.750+0000] {logging_mixin.py:190} INFO - [2025-03-01T15:21:31.750+0000] {warnings.py:109} WARNING - /home/airflow/.local/lib/python3.9/site-packages/snowflake/sqlalchemy/base.py:1068: SAWarning: The GenericFunction 'flatten' is already registered and is going to be overridden.
  functions.register_function("flatten", flatten)
[2025-03-01T15:21:34.343+0000] {processor.py:925} INFO - DAG(s) 'data_pipeline' retrieved from /opt/airflow/dags/data_pipeline.py
[2025-03-01T15:21:34.380+0000] {logging_mixin.py:190} INFO - [2025-03-01T15:21:34.379+0000] {dag.py:3239} INFO - Sync 1 DAGs
[2025-03-01T15:21:34.460+0000] {logging_mixin.py:190} INFO - [2025-03-01T15:21:34.459+0000] {dag.py:4180} INFO - Setting next_dagrun for data_pipeline to 2025-03-01 14:00:00+00:00, run_after=2025-03-01 15:00:00+00:00
[2025-03-01T15:21:34.512+0000] {processor.py:208} INFO - Processing /opt/airflow/dags/data_pipeline.py took 5.037 seconds
[2025-03-01T15:22:05.270+0000] {processor.py:186} INFO - Started process (PID=55671) to work on /opt/airflow/dags/data_pipeline.py
[2025-03-01T15:22:05.272+0000] {processor.py:914} INFO - Processing file /opt/airflow/dags/data_pipeline.py for tasks to queue
[2025-03-01T15:22:05.273+0000] {logging_mixin.py:190} INFO - [2025-03-01T15:22:05.273+0000] {dagbag.py:588} INFO - Filling up the DagBag from /opt/airflow/dags/data_pipeline.py
[2025-03-01T15:22:06.934+0000] {logging_mixin.py:190} INFO - [2025-03-01T15:22:06.934+0000] {warnings.py:109} WARNING - /home/airflow/.local/lib/python3.9/site-packages/snowflake/sqlalchemy/base.py:1068: SAWarning: The GenericFunction 'flatten' is already registered and is going to be overridden.
  functions.register_function("flatten", flatten)
[2025-03-01T15:22:07.816+0000] {processor.py:925} INFO - DAG(s) 'data_pipeline' retrieved from /opt/airflow/dags/data_pipeline.py
[2025-03-01T15:22:07.829+0000] {logging_mixin.py:190} INFO - [2025-03-01T15:22:07.829+0000] {dag.py:3239} INFO - Sync 1 DAGs
[2025-03-01T15:22:07.849+0000] {logging_mixin.py:190} INFO - [2025-03-01T15:22:07.848+0000] {dag.py:4180} INFO - Setting next_dagrun for data_pipeline to 2025-03-01 14:00:00+00:00, run_after=2025-03-01 15:00:00+00:00
[2025-03-01T15:22:07.864+0000] {processor.py:208} INFO - Processing /opt/airflow/dags/data_pipeline.py took 2.601 seconds
[2025-03-01T15:22:38.701+0000] {processor.py:186} INFO - Started process (PID=55697) to work on /opt/airflow/dags/data_pipeline.py
[2025-03-01T15:22:38.702+0000] {processor.py:914} INFO - Processing file /opt/airflow/dags/data_pipeline.py for tasks to queue
[2025-03-01T15:22:38.703+0000] {logging_mixin.py:190} INFO - [2025-03-01T15:22:38.703+0000] {dagbag.py:588} INFO - Filling up the DagBag from /opt/airflow/dags/data_pipeline.py
[2025-03-01T15:22:40.077+0000] {logging_mixin.py:190} INFO - [2025-03-01T15:22:40.077+0000] {warnings.py:109} WARNING - /home/airflow/.local/lib/python3.9/site-packages/snowflake/sqlalchemy/base.py:1068: SAWarning: The GenericFunction 'flatten' is already registered and is going to be overridden.
  functions.register_function("flatten", flatten)
[2025-03-01T15:22:40.912+0000] {processor.py:925} INFO - DAG(s) 'data_pipeline' retrieved from /opt/airflow/dags/data_pipeline.py
[2025-03-01T15:22:40.925+0000] {logging_mixin.py:190} INFO - [2025-03-01T15:22:40.925+0000] {dag.py:3239} INFO - Sync 1 DAGs
[2025-03-01T15:22:40.945+0000] {logging_mixin.py:190} INFO - [2025-03-01T15:22:40.945+0000] {dag.py:4180} INFO - Setting next_dagrun for data_pipeline to 2025-03-01 14:00:00+00:00, run_after=2025-03-01 15:00:00+00:00
[2025-03-01T15:22:40.960+0000] {processor.py:208} INFO - Processing /opt/airflow/dags/data_pipeline.py took 2.264 seconds
[2025-03-01T15:23:11.454+0000] {processor.py:186} INFO - Started process (PID=55723) to work on /opt/airflow/dags/data_pipeline.py
[2025-03-01T15:23:11.455+0000] {processor.py:914} INFO - Processing file /opt/airflow/dags/data_pipeline.py for tasks to queue
[2025-03-01T15:23:11.456+0000] {logging_mixin.py:190} INFO - [2025-03-01T15:23:11.456+0000] {dagbag.py:588} INFO - Filling up the DagBag from /opt/airflow/dags/data_pipeline.py
[2025-03-01T15:23:12.855+0000] {logging_mixin.py:190} INFO - [2025-03-01T15:23:12.854+0000] {warnings.py:109} WARNING - /home/airflow/.local/lib/python3.9/site-packages/snowflake/sqlalchemy/base.py:1068: SAWarning: The GenericFunction 'flatten' is already registered and is going to be overridden.
  functions.register_function("flatten", flatten)
[2025-03-01T15:23:13.820+0000] {processor.py:925} INFO - DAG(s) 'data_pipeline' retrieved from /opt/airflow/dags/data_pipeline.py
[2025-03-01T15:23:13.832+0000] {logging_mixin.py:190} INFO - [2025-03-01T15:23:13.832+0000] {dag.py:3239} INFO - Sync 1 DAGs
[2025-03-01T15:23:13.851+0000] {logging_mixin.py:190} INFO - [2025-03-01T15:23:13.850+0000] {dag.py:4180} INFO - Setting next_dagrun for data_pipeline to 2025-03-01 14:00:00+00:00, run_after=2025-03-01 15:00:00+00:00
[2025-03-01T15:23:13.866+0000] {processor.py:208} INFO - Processing /opt/airflow/dags/data_pipeline.py took 2.418 seconds
[2025-03-01T15:23:43.936+0000] {processor.py:186} INFO - Started process (PID=55749) to work on /opt/airflow/dags/data_pipeline.py
[2025-03-01T15:23:43.937+0000] {processor.py:914} INFO - Processing file /opt/airflow/dags/data_pipeline.py for tasks to queue
[2025-03-01T15:23:43.938+0000] {logging_mixin.py:190} INFO - [2025-03-01T15:23:43.938+0000] {dagbag.py:588} INFO - Filling up the DagBag from /opt/airflow/dags/data_pipeline.py
[2025-03-01T15:23:45.631+0000] {logging_mixin.py:190} INFO - [2025-03-01T15:23:45.631+0000] {warnings.py:109} WARNING - /home/airflow/.local/lib/python3.9/site-packages/snowflake/sqlalchemy/base.py:1068: SAWarning: The GenericFunction 'flatten' is already registered and is going to be overridden.
  functions.register_function("flatten", flatten)
[2025-03-01T15:23:46.589+0000] {processor.py:925} INFO - DAG(s) 'data_pipeline' retrieved from /opt/airflow/dags/data_pipeline.py
[2025-03-01T15:23:46.600+0000] {logging_mixin.py:190} INFO - [2025-03-01T15:23:46.600+0000] {dag.py:3239} INFO - Sync 1 DAGs
[2025-03-01T15:23:46.620+0000] {logging_mixin.py:190} INFO - [2025-03-01T15:23:46.620+0000] {dag.py:4180} INFO - Setting next_dagrun for data_pipeline to 2025-03-01 14:00:00+00:00, run_after=2025-03-01 15:00:00+00:00
[2025-03-01T15:23:46.637+0000] {processor.py:208} INFO - Processing /opt/airflow/dags/data_pipeline.py took 2.708 seconds
[2025-03-01T15:24:17.152+0000] {processor.py:186} INFO - Started process (PID=55781) to work on /opt/airflow/dags/data_pipeline.py
[2025-03-01T15:24:17.154+0000] {processor.py:914} INFO - Processing file /opt/airflow/dags/data_pipeline.py for tasks to queue
[2025-03-01T15:24:17.155+0000] {logging_mixin.py:190} INFO - [2025-03-01T15:24:17.155+0000] {dagbag.py:588} INFO - Filling up the DagBag from /opt/airflow/dags/data_pipeline.py
[2025-03-01T15:24:18.702+0000] {logging_mixin.py:190} INFO - [2025-03-01T15:24:18.701+0000] {warnings.py:109} WARNING - /home/airflow/.local/lib/python3.9/site-packages/snowflake/sqlalchemy/base.py:1068: SAWarning: The GenericFunction 'flatten' is already registered and is going to be overridden.
  functions.register_function("flatten", flatten)
[2025-03-01T15:24:19.533+0000] {processor.py:925} INFO - DAG(s) 'data_pipeline' retrieved from /opt/airflow/dags/data_pipeline.py
[2025-03-01T15:24:19.545+0000] {logging_mixin.py:190} INFO - [2025-03-01T15:24:19.545+0000] {dag.py:3239} INFO - Sync 1 DAGs
[2025-03-01T15:24:19.562+0000] {logging_mixin.py:190} INFO - [2025-03-01T15:24:19.562+0000] {dag.py:4180} INFO - Setting next_dagrun for data_pipeline to 2025-03-01 14:00:00+00:00, run_after=2025-03-01 15:00:00+00:00
[2025-03-01T15:24:19.576+0000] {processor.py:208} INFO - Processing /opt/airflow/dags/data_pipeline.py took 2.430 seconds
[2025-03-01T15:24:49.954+0000] {processor.py:186} INFO - Started process (PID=55807) to work on /opt/airflow/dags/data_pipeline.py
[2025-03-01T15:24:49.955+0000] {processor.py:914} INFO - Processing file /opt/airflow/dags/data_pipeline.py for tasks to queue
[2025-03-01T15:24:49.956+0000] {logging_mixin.py:190} INFO - [2025-03-01T15:24:49.956+0000] {dagbag.py:588} INFO - Filling up the DagBag from /opt/airflow/dags/data_pipeline.py
[2025-03-01T15:24:51.358+0000] {logging_mixin.py:190} INFO - [2025-03-01T15:24:51.357+0000] {warnings.py:109} WARNING - /home/airflow/.local/lib/python3.9/site-packages/snowflake/sqlalchemy/base.py:1068: SAWarning: The GenericFunction 'flatten' is already registered and is going to be overridden.
  functions.register_function("flatten", flatten)
[2025-03-01T15:24:52.221+0000] {processor.py:925} INFO - DAG(s) 'data_pipeline' retrieved from /opt/airflow/dags/data_pipeline.py
[2025-03-01T15:24:52.231+0000] {logging_mixin.py:190} INFO - [2025-03-01T15:24:52.231+0000] {dag.py:3239} INFO - Sync 1 DAGs
[2025-03-01T15:24:52.250+0000] {logging_mixin.py:190} INFO - [2025-03-01T15:24:52.250+0000] {dag.py:4180} INFO - Setting next_dagrun for data_pipeline to 2025-03-01 14:00:00+00:00, run_after=2025-03-01 15:00:00+00:00
[2025-03-01T15:24:52.265+0000] {processor.py:208} INFO - Processing /opt/airflow/dags/data_pipeline.py took 2.316 seconds
[2025-03-01T15:25:22.565+0000] {processor.py:186} INFO - Started process (PID=55833) to work on /opt/airflow/dags/data_pipeline.py
[2025-03-01T15:25:22.607+0000] {processor.py:914} INFO - Processing file /opt/airflow/dags/data_pipeline.py for tasks to queue
[2025-03-01T15:25:22.609+0000] {logging_mixin.py:190} INFO - [2025-03-01T15:25:22.609+0000] {dagbag.py:588} INFO - Filling up the DagBag from /opt/airflow/dags/data_pipeline.py
[2025-03-01T15:25:23.045+0000] {logging_mixin.py:190} INFO - [2025-03-01T15:25:23.044+0000] {warnings.py:109} WARNING - /home/airflow/.local/lib/python3.9/site-packages/snowflake/sqlalchemy/base.py:1068: SAWarning: The GenericFunction 'flatten' is already registered and is going to be overridden.
  functions.register_function("flatten", flatten)
[2025-03-01T15:25:23.890+0000] {processor.py:925} INFO - DAG(s) 'data_pipeline' retrieved from /opt/airflow/dags/data_pipeline.py
[2025-03-01T15:25:23.903+0000] {logging_mixin.py:190} INFO - [2025-03-01T15:25:23.903+0000] {dag.py:3239} INFO - Sync 1 DAGs
[2025-03-01T15:25:23.924+0000] {logging_mixin.py:190} INFO - [2025-03-01T15:25:23.924+0000] {dag.py:4180} INFO - Setting next_dagrun for data_pipeline to 2025-03-01 14:00:00+00:00, run_after=2025-03-01 15:00:00+00:00
[2025-03-01T15:25:23.940+0000] {processor.py:208} INFO - Processing /opt/airflow/dags/data_pipeline.py took 2.348 seconds
[2025-03-01T15:25:54.265+0000] {processor.py:186} INFO - Started process (PID=55859) to work on /opt/airflow/dags/data_pipeline.py
[2025-03-01T15:25:54.267+0000] {processor.py:914} INFO - Processing file /opt/airflow/dags/data_pipeline.py for tasks to queue
[2025-03-01T15:25:54.268+0000] {logging_mixin.py:190} INFO - [2025-03-01T15:25:54.267+0000] {dagbag.py:588} INFO - Filling up the DagBag from /opt/airflow/dags/data_pipeline.py
[2025-03-01T15:25:54.655+0000] {logging_mixin.py:190} INFO - [2025-03-01T15:25:54.655+0000] {warnings.py:109} WARNING - /home/airflow/.local/lib/python3.9/site-packages/snowflake/sqlalchemy/base.py:1068: SAWarning: The GenericFunction 'flatten' is already registered and is going to be overridden.
  functions.register_function("flatten", flatten)
[2025-03-01T15:25:55.509+0000] {processor.py:925} INFO - DAG(s) 'data_pipeline' retrieved from /opt/airflow/dags/data_pipeline.py
[2025-03-01T15:25:55.520+0000] {logging_mixin.py:190} INFO - [2025-03-01T15:25:55.520+0000] {dag.py:3239} INFO - Sync 1 DAGs
[2025-03-01T15:25:55.539+0000] {logging_mixin.py:190} INFO - [2025-03-01T15:25:55.539+0000] {dag.py:4180} INFO - Setting next_dagrun for data_pipeline to 2025-03-01 14:00:00+00:00, run_after=2025-03-01 15:00:00+00:00
[2025-03-01T15:25:55.590+0000] {processor.py:208} INFO - Processing /opt/airflow/dags/data_pipeline.py took 2.386 seconds
[2025-03-01T15:26:26.184+0000] {processor.py:186} INFO - Started process (PID=55885) to work on /opt/airflow/dags/data_pipeline.py
[2025-03-01T15:26:26.185+0000] {processor.py:914} INFO - Processing file /opt/airflow/dags/data_pipeline.py for tasks to queue
[2025-03-01T15:26:26.186+0000] {logging_mixin.py:190} INFO - [2025-03-01T15:26:26.186+0000] {dagbag.py:588} INFO - Filling up the DagBag from /opt/airflow/dags/data_pipeline.py
[2025-03-01T15:26:27.591+0000] {logging_mixin.py:190} INFO - [2025-03-01T15:26:27.590+0000] {warnings.py:109} WARNING - /home/airflow/.local/lib/python3.9/site-packages/snowflake/sqlalchemy/base.py:1068: SAWarning: The GenericFunction 'flatten' is already registered and is going to be overridden.
  functions.register_function("flatten", flatten)
[2025-03-01T15:26:28.425+0000] {processor.py:925} INFO - DAG(s) 'data_pipeline' retrieved from /opt/airflow/dags/data_pipeline.py
[2025-03-01T15:26:28.436+0000] {logging_mixin.py:190} INFO - [2025-03-01T15:26:28.436+0000] {dag.py:3239} INFO - Sync 1 DAGs
[2025-03-01T15:26:28.456+0000] {logging_mixin.py:190} INFO - [2025-03-01T15:26:28.455+0000] {dag.py:4180} INFO - Setting next_dagrun for data_pipeline to 2025-03-01 14:00:00+00:00, run_after=2025-03-01 15:00:00+00:00
[2025-03-01T15:26:28.470+0000] {processor.py:208} INFO - Processing /opt/airflow/dags/data_pipeline.py took 2.291 seconds
[2025-03-01T15:26:58.812+0000] {processor.py:186} INFO - Started process (PID=55911) to work on /opt/airflow/dags/data_pipeline.py
[2025-03-01T15:26:58.813+0000] {processor.py:914} INFO - Processing file /opt/airflow/dags/data_pipeline.py for tasks to queue
[2025-03-01T15:26:58.814+0000] {logging_mixin.py:190} INFO - [2025-03-01T15:26:58.813+0000] {dagbag.py:588} INFO - Filling up the DagBag from /opt/airflow/dags/data_pipeline.py
[2025-03-01T15:27:00.190+0000] {logging_mixin.py:190} INFO - [2025-03-01T15:27:00.190+0000] {warnings.py:109} WARNING - /home/airflow/.local/lib/python3.9/site-packages/snowflake/sqlalchemy/base.py:1068: SAWarning: The GenericFunction 'flatten' is already registered and is going to be overridden.
  functions.register_function("flatten", flatten)
[2025-03-01T15:27:01.038+0000] {processor.py:925} INFO - DAG(s) 'data_pipeline' retrieved from /opt/airflow/dags/data_pipeline.py
[2025-03-01T15:27:01.049+0000] {logging_mixin.py:190} INFO - [2025-03-01T15:27:01.049+0000] {dag.py:3239} INFO - Sync 1 DAGs
[2025-03-01T15:27:01.068+0000] {logging_mixin.py:190} INFO - [2025-03-01T15:27:01.068+0000] {dag.py:4180} INFO - Setting next_dagrun for data_pipeline to 2025-03-01 14:00:00+00:00, run_after=2025-03-01 15:00:00+00:00
[2025-03-01T15:27:01.082+0000] {processor.py:208} INFO - Processing /opt/airflow/dags/data_pipeline.py took 2.276 seconds
[2025-03-01T15:27:31.403+0000] {processor.py:186} INFO - Started process (PID=55937) to work on /opt/airflow/dags/data_pipeline.py
[2025-03-01T15:27:31.443+0000] {processor.py:914} INFO - Processing file /opt/airflow/dags/data_pipeline.py for tasks to queue
[2025-03-01T15:27:31.444+0000] {logging_mixin.py:190} INFO - [2025-03-01T15:27:31.444+0000] {dagbag.py:588} INFO - Filling up the DagBag from /opt/airflow/dags/data_pipeline.py
[2025-03-01T15:27:32.876+0000] {logging_mixin.py:190} INFO - [2025-03-01T15:27:32.875+0000] {warnings.py:109} WARNING - /home/airflow/.local/lib/python3.9/site-packages/snowflake/sqlalchemy/base.py:1068: SAWarning: The GenericFunction 'flatten' is already registered and is going to be overridden.
  functions.register_function("flatten", flatten)
[2025-03-01T15:27:33.723+0000] {processor.py:925} INFO - DAG(s) 'data_pipeline' retrieved from /opt/airflow/dags/data_pipeline.py
[2025-03-01T15:27:33.734+0000] {logging_mixin.py:190} INFO - [2025-03-01T15:27:33.733+0000] {dag.py:3239} INFO - Sync 1 DAGs
[2025-03-01T15:27:33.752+0000] {logging_mixin.py:190} INFO - [2025-03-01T15:27:33.752+0000] {dag.py:4180} INFO - Setting next_dagrun for data_pipeline to 2025-03-01 14:00:00+00:00, run_after=2025-03-01 15:00:00+00:00
[2025-03-01T15:27:33.867+0000] {processor.py:208} INFO - Processing /opt/airflow/dags/data_pipeline.py took 2.469 seconds
[2025-03-01T15:28:04.176+0000] {processor.py:186} INFO - Started process (PID=55963) to work on /opt/airflow/dags/data_pipeline.py
[2025-03-01T15:28:04.177+0000] {processor.py:914} INFO - Processing file /opt/airflow/dags/data_pipeline.py for tasks to queue
[2025-03-01T15:28:04.178+0000] {logging_mixin.py:190} INFO - [2025-03-01T15:28:04.178+0000] {dagbag.py:588} INFO - Filling up the DagBag from /opt/airflow/dags/data_pipeline.py
[2025-03-01T15:28:05.594+0000] {logging_mixin.py:190} INFO - [2025-03-01T15:28:05.594+0000] {warnings.py:109} WARNING - /home/airflow/.local/lib/python3.9/site-packages/snowflake/sqlalchemy/base.py:1068: SAWarning: The GenericFunction 'flatten' is already registered and is going to be overridden.
  functions.register_function("flatten", flatten)
[2025-03-01T15:28:06.442+0000] {processor.py:925} INFO - DAG(s) 'data_pipeline' retrieved from /opt/airflow/dags/data_pipeline.py
[2025-03-01T15:28:06.453+0000] {logging_mixin.py:190} INFO - [2025-03-01T15:28:06.452+0000] {dag.py:3239} INFO - Sync 1 DAGs
[2025-03-01T15:28:06.471+0000] {logging_mixin.py:190} INFO - [2025-03-01T15:28:06.470+0000] {dag.py:4180} INFO - Setting next_dagrun for data_pipeline to 2025-03-01 14:00:00+00:00, run_after=2025-03-01 15:00:00+00:00
[2025-03-01T15:28:06.547+0000] {processor.py:208} INFO - Processing /opt/airflow/dags/data_pipeline.py took 2.377 seconds
[2025-03-01T15:28:36.823+0000] {processor.py:186} INFO - Started process (PID=55995) to work on /opt/airflow/dags/data_pipeline.py
[2025-03-01T15:28:36.824+0000] {processor.py:914} INFO - Processing file /opt/airflow/dags/data_pipeline.py for tasks to queue
[2025-03-01T15:28:36.825+0000] {logging_mixin.py:190} INFO - [2025-03-01T15:28:36.825+0000] {dagbag.py:588} INFO - Filling up the DagBag from /opt/airflow/dags/data_pipeline.py
[2025-03-01T15:28:38.245+0000] {logging_mixin.py:190} INFO - [2025-03-01T15:28:38.245+0000] {warnings.py:109} WARNING - /home/airflow/.local/lib/python3.9/site-packages/snowflake/sqlalchemy/base.py:1068: SAWarning: The GenericFunction 'flatten' is already registered and is going to be overridden.
  functions.register_function("flatten", flatten)
[2025-03-01T15:28:39.091+0000] {processor.py:925} INFO - DAG(s) 'data_pipeline' retrieved from /opt/airflow/dags/data_pipeline.py
[2025-03-01T15:28:39.103+0000] {logging_mixin.py:190} INFO - [2025-03-01T15:28:39.103+0000] {dag.py:3239} INFO - Sync 1 DAGs
[2025-03-01T15:28:39.245+0000] {logging_mixin.py:190} INFO - [2025-03-01T15:28:39.245+0000] {dag.py:4180} INFO - Setting next_dagrun for data_pipeline to 2025-03-01 14:00:00+00:00, run_after=2025-03-01 15:00:00+00:00
[2025-03-01T15:28:39.297+0000] {processor.py:208} INFO - Processing /opt/airflow/dags/data_pipeline.py took 2.480 seconds
[2025-03-01T15:29:10.279+0000] {processor.py:186} INFO - Started process (PID=56022) to work on /opt/airflow/dags/data_pipeline.py
[2025-03-01T15:29:10.339+0000] {processor.py:914} INFO - Processing file /opt/airflow/dags/data_pipeline.py for tasks to queue
[2025-03-01T15:29:10.343+0000] {logging_mixin.py:190} INFO - [2025-03-01T15:29:10.343+0000] {dagbag.py:588} INFO - Filling up the DagBag from /opt/airflow/dags/data_pipeline.py
[2025-03-01T15:29:11.864+0000] {logging_mixin.py:190} INFO - [2025-03-01T15:29:11.864+0000] {warnings.py:109} WARNING - /home/airflow/.local/lib/python3.9/site-packages/snowflake/sqlalchemy/base.py:1068: SAWarning: The GenericFunction 'flatten' is already registered and is going to be overridden.
  functions.register_function("flatten", flatten)
[2025-03-01T15:29:12.747+0000] {processor.py:925} INFO - DAG(s) 'data_pipeline' retrieved from /opt/airflow/dags/data_pipeline.py
[2025-03-01T15:29:12.759+0000] {logging_mixin.py:190} INFO - [2025-03-01T15:29:12.759+0000] {dag.py:3239} INFO - Sync 1 DAGs
[2025-03-01T15:29:12.777+0000] {logging_mixin.py:190} INFO - [2025-03-01T15:29:12.777+0000] {dag.py:4180} INFO - Setting next_dagrun for data_pipeline to 2025-03-01 14:00:00+00:00, run_after=2025-03-01 15:00:00+00:00
[2025-03-01T15:29:12.796+0000] {processor.py:208} INFO - Processing /opt/airflow/dags/data_pipeline.py took 2.523 seconds
[2025-03-01T15:29:42.957+0000] {processor.py:186} INFO - Started process (PID=56049) to work on /opt/airflow/dags/data_pipeline.py
[2025-03-01T15:29:42.960+0000] {processor.py:914} INFO - Processing file /opt/airflow/dags/data_pipeline.py for tasks to queue
[2025-03-01T15:29:42.961+0000] {logging_mixin.py:190} INFO - [2025-03-01T15:29:42.961+0000] {dagbag.py:588} INFO - Filling up the DagBag from /opt/airflow/dags/data_pipeline.py
[2025-03-01T15:29:44.330+0000] {logging_mixin.py:190} INFO - [2025-03-01T15:29:44.329+0000] {warnings.py:109} WARNING - /home/airflow/.local/lib/python3.9/site-packages/snowflake/sqlalchemy/base.py:1068: SAWarning: The GenericFunction 'flatten' is already registered and is going to be overridden.
  functions.register_function("flatten", flatten)
[2025-03-01T15:29:45.140+0000] {processor.py:925} INFO - DAG(s) 'data_pipeline' retrieved from /opt/airflow/dags/data_pipeline.py
[2025-03-01T15:29:45.152+0000] {logging_mixin.py:190} INFO - [2025-03-01T15:29:45.152+0000] {dag.py:3239} INFO - Sync 1 DAGs
[2025-03-01T15:29:45.290+0000] {logging_mixin.py:190} INFO - [2025-03-01T15:29:45.290+0000] {dag.py:4180} INFO - Setting next_dagrun for data_pipeline to 2025-03-01 14:00:00+00:00, run_after=2025-03-01 15:00:00+00:00
[2025-03-01T15:29:45.344+0000] {processor.py:208} INFO - Processing /opt/airflow/dags/data_pipeline.py took 2.393 seconds
[2025-03-01T15:30:15.788+0000] {processor.py:186} INFO - Started process (PID=56075) to work on /opt/airflow/dags/data_pipeline.py
[2025-03-01T15:30:15.790+0000] {processor.py:914} INFO - Processing file /opt/airflow/dags/data_pipeline.py for tasks to queue
[2025-03-01T15:30:15.791+0000] {logging_mixin.py:190} INFO - [2025-03-01T15:30:15.791+0000] {dagbag.py:588} INFO - Filling up the DagBag from /opt/airflow/dags/data_pipeline.py
[2025-03-01T15:30:17.196+0000] {logging_mixin.py:190} INFO - [2025-03-01T15:30:17.195+0000] {warnings.py:109} WARNING - /home/airflow/.local/lib/python3.9/site-packages/snowflake/sqlalchemy/base.py:1068: SAWarning: The GenericFunction 'flatten' is already registered and is going to be overridden.
  functions.register_function("flatten", flatten)
[2025-03-01T15:30:17.996+0000] {processor.py:925} INFO - DAG(s) 'data_pipeline' retrieved from /opt/airflow/dags/data_pipeline.py
[2025-03-01T15:30:18.007+0000] {logging_mixin.py:190} INFO - [2025-03-01T15:30:18.006+0000] {dag.py:3239} INFO - Sync 1 DAGs
[2025-03-01T15:30:18.024+0000] {logging_mixin.py:190} INFO - [2025-03-01T15:30:18.024+0000] {dag.py:4180} INFO - Setting next_dagrun for data_pipeline to 2025-03-01 14:00:00+00:00, run_after=2025-03-01 15:00:00+00:00
[2025-03-01T15:30:18.039+0000] {processor.py:208} INFO - Processing /opt/airflow/dags/data_pipeline.py took 2.257 seconds
[2025-03-01T15:30:48.270+0000] {processor.py:186} INFO - Started process (PID=56101) to work on /opt/airflow/dags/data_pipeline.py
[2025-03-01T15:30:48.272+0000] {processor.py:914} INFO - Processing file /opt/airflow/dags/data_pipeline.py for tasks to queue
[2025-03-01T15:30:48.273+0000] {logging_mixin.py:190} INFO - [2025-03-01T15:30:48.273+0000] {dagbag.py:588} INFO - Filling up the DagBag from /opt/airflow/dags/data_pipeline.py
[2025-03-01T15:30:49.646+0000] {logging_mixin.py:190} INFO - [2025-03-01T15:30:49.646+0000] {warnings.py:109} WARNING - /home/airflow/.local/lib/python3.9/site-packages/snowflake/sqlalchemy/base.py:1068: SAWarning: The GenericFunction 'flatten' is already registered and is going to be overridden.
  functions.register_function("flatten", flatten)
[2025-03-01T15:30:50.450+0000] {processor.py:925} INFO - DAG(s) 'data_pipeline' retrieved from /opt/airflow/dags/data_pipeline.py
[2025-03-01T15:30:50.461+0000] {logging_mixin.py:190} INFO - [2025-03-01T15:30:50.461+0000] {dag.py:3239} INFO - Sync 1 DAGs
[2025-03-01T15:30:50.604+0000] {logging_mixin.py:190} INFO - [2025-03-01T15:30:50.604+0000] {dag.py:4180} INFO - Setting next_dagrun for data_pipeline to 2025-03-01 14:00:00+00:00, run_after=2025-03-01 15:00:00+00:00
[2025-03-01T15:30:50.618+0000] {processor.py:208} INFO - Processing /opt/airflow/dags/data_pipeline.py took 2.357 seconds
[2025-03-01T15:31:20.870+0000] {processor.py:186} INFO - Started process (PID=56127) to work on /opt/airflow/dags/data_pipeline.py
[2025-03-01T15:31:20.871+0000] {processor.py:914} INFO - Processing file /opt/airflow/dags/data_pipeline.py for tasks to queue
[2025-03-01T15:31:20.872+0000] {logging_mixin.py:190} INFO - [2025-03-01T15:31:20.872+0000] {dagbag.py:588} INFO - Filling up the DagBag from /opt/airflow/dags/data_pipeline.py
[2025-03-01T15:31:22.301+0000] {logging_mixin.py:190} INFO - [2025-03-01T15:31:22.300+0000] {warnings.py:109} WARNING - /home/airflow/.local/lib/python3.9/site-packages/snowflake/sqlalchemy/base.py:1068: SAWarning: The GenericFunction 'flatten' is already registered and is going to be overridden.
  functions.register_function("flatten", flatten)
[2025-03-01T15:31:23.147+0000] {processor.py:925} INFO - DAG(s) 'data_pipeline' retrieved from /opt/airflow/dags/data_pipeline.py
[2025-03-01T15:31:23.159+0000] {logging_mixin.py:190} INFO - [2025-03-01T15:31:23.159+0000] {dag.py:3239} INFO - Sync 1 DAGs
[2025-03-01T15:31:23.177+0000] {logging_mixin.py:190} INFO - [2025-03-01T15:31:23.177+0000] {dag.py:4180} INFO - Setting next_dagrun for data_pipeline to 2025-03-01 14:00:00+00:00, run_after=2025-03-01 15:00:00+00:00
[2025-03-01T15:31:23.199+0000] {processor.py:208} INFO - Processing /opt/airflow/dags/data_pipeline.py took 2.335 seconds
[2025-03-01T15:31:53.496+0000] {processor.py:186} INFO - Started process (PID=56153) to work on /opt/airflow/dags/data_pipeline.py
[2025-03-01T15:31:53.498+0000] {processor.py:914} INFO - Processing file /opt/airflow/dags/data_pipeline.py for tasks to queue
[2025-03-01T15:31:53.499+0000] {logging_mixin.py:190} INFO - [2025-03-01T15:31:53.498+0000] {dagbag.py:588} INFO - Filling up the DagBag from /opt/airflow/dags/data_pipeline.py
[2025-03-01T15:31:54.904+0000] {logging_mixin.py:190} INFO - [2025-03-01T15:31:54.903+0000] {warnings.py:109} WARNING - /home/airflow/.local/lib/python3.9/site-packages/snowflake/sqlalchemy/base.py:1068: SAWarning: The GenericFunction 'flatten' is already registered and is going to be overridden.
  functions.register_function("flatten", flatten)
[2025-03-01T15:31:55.750+0000] {processor.py:925} INFO - DAG(s) 'data_pipeline' retrieved from /opt/airflow/dags/data_pipeline.py
[2025-03-01T15:31:55.761+0000] {logging_mixin.py:190} INFO - [2025-03-01T15:31:55.761+0000] {dag.py:3239} INFO - Sync 1 DAGs
[2025-03-01T15:31:55.915+0000] {logging_mixin.py:190} INFO - [2025-03-01T15:31:55.915+0000] {dag.py:4180} INFO - Setting next_dagrun for data_pipeline to 2025-03-01 14:00:00+00:00, run_after=2025-03-01 15:00:00+00:00
[2025-03-01T15:31:55.970+0000] {processor.py:208} INFO - Processing /opt/airflow/dags/data_pipeline.py took 2.479 seconds
[2025-03-01T15:32:26.163+0000] {processor.py:186} INFO - Started process (PID=56179) to work on /opt/airflow/dags/data_pipeline.py
[2025-03-01T15:32:26.164+0000] {processor.py:914} INFO - Processing file /opt/airflow/dags/data_pipeline.py for tasks to queue
[2025-03-01T15:32:26.165+0000] {logging_mixin.py:190} INFO - [2025-03-01T15:32:26.165+0000] {dagbag.py:588} INFO - Filling up the DagBag from /opt/airflow/dags/data_pipeline.py
[2025-03-01T15:32:27.545+0000] {logging_mixin.py:190} INFO - [2025-03-01T15:32:27.545+0000] {warnings.py:109} WARNING - /home/airflow/.local/lib/python3.9/site-packages/snowflake/sqlalchemy/base.py:1068: SAWarning: The GenericFunction 'flatten' is already registered and is going to be overridden.
  functions.register_function("flatten", flatten)
[2025-03-01T15:32:28.484+0000] {processor.py:925} INFO - DAG(s) 'data_pipeline' retrieved from /opt/airflow/dags/data_pipeline.py
[2025-03-01T15:32:28.495+0000] {logging_mixin.py:190} INFO - [2025-03-01T15:32:28.495+0000] {dag.py:3239} INFO - Sync 1 DAGs
[2025-03-01T15:32:28.513+0000] {logging_mixin.py:190} INFO - [2025-03-01T15:32:28.513+0000] {dag.py:4180} INFO - Setting next_dagrun for data_pipeline to 2025-03-01 14:00:00+00:00, run_after=2025-03-01 15:00:00+00:00
[2025-03-01T15:32:28.529+0000] {processor.py:208} INFO - Processing /opt/airflow/dags/data_pipeline.py took 2.372 seconds
[2025-03-01T15:32:58.693+0000] {processor.py:186} INFO - Started process (PID=56211) to work on /opt/airflow/dags/data_pipeline.py
[2025-03-01T15:32:58.694+0000] {processor.py:914} INFO - Processing file /opt/airflow/dags/data_pipeline.py for tasks to queue
[2025-03-01T15:32:58.695+0000] {logging_mixin.py:190} INFO - [2025-03-01T15:32:58.695+0000] {dagbag.py:588} INFO - Filling up the DagBag from /opt/airflow/dags/data_pipeline.py
[2025-03-01T15:33:00.078+0000] {logging_mixin.py:190} INFO - [2025-03-01T15:33:00.077+0000] {warnings.py:109} WARNING - /home/airflow/.local/lib/python3.9/site-packages/snowflake/sqlalchemy/base.py:1068: SAWarning: The GenericFunction 'flatten' is already registered and is going to be overridden.
  functions.register_function("flatten", flatten)
[2025-03-01T15:33:00.914+0000] {processor.py:925} INFO - DAG(s) 'data_pipeline' retrieved from /opt/airflow/dags/data_pipeline.py
[2025-03-01T15:33:00.925+0000] {logging_mixin.py:190} INFO - [2025-03-01T15:33:00.925+0000] {dag.py:3239} INFO - Sync 1 DAGs
[2025-03-01T15:33:01.066+0000] {logging_mixin.py:190} INFO - [2025-03-01T15:33:01.066+0000] {dag.py:4180} INFO - Setting next_dagrun for data_pipeline to 2025-03-01 14:00:00+00:00, run_after=2025-03-01 15:00:00+00:00
[2025-03-01T15:33:01.082+0000] {processor.py:208} INFO - Processing /opt/airflow/dags/data_pipeline.py took 2.395 seconds
[2025-03-01T15:33:31.228+0000] {processor.py:186} INFO - Started process (PID=56237) to work on /opt/airflow/dags/data_pipeline.py
[2025-03-01T15:33:31.229+0000] {processor.py:914} INFO - Processing file /opt/airflow/dags/data_pipeline.py for tasks to queue
[2025-03-01T15:33:31.231+0000] {logging_mixin.py:190} INFO - [2025-03-01T15:33:31.230+0000] {dagbag.py:588} INFO - Filling up the DagBag from /opt/airflow/dags/data_pipeline.py
[2025-03-01T15:33:32.645+0000] {logging_mixin.py:190} INFO - [2025-03-01T15:33:32.645+0000] {warnings.py:109} WARNING - /home/airflow/.local/lib/python3.9/site-packages/snowflake/sqlalchemy/base.py:1068: SAWarning: The GenericFunction 'flatten' is already registered and is going to be overridden.
  functions.register_function("flatten", flatten)
[2025-03-01T15:33:33.479+0000] {processor.py:925} INFO - DAG(s) 'data_pipeline' retrieved from /opt/airflow/dags/data_pipeline.py
[2025-03-01T15:33:33.617+0000] {logging_mixin.py:190} INFO - [2025-03-01T15:33:33.617+0000] {dag.py:3239} INFO - Sync 1 DAGs
[2025-03-01T15:33:33.635+0000] {logging_mixin.py:190} INFO - [2025-03-01T15:33:33.635+0000] {dag.py:4180} INFO - Setting next_dagrun for data_pipeline to 2025-03-01 14:00:00+00:00, run_after=2025-03-01 15:00:00+00:00
[2025-03-01T15:33:33.650+0000] {processor.py:208} INFO - Processing /opt/airflow/dags/data_pipeline.py took 2.427 seconds
[2025-03-01T15:34:03.883+0000] {processor.py:186} INFO - Started process (PID=56263) to work on /opt/airflow/dags/data_pipeline.py
[2025-03-01T15:34:03.923+0000] {processor.py:914} INFO - Processing file /opt/airflow/dags/data_pipeline.py for tasks to queue
[2025-03-01T15:34:03.929+0000] {logging_mixin.py:190} INFO - [2025-03-01T15:34:03.928+0000] {dagbag.py:588} INFO - Filling up the DagBag from /opt/airflow/dags/data_pipeline.py
[2025-03-01T15:34:05.578+0000] {logging_mixin.py:190} INFO - [2025-03-01T15:34:05.577+0000] {warnings.py:109} WARNING - /home/airflow/.local/lib/python3.9/site-packages/snowflake/sqlalchemy/base.py:1068: SAWarning: The GenericFunction 'flatten' is already registered and is going to be overridden.
  functions.register_function("flatten", flatten)
[2025-03-01T15:34:06.509+0000] {processor.py:925} INFO - DAG(s) 'data_pipeline' retrieved from /opt/airflow/dags/data_pipeline.py
[2025-03-01T15:34:06.520+0000] {logging_mixin.py:190} INFO - [2025-03-01T15:34:06.520+0000] {dag.py:3239} INFO - Sync 1 DAGs
[2025-03-01T15:34:06.538+0000] {logging_mixin.py:190} INFO - [2025-03-01T15:34:06.537+0000] {dag.py:4180} INFO - Setting next_dagrun for data_pipeline to 2025-03-01 14:00:00+00:00, run_after=2025-03-01 15:00:00+00:00
[2025-03-01T15:34:06.552+0000] {processor.py:208} INFO - Processing /opt/airflow/dags/data_pipeline.py took 2.677 seconds
[2025-03-01T15:34:37.360+0000] {processor.py:186} INFO - Started process (PID=56289) to work on /opt/airflow/dags/data_pipeline.py
[2025-03-01T15:34:37.361+0000] {processor.py:914} INFO - Processing file /opt/airflow/dags/data_pipeline.py for tasks to queue
[2025-03-01T15:34:37.362+0000] {logging_mixin.py:190} INFO - [2025-03-01T15:34:37.361+0000] {dagbag.py:588} INFO - Filling up the DagBag from /opt/airflow/dags/data_pipeline.py
[2025-03-01T15:34:38.741+0000] {logging_mixin.py:190} INFO - [2025-03-01T15:34:38.741+0000] {warnings.py:109} WARNING - /home/airflow/.local/lib/python3.9/site-packages/snowflake/sqlalchemy/base.py:1068: SAWarning: The GenericFunction 'flatten' is already registered and is going to be overridden.
  functions.register_function("flatten", flatten)
[2025-03-01T15:34:39.566+0000] {processor.py:925} INFO - DAG(s) 'data_pipeline' retrieved from /opt/airflow/dags/data_pipeline.py
[2025-03-01T15:34:39.700+0000] {logging_mixin.py:190} INFO - [2025-03-01T15:34:39.700+0000] {dag.py:3239} INFO - Sync 1 DAGs
[2025-03-01T15:34:39.719+0000] {logging_mixin.py:190} INFO - [2025-03-01T15:34:39.719+0000] {dag.py:4180} INFO - Setting next_dagrun for data_pipeline to 2025-03-01 14:00:00+00:00, run_after=2025-03-01 15:00:00+00:00
[2025-03-01T15:34:39.733+0000] {processor.py:208} INFO - Processing /opt/airflow/dags/data_pipeline.py took 2.379 seconds
[2025-03-01T15:35:09.976+0000] {processor.py:186} INFO - Started process (PID=56315) to work on /opt/airflow/dags/data_pipeline.py
[2025-03-01T15:35:09.977+0000] {processor.py:914} INFO - Processing file /opt/airflow/dags/data_pipeline.py for tasks to queue
[2025-03-01T15:35:09.979+0000] {logging_mixin.py:190} INFO - [2025-03-01T15:35:09.978+0000] {dagbag.py:588} INFO - Filling up the DagBag from /opt/airflow/dags/data_pipeline.py
[2025-03-01T15:35:11.370+0000] {logging_mixin.py:190} INFO - [2025-03-01T15:35:11.369+0000] {warnings.py:109} WARNING - /home/airflow/.local/lib/python3.9/site-packages/snowflake/sqlalchemy/base.py:1068: SAWarning: The GenericFunction 'flatten' is already registered and is going to be overridden.
  functions.register_function("flatten", flatten)
[2025-03-01T15:35:12.324+0000] {processor.py:925} INFO - DAG(s) 'data_pipeline' retrieved from /opt/airflow/dags/data_pipeline.py
[2025-03-01T15:35:12.335+0000] {logging_mixin.py:190} INFO - [2025-03-01T15:35:12.335+0000] {dag.py:3239} INFO - Sync 1 DAGs
[2025-03-01T15:35:12.353+0000] {logging_mixin.py:190} INFO - [2025-03-01T15:35:12.353+0000] {dag.py:4180} INFO - Setting next_dagrun for data_pipeline to 2025-03-01 14:00:00+00:00, run_after=2025-03-01 15:00:00+00:00
[2025-03-01T15:35:12.369+0000] {processor.py:208} INFO - Processing /opt/airflow/dags/data_pipeline.py took 2.398 seconds
[2025-03-01T15:35:42.816+0000] {processor.py:186} INFO - Started process (PID=56341) to work on /opt/airflow/dags/data_pipeline.py
[2025-03-01T15:35:42.817+0000] {processor.py:914} INFO - Processing file /opt/airflow/dags/data_pipeline.py for tasks to queue
[2025-03-01T15:35:42.818+0000] {logging_mixin.py:190} INFO - [2025-03-01T15:35:42.818+0000] {dagbag.py:588} INFO - Filling up the DagBag from /opt/airflow/dags/data_pipeline.py
[2025-03-01T15:35:44.413+0000] {logging_mixin.py:190} INFO - [2025-03-01T15:35:44.412+0000] {warnings.py:109} WARNING - /home/airflow/.local/lib/python3.9/site-packages/snowflake/sqlalchemy/base.py:1068: SAWarning: The GenericFunction 'flatten' is already registered and is going to be overridden.
  functions.register_function("flatten", flatten)
[2025-03-01T15:35:45.362+0000] {processor.py:925} INFO - DAG(s) 'data_pipeline' retrieved from /opt/airflow/dags/data_pipeline.py
[2025-03-01T15:35:45.503+0000] {logging_mixin.py:190} INFO - [2025-03-01T15:35:45.503+0000] {dag.py:3239} INFO - Sync 1 DAGs
[2025-03-01T15:35:45.522+0000] {logging_mixin.py:190} INFO - [2025-03-01T15:35:45.522+0000] {dag.py:4180} INFO - Setting next_dagrun for data_pipeline to 2025-03-01 14:00:00+00:00, run_after=2025-03-01 15:00:00+00:00
[2025-03-01T15:35:45.537+0000] {processor.py:208} INFO - Processing /opt/airflow/dags/data_pipeline.py took 2.727 seconds
[2025-03-01T15:36:16.186+0000] {processor.py:186} INFO - Started process (PID=56368) to work on /opt/airflow/dags/data_pipeline.py
[2025-03-01T15:36:16.188+0000] {processor.py:914} INFO - Processing file /opt/airflow/dags/data_pipeline.py for tasks to queue
[2025-03-01T15:36:16.189+0000] {logging_mixin.py:190} INFO - [2025-03-01T15:36:16.188+0000] {dagbag.py:588} INFO - Filling up the DagBag from /opt/airflow/dags/data_pipeline.py
[2025-03-01T15:36:16.481+0000] {logging_mixin.py:190} INFO - [2025-03-01T15:36:16.480+0000] {warnings.py:109} WARNING - /home/airflow/.local/lib/python3.9/site-packages/snowflake/sqlalchemy/base.py:1068: SAWarning: The GenericFunction 'flatten' is already registered and is going to be overridden.
  functions.register_function("flatten", flatten)
[2025-03-01T15:36:17.498+0000] {processor.py:925} INFO - DAG(s) 'data_pipeline' retrieved from /opt/airflow/dags/data_pipeline.py
[2025-03-01T15:36:17.509+0000] {logging_mixin.py:190} INFO - [2025-03-01T15:36:17.509+0000] {dag.py:3239} INFO - Sync 1 DAGs
[2025-03-01T15:36:17.527+0000] {logging_mixin.py:190} INFO - [2025-03-01T15:36:17.527+0000] {dag.py:4180} INFO - Setting next_dagrun for data_pipeline to 2025-03-01 14:00:00+00:00, run_after=2025-03-01 15:00:00+00:00
[2025-03-01T15:36:17.542+0000] {processor.py:208} INFO - Processing /opt/airflow/dags/data_pipeline.py took 2.553 seconds
[2025-03-01T15:36:47.604+0000] {processor.py:186} INFO - Started process (PID=56394) to work on /opt/airflow/dags/data_pipeline.py
[2025-03-01T15:36:47.606+0000] {processor.py:914} INFO - Processing file /opt/airflow/dags/data_pipeline.py for tasks to queue
[2025-03-01T15:36:47.607+0000] {logging_mixin.py:190} INFO - [2025-03-01T15:36:47.607+0000] {dagbag.py:588} INFO - Filling up the DagBag from /opt/airflow/dags/data_pipeline.py
[2025-03-01T15:36:48.007+0000] {logging_mixin.py:190} INFO - [2025-03-01T15:36:48.006+0000] {warnings.py:109} WARNING - /home/airflow/.local/lib/python3.9/site-packages/snowflake/sqlalchemy/base.py:1068: SAWarning: The GenericFunction 'flatten' is already registered and is going to be overridden.
  functions.register_function("flatten", flatten)
[2025-03-01T15:36:48.870+0000] {processor.py:925} INFO - DAG(s) 'data_pipeline' retrieved from /opt/airflow/dags/data_pipeline.py
[2025-03-01T15:36:49.002+0000] {logging_mixin.py:190} INFO - [2025-03-01T15:36:49.002+0000] {dag.py:3239} INFO - Sync 1 DAGs
[2025-03-01T15:36:49.020+0000] {logging_mixin.py:190} INFO - [2025-03-01T15:36:49.020+0000] {dag.py:4180} INFO - Setting next_dagrun for data_pipeline to 2025-03-01 14:00:00+00:00, run_after=2025-03-01 15:00:00+00:00
[2025-03-01T15:36:49.089+0000] {processor.py:208} INFO - Processing /opt/airflow/dags/data_pipeline.py took 2.720 seconds
[2025-03-01T15:37:19.240+0000] {processor.py:186} INFO - Started process (PID=56428) to work on /opt/airflow/dags/data_pipeline.py
[2025-03-01T15:37:19.242+0000] {processor.py:914} INFO - Processing file /opt/airflow/dags/data_pipeline.py for tasks to queue
[2025-03-01T15:37:19.243+0000] {logging_mixin.py:190} INFO - [2025-03-01T15:37:19.243+0000] {dagbag.py:588} INFO - Filling up the DagBag from /opt/airflow/dags/data_pipeline.py
[2025-03-01T15:37:19.653+0000] {logging_mixin.py:190} INFO - [2025-03-01T15:37:19.653+0000] {warnings.py:109} WARNING - /home/airflow/.local/lib/python3.9/site-packages/snowflake/sqlalchemy/base.py:1068: SAWarning: The GenericFunction 'flatten' is already registered and is going to be overridden.
  functions.register_function("flatten", flatten)
[2025-03-01T15:37:20.625+0000] {processor.py:925} INFO - DAG(s) 'data_pipeline' retrieved from /opt/airflow/dags/data_pipeline.py
[2025-03-01T15:37:20.636+0000] {logging_mixin.py:190} INFO - [2025-03-01T15:37:20.636+0000] {dag.py:3239} INFO - Sync 1 DAGs
[2025-03-01T15:37:20.655+0000] {logging_mixin.py:190} INFO - [2025-03-01T15:37:20.655+0000] {dag.py:4180} INFO - Setting next_dagrun for data_pipeline to 2025-03-01 14:00:00+00:00, run_after=2025-03-01 15:00:00+00:00
[2025-03-01T15:37:20.669+0000] {processor.py:208} INFO - Processing /opt/airflow/dags/data_pipeline.py took 2.713 seconds
[2025-03-01T15:37:50.699+0000] {processor.py:186} INFO - Started process (PID=56454) to work on /opt/airflow/dags/data_pipeline.py
[2025-03-01T15:37:50.700+0000] {processor.py:914} INFO - Processing file /opt/airflow/dags/data_pipeline.py for tasks to queue
[2025-03-01T15:37:50.701+0000] {logging_mixin.py:190} INFO - [2025-03-01T15:37:50.701+0000] {dagbag.py:588} INFO - Filling up the DagBag from /opt/airflow/dags/data_pipeline.py
[2025-03-01T15:37:52.149+0000] {logging_mixin.py:190} INFO - [2025-03-01T15:37:52.149+0000] {warnings.py:109} WARNING - /home/airflow/.local/lib/python3.9/site-packages/snowflake/sqlalchemy/base.py:1068: SAWarning: The GenericFunction 'flatten' is already registered and is going to be overridden.
  functions.register_function("flatten", flatten)
[2025-03-01T15:37:52.982+0000] {processor.py:925} INFO - DAG(s) 'data_pipeline' retrieved from /opt/airflow/dags/data_pipeline.py
[2025-03-01T15:37:53.118+0000] {logging_mixin.py:190} INFO - [2025-03-01T15:37:53.118+0000] {dag.py:3239} INFO - Sync 1 DAGs
[2025-03-01T15:37:53.135+0000] {logging_mixin.py:190} INFO - [2025-03-01T15:37:53.135+0000] {dag.py:4180} INFO - Setting next_dagrun for data_pipeline to 2025-03-01 14:00:00+00:00, run_after=2025-03-01 15:00:00+00:00
[2025-03-01T15:37:53.193+0000] {processor.py:208} INFO - Processing /opt/airflow/dags/data_pipeline.py took 2.500 seconds
[2025-03-01T15:38:23.222+0000] {processor.py:186} INFO - Started process (PID=56480) to work on /opt/airflow/dags/data_pipeline.py
[2025-03-01T15:38:23.223+0000] {processor.py:914} INFO - Processing file /opt/airflow/dags/data_pipeline.py for tasks to queue
[2025-03-01T15:38:23.224+0000] {logging_mixin.py:190} INFO - [2025-03-01T15:38:23.224+0000] {dagbag.py:588} INFO - Filling up the DagBag from /opt/airflow/dags/data_pipeline.py
[2025-03-01T15:38:24.709+0000] {logging_mixin.py:190} INFO - [2025-03-01T15:38:24.708+0000] {warnings.py:109} WARNING - /home/airflow/.local/lib/python3.9/site-packages/snowflake/sqlalchemy/base.py:1068: SAWarning: The GenericFunction 'flatten' is already registered and is going to be overridden.
  functions.register_function("flatten", flatten)
[2025-03-01T15:38:25.696+0000] {processor.py:925} INFO - DAG(s) 'data_pipeline' retrieved from /opt/airflow/dags/data_pipeline.py
[2025-03-01T15:38:25.707+0000] {logging_mixin.py:190} INFO - [2025-03-01T15:38:25.707+0000] {dag.py:3239} INFO - Sync 1 DAGs
[2025-03-01T15:38:25.725+0000] {logging_mixin.py:190} INFO - [2025-03-01T15:38:25.725+0000] {dag.py:4180} INFO - Setting next_dagrun for data_pipeline to 2025-03-01 14:00:00+00:00, run_after=2025-03-01 15:00:00+00:00
[2025-03-01T15:38:25.740+0000] {processor.py:208} INFO - Processing /opt/airflow/dags/data_pipeline.py took 2.523 seconds
[2025-03-01T15:38:56.512+0000] {processor.py:186} INFO - Started process (PID=56506) to work on /opt/airflow/dags/data_pipeline.py
[2025-03-01T15:38:56.561+0000] {processor.py:914} INFO - Processing file /opt/airflow/dags/data_pipeline.py for tasks to queue
[2025-03-01T15:38:56.563+0000] {logging_mixin.py:190} INFO - [2025-03-01T15:38:56.563+0000] {dagbag.py:588} INFO - Filling up the DagBag from /opt/airflow/dags/data_pipeline.py
[2025-03-01T15:38:57.945+0000] {logging_mixin.py:190} INFO - [2025-03-01T15:38:57.944+0000] {warnings.py:109} WARNING - /home/airflow/.local/lib/python3.9/site-packages/snowflake/sqlalchemy/base.py:1068: SAWarning: The GenericFunction 'flatten' is already registered and is going to be overridden.
  functions.register_function("flatten", flatten)
[2025-03-01T15:38:58.771+0000] {processor.py:925} INFO - DAG(s) 'data_pipeline' retrieved from /opt/airflow/dags/data_pipeline.py
[2025-03-01T15:38:58.903+0000] {logging_mixin.py:190} INFO - [2025-03-01T15:38:58.903+0000] {dag.py:3239} INFO - Sync 1 DAGs
[2025-03-01T15:38:58.921+0000] {logging_mixin.py:190} INFO - [2025-03-01T15:38:58.921+0000] {dag.py:4180} INFO - Setting next_dagrun for data_pipeline to 2025-03-01 14:00:00+00:00, run_after=2025-03-01 15:00:00+00:00
[2025-03-01T15:38:58.935+0000] {processor.py:208} INFO - Processing /opt/airflow/dags/data_pipeline.py took 2.432 seconds
[2025-03-01T18:39:32.032+0000] {processor.py:186} INFO - Started process (PID=56533) to work on /opt/airflow/dags/data_pipeline.py
[2025-03-01T18:39:32.034+0000] {processor.py:914} INFO - Processing file /opt/airflow/dags/data_pipeline.py for tasks to queue
[2025-03-01T18:39:32.036+0000] {logging_mixin.py:190} INFO - [2025-03-01T18:39:32.035+0000] {dagbag.py:588} INFO - Filling up the DagBag from /opt/airflow/dags/data_pipeline.py
